
RAxML-NG v. 0.5.1 BETA released on 28.11.2017 by The Exelixis Lab.
Authors: Alexey Kozlov, Alexandros Stamatakis, Diego Darriba, Tomas Flouri, Benoit Morel.
Latest version: https://github.com/amkozlov/raxml-ng
Questions/problems/suggestions? Please visit: https://groups.google.com/forum/#!forum/raxml

WARNING: This is a BETA release, please use at your own risk!

RAxML-NG was called as follows:

raxml-ng --all --msa /home/echen_mb18/Project_1/6_Tree/filtered/all_variants_trimal.mfa --model GTR+G4 --tree rand{20} --bs-trees 100 --threads 1 --seed 12345

Analysis options:
  run mode: ML tree search + bootstrapping
  start tree(s): random (20)
  random seed: 12345
  tip-inner: ON
  pattern compression: ON
  per-rate scalers: OFF
  site repeats: OFF
  branch lengths: ML estimate (linked)
  SIMD kernels: AVX2
  parallelization: NONE/sequential

[00:00:00] Reading alignment from file: /home/echen_mb18/Project_1/6_Tree/filtered/all_variants_trimal.mfa
[00:00:00] Loaded alignment with 24 taxa and 395 sites

WARNING: Duplicate sequences found: 1
WARNING: Sequences Patient_13.laxfiltered and Patient_16.laxfiltered are exactly identical!

Alignment comprises 1 partitions and 121 patterns

Partition 0: noname
Model: GTR+FO+G4m
Alignment sites / patterns: 395 / 121
Gaps: 0.00 %
Invariant sites: 13.67 %


[00:00:00] Generating random starting tree(s) with 24 taxa
[00:00:00] Data distribution: partitions/thread: 1-1, patterns/thread: 121-121

Starting ML tree search with 20 distinct starting trees

[00:00:00] ML tree search #1, logLikelihood: -2111.380426
[00:00:01] ML tree search #2, logLikelihood: -2111.380288
[00:00:02] ML tree search #3, logLikelihood: -2111.380135
[00:00:03] ML tree search #4, logLikelihood: -2111.379897
[00:00:04] ML tree search #5, logLikelihood: -2111.380030
[00:00:05] ML tree search #6, logLikelihood: -2111.379688
[00:00:06] ML tree search #7, logLikelihood: -2111.380224
[00:00:06] ML tree search #8, logLikelihood: -2111.380313
[00:00:07] ML tree search #9, logLikelihood: -2111.380599
[00:00:08] ML tree search #10, logLikelihood: -2111.380258
[00:00:09] ML tree search #11, logLikelihood: -2111.379852
[00:00:09] ML tree search #12, logLikelihood: -2111.379784
[00:00:10] ML tree search #13, logLikelihood: -2112.833962
[00:00:10] ML tree search #14, logLikelihood: -2111.379777
[00:00:11] ML tree search #15, logLikelihood: -2111.379909
[00:00:12] ML tree search #16, logLikelihood: -2111.379586
[00:00:13] ML tree search #17, logLikelihood: -2111.379709
[00:00:13] ML tree search #18, logLikelihood: -2111.379709
[00:00:14] ML tree search #19, logLikelihood: -2111.379887
[00:00:15] ML tree search #20, logLikelihood: -2111.379628

[00:00:15] ML tree search completed, best tree logLH: -2111.379586

[00:00:15] Starting bootstrapping analysis with 100 replicates.

[00:00:15] Bootstrap tree #1, logLikelihood: -2133.453951
[00:00:16] Bootstrap tree #2, logLikelihood: -2051.257121
[00:00:16] Bootstrap tree #3, logLikelihood: -2049.466938
[00:00:17] Bootstrap tree #4, logLikelihood: -2056.229587
[00:00:18] Bootstrap tree #5, logLikelihood: -2076.801143
[00:00:18] Bootstrap tree #6, logLikelihood: -2087.136186
[00:00:19] Bootstrap tree #7, logLikelihood: -2059.189592
[00:00:19] Bootstrap tree #8, logLikelihood: -2057.387868
[00:00:20] Bootstrap tree #9, logLikelihood: -2125.298931
[00:00:21] Bootstrap tree #10, logLikelihood: -2103.792455
[00:00:21] Bootstrap tree #11, logLikelihood: -2100.475722
[00:00:22] Bootstrap tree #12, logLikelihood: -2205.301052
[00:00:22] Bootstrap tree #13, logLikelihood: -2090.066753
[00:00:23] Bootstrap tree #14, logLikelihood: -2071.797987
[00:00:24] Bootstrap tree #15, logLikelihood: -2058.691098
[00:00:24] Bootstrap tree #16, logLikelihood: -2077.083171
[00:00:25] Bootstrap tree #17, logLikelihood: -2072.098397
[00:00:26] Bootstrap tree #18, logLikelihood: -2016.080932
[00:00:26] Bootstrap tree #19, logLikelihood: -2070.042570
[00:00:27] Bootstrap tree #20, logLikelihood: -2065.346417
[00:00:28] Bootstrap tree #21, logLikelihood: -2088.859296
[00:00:28] Bootstrap tree #22, logLikelihood: -2126.303826
[00:00:29] Bootstrap tree #23, logLikelihood: -2057.544709
[00:00:29] Bootstrap tree #24, logLikelihood: -2160.894943
[00:00:30] Bootstrap tree #25, logLikelihood: -2100.020828
[00:00:31] Bootstrap tree #26, logLikelihood: -1984.794207
[00:00:31] Bootstrap tree #27, logLikelihood: -2125.221738
[00:00:32] Bootstrap tree #28, logLikelihood: -2068.355102
[00:00:33] Bootstrap tree #29, logLikelihood: -2054.904905
[00:00:33] Bootstrap tree #30, logLikelihood: -2125.228518
[00:00:34] Bootstrap tree #31, logLikelihood: -2164.945950
[00:00:35] Bootstrap tree #32, logLikelihood: -2071.600398
[00:00:35] Bootstrap tree #33, logLikelihood: -2138.435993
[00:00:36] Bootstrap tree #34, logLikelihood: -2083.024514
[00:00:37] Bootstrap tree #35, logLikelihood: -2119.440799
[00:00:37] Bootstrap tree #36, logLikelihood: -2166.241540
[00:00:38] Bootstrap tree #37, logLikelihood: -2075.401665
[00:00:39] Bootstrap tree #38, logLikelihood: -2044.814653
[00:00:39] Bootstrap tree #39, logLikelihood: -2055.098263
[00:00:40] Bootstrap tree #40, logLikelihood: -2117.095306
[00:00:41] Bootstrap tree #41, logLikelihood: -2100.545841
[00:00:42] Bootstrap tree #42, logLikelihood: -2063.403927
[00:00:44] Bootstrap tree #43, logLikelihood: -2088.879763
[00:00:45] Bootstrap tree #44, logLikelihood: -2113.337768
[00:00:46] Bootstrap tree #45, logLikelihood: -2109.776748
[00:00:46] Bootstrap tree #46, logLikelihood: -2085.545665
[00:00:47] Bootstrap tree #47, logLikelihood: -2153.948629
[00:00:47] Bootstrap tree #48, logLikelihood: -2090.175285
[00:00:48] Bootstrap tree #49, logLikelihood: -2018.120595
[00:00:49] Bootstrap tree #50, logLikelihood: -2080.107719
[00:00:50] Bootstrap tree #51, logLikelihood: -2062.630569
[00:00:50] Bootstrap tree #52, logLikelihood: -2099.558201
[00:00:51] Bootstrap tree #53, logLikelihood: -2065.041745
[00:00:51] Bootstrap tree #54, logLikelihood: -2119.939300
[00:00:52] Bootstrap tree #55, logLikelihood: -2071.513823
[00:00:53] Bootstrap tree #56, logLikelihood: -2155.711087
[00:00:53] Bootstrap tree #57, logLikelihood: -2137.133037
[00:00:54] Bootstrap tree #58, logLikelihood: -2071.215886
[00:00:55] Bootstrap tree #59, logLikelihood: -2054.322710
[00:00:55] Bootstrap tree #60, logLikelihood: -2011.235600
[00:00:56] Bootstrap tree #61, logLikelihood: -2094.076032
[00:00:56] Bootstrap tree #62, logLikelihood: -2074.730215
[00:00:57] Bootstrap tree #63, logLikelihood: -2117.594331
[00:00:58] Bootstrap tree #64, logLikelihood: -2050.937070
[00:00:59] Bootstrap tree #65, logLikelihood: -2067.971126
[00:01:00] Bootstrap tree #66, logLikelihood: -2147.075062
[00:01:00] Bootstrap tree #67, logLikelihood: -2064.772203
[00:01:01] Bootstrap tree #68, logLikelihood: -2136.770664
[00:01:02] Bootstrap tree #69, logLikelihood: -2104.073437
[00:01:03] Bootstrap tree #70, logLikelihood: -2109.621584
[00:01:04] Bootstrap tree #71, logLikelihood: -2149.707940
[00:01:04] Bootstrap tree #72, logLikelihood: -2032.013726
[00:01:05] Bootstrap tree #73, logLikelihood: -2109.127854
[00:01:06] Bootstrap tree #74, logLikelihood: -2083.486972
[00:01:06] Bootstrap tree #75, logLikelihood: -2131.492813
[00:01:07] Bootstrap tree #76, logLikelihood: -2203.257707
[00:01:07] Bootstrap tree #77, logLikelihood: -2058.348022
[00:01:08] Bootstrap tree #78, logLikelihood: -2047.070161
[00:01:09] Bootstrap tree #79, logLikelihood: -2037.487563
[00:01:09] Bootstrap tree #80, logLikelihood: -2081.506561
[00:01:10] Bootstrap tree #81, logLikelihood: -2090.823853
[00:01:10] Bootstrap tree #82, logLikelihood: -2115.795126
[00:01:11] Bootstrap tree #83, logLikelihood: -2018.177760
[00:01:11] Bootstrap tree #84, logLikelihood: -2101.399958
[00:01:12] Bootstrap tree #85, logLikelihood: -2136.523248
[00:01:13] Bootstrap tree #86, logLikelihood: -2096.655697
[00:01:13] Bootstrap tree #87, logLikelihood: -2043.025510
[00:01:14] Bootstrap tree #88, logLikelihood: -2205.637930
[00:01:15] Bootstrap tree #89, logLikelihood: -2059.458307
[00:01:16] Bootstrap tree #90, logLikelihood: -2104.155109
[00:01:16] Bootstrap tree #91, logLikelihood: -2112.613709
[00:01:18] Bootstrap tree #92, logLikelihood: -2126.130424
[00:01:20] Bootstrap tree #93, logLikelihood: -2058.685963
[00:01:20] Bootstrap tree #94, logLikelihood: -2054.746718
[00:01:21] Bootstrap tree #95, logLikelihood: -2040.553660
[00:01:22] Bootstrap tree #96, logLikelihood: -2099.002039
[00:01:23] Bootstrap tree #97, logLikelihood: -2160.377829
[00:01:23] Bootstrap tree #98, logLikelihood: -2150.141989
[00:01:24] Bootstrap tree #99, logLikelihood: -2131.192535
[00:01:25] Bootstrap tree #100, logLikelihood: -2095.964803

Optimized model parameters:

   Partition 0: noname
   Rate heterogeneity: GAMMA (4 cats, mean),  alpha: 99.875417 (ML),  weights&rates: (0.250000,0.875830) (0.250000,0.964715) (0.250000,1.029566) (0.250000,1.129889) 
   Base frequencies (ML): 0.218726 0.306446 0.252920 0.221908 
   Substitution rates (ML): 0.784973 2.906109 0.549276 0.324607 3.068845 1.000000 

Final LogLikelihood: -2111.379586

All ML trees saved to: /home/echen_mb18/Project_1/6_Tree/filtered/all_variants_trimal.mfa.raxml.mlTrees
Best ML tree saved to: /home/echen_mb18/Project_1/6_Tree/filtered/all_variants_trimal.mfa.raxml.bestTree
Best ML tree with bootstrap support values saved to: /home/echen_mb18/Project_1/6_Tree/filtered/all_variants_trimal.mfa.raxml.support
Optimized model saved to: /home/echen_mb18/Project_1/6_Tree/filtered/all_variants_trimal.mfa.raxml.bestModel
Bootstrap trees saved to: /home/echen_mb18/Project_1/6_Tree/filtered/all_variants_trimal.mfa.raxml.bootstraps

Execution log saved to: /home/echen_mb18/Project_1/6_Tree/filtered/all_variants_trimal.mfa.raxml.log

Analysis started: 22-Oct-2018 08:16:39 / finished: 22-Oct-2018 08:18:04

Elapsed time: 85.029 seconds

