
RAxML-NG v. 0.5.1 BETA released on 28.11.2017 by The Exelixis Lab.
Authors: Alexey Kozlov, Alexandros Stamatakis, Diego Darriba, Tomas Flouri, Benoit Morel.
Latest version: https://github.com/amkozlov/raxml-ng
Questions/problems/suggestions? Please visit: https://groups.google.com/forum/#!forum/raxml

WARNING: This is a BETA release, please use at your own risk!

RAxML-NG was called as follows:

raxml-ng --all --msa /home/echen_mb18/Project_1/6_Tree/filtered/all_variants_trimal.mfa --model GTR+G4 --tree rand{20} --bs-trees 250 --threads 1 --seed 12345

Analysis options:
  run mode: ML tree search + bootstrapping
  start tree(s): random (20)
  random seed: 12345
  tip-inner: ON
  pattern compression: ON
  per-rate scalers: OFF
  site repeats: OFF
  branch lengths: ML estimate (linked)
  SIMD kernels: AVX2
  parallelization: NONE/sequential

[00:00:00] Reading alignment from file: /home/echen_mb18/Project_1/6_Tree/filtered/all_variants_trimal.mfa
[00:00:00] Loaded alignment with 24 taxa and 425 sites

WARNING: Duplicate sequences found: 1
WARNING: Sequences Patient_13.laxfiltered and Patient_16.laxfiltered are exactly identical!

Alignment comprises 1 partitions and 136 patterns

Partition 0: noname
Model: GTR+FO+G4m
Alignment sites / patterns: 425 / 136
Gaps: 0.16 %
Invariant sites: 15.53 %


[00:00:00] Generating random starting tree(s) with 24 taxa
[00:00:00] Data distribution: partitions/thread: 1-1, patterns/thread: 136-136

Starting ML tree search with 20 distinct starting trees

[00:00:01] ML tree search #1, logLikelihood: -2240.708258
[00:00:04] ML tree search #2, logLikelihood: -2240.708675
[00:00:05] ML tree search #3, logLikelihood: -2240.708396
[00:00:06] ML tree search #4, logLikelihood: -2240.708530
[00:00:08] ML tree search #5, logLikelihood: -2240.710174
[00:00:10] ML tree search #6, logLikelihood: -2240.708253
[00:00:11] ML tree search #7, logLikelihood: -2240.708341
[00:00:13] ML tree search #8, logLikelihood: -2240.708277
[00:00:14] ML tree search #9, logLikelihood: -2240.711722
[00:00:15] ML tree search #10, logLikelihood: -2240.708824
[00:00:16] ML tree search #11, logLikelihood: -2240.708552
[00:00:17] ML tree search #12, logLikelihood: -2240.708275
[00:00:18] ML tree search #13, logLikelihood: -2240.708414
[00:00:18] ML tree search #14, logLikelihood: -2240.708333
[00:00:21] ML tree search #15, logLikelihood: -2240.708266
[00:00:23] ML tree search #16, logLikelihood: -2240.711256
[00:00:23] ML tree search #17, logLikelihood: -2240.708503
[00:00:24] ML tree search #18, logLikelihood: -2240.708227
[00:00:25] ML tree search #19, logLikelihood: -2240.711937
[00:00:26] ML tree search #20, logLikelihood: -2240.708626

[00:00:26] ML tree search completed, best tree logLH: -2240.708227

[00:00:26] Starting bootstrapping analysis with 250 replicates.

[00:00:27] Bootstrap tree #1, logLikelihood: -2205.223868
[00:00:28] Bootstrap tree #2, logLikelihood: -2232.266152
[00:00:29] Bootstrap tree #3, logLikelihood: -2292.707267
[00:00:30] Bootstrap tree #4, logLikelihood: -2286.001892
[00:00:30] Bootstrap tree #5, logLikelihood: -2260.670326
[00:00:31] Bootstrap tree #6, logLikelihood: -2237.707630
[00:00:32] Bootstrap tree #7, logLikelihood: -2236.209879
[00:00:33] Bootstrap tree #8, logLikelihood: -2113.405145
[00:00:34] Bootstrap tree #9, logLikelihood: -2162.522399
[00:00:35] Bootstrap tree #10, logLikelihood: -2112.459311
[00:00:36] Bootstrap tree #11, logLikelihood: -2262.951279
[00:00:38] Bootstrap tree #12, logLikelihood: -2193.420540
[00:00:40] Bootstrap tree #13, logLikelihood: -2198.911664
[00:00:41] Bootstrap tree #14, logLikelihood: -2269.121717
[00:00:42] Bootstrap tree #15, logLikelihood: -2217.679391
[00:00:42] Bootstrap tree #16, logLikelihood: -2240.710043
[00:00:43] Bootstrap tree #17, logLikelihood: -2218.521716
[00:00:44] Bootstrap tree #18, logLikelihood: -2304.720727
[00:00:45] Bootstrap tree #19, logLikelihood: -2277.625854
[00:00:46] Bootstrap tree #20, logLikelihood: -2201.568286
[00:00:47] Bootstrap tree #21, logLikelihood: -2129.248299
[00:00:49] Bootstrap tree #22, logLikelihood: -2286.033945
[00:00:51] Bootstrap tree #23, logLikelihood: -2256.687137
[00:00:52] Bootstrap tree #24, logLikelihood: -2198.516983
[00:00:53] Bootstrap tree #25, logLikelihood: -2209.616493
[00:00:54] Bootstrap tree #26, logLikelihood: -2216.361362
[00:00:55] Bootstrap tree #27, logLikelihood: -2240.710832
[00:00:55] Bootstrap tree #28, logLikelihood: -2259.593579
[00:00:56] Bootstrap tree #29, logLikelihood: -2184.624457
[00:00:58] Bootstrap tree #30, logLikelihood: -2240.909885
[00:00:59] Bootstrap tree #31, logLikelihood: -2270.235840
[00:01:00] Bootstrap tree #32, logLikelihood: -2234.481940
[00:01:01] Bootstrap tree #33, logLikelihood: -2198.246557
[00:01:03] Bootstrap tree #34, logLikelihood: -2193.560762
[00:01:04] Bootstrap tree #35, logLikelihood: -2285.601927
[00:01:05] Bootstrap tree #36, logLikelihood: -2236.818385
[00:01:06] Bootstrap tree #37, logLikelihood: -2201.138112
[00:01:06] Bootstrap tree #38, logLikelihood: -2189.398608
[00:01:07] Bootstrap tree #39, logLikelihood: -2176.540822
[00:01:08] Bootstrap tree #40, logLikelihood: -2243.674480
[00:01:08] Bootstrap tree #41, logLikelihood: -2199.313257
[00:01:09] Bootstrap tree #42, logLikelihood: -2198.916780
[00:01:10] Bootstrap tree #43, logLikelihood: -2230.671777
[00:01:11] Bootstrap tree #44, logLikelihood: -2225.378746
[00:01:12] Bootstrap tree #45, logLikelihood: -2196.238321
[00:01:12] Bootstrap tree #46, logLikelihood: -2197.844761
[00:01:13] Bootstrap tree #47, logLikelihood: -2192.099870
[00:01:14] Bootstrap tree #48, logLikelihood: -2321.935074
[00:01:15] Bootstrap tree #49, logLikelihood: -2153.337669
[00:01:16] Bootstrap tree #50, logLikelihood: -2153.104739
[00:01:17] Bootstrap tree #51, logLikelihood: -2188.831790
[00:01:18] Bootstrap tree #52, logLikelihood: -2226.013100
[00:01:18] Bootstrap tree #53, logLikelihood: -2233.655245
[00:01:19] Bootstrap tree #54, logLikelihood: -2210.095025
[00:01:21] Bootstrap tree #55, logLikelihood: -2241.539432
[00:01:22] Bootstrap tree #56, logLikelihood: -2254.272437
[00:01:22] Bootstrap tree #57, logLikelihood: -2101.379190
[00:01:23] Bootstrap tree #58, logLikelihood: -2202.765317
[00:01:24] Bootstrap tree #59, logLikelihood: -2154.699296
[00:01:25] Bootstrap tree #60, logLikelihood: -2160.905140
[00:01:26] Bootstrap tree #61, logLikelihood: -2154.639784
[00:01:26] Bootstrap tree #62, logLikelihood: -2234.995749
[00:01:27] Bootstrap tree #63, logLikelihood: -2150.027493
[00:01:28] Bootstrap tree #64, logLikelihood: -2242.576642
[00:01:29] Bootstrap tree #65, logLikelihood: -2220.956464
[00:01:30] Bootstrap tree #66, logLikelihood: -2281.039403
[00:01:30] Bootstrap tree #67, logLikelihood: -2245.745750
[00:01:31] Bootstrap tree #68, logLikelihood: -2251.781423
[00:01:32] Bootstrap tree #69, logLikelihood: -2204.631391
[00:01:33] Bootstrap tree #70, logLikelihood: -2212.506782
[00:01:33] Bootstrap tree #71, logLikelihood: -2201.992427
[00:01:34] Bootstrap tree #72, logLikelihood: -2208.404942
[00:01:35] Bootstrap tree #73, logLikelihood: -2151.788697
[00:01:36] Bootstrap tree #74, logLikelihood: -2230.154846
[00:01:36] Bootstrap tree #75, logLikelihood: -2296.389456
[00:01:37] Bootstrap tree #76, logLikelihood: -2239.592693
[00:01:38] Bootstrap tree #77, logLikelihood: -2211.139004
[00:01:38] Bootstrap tree #78, logLikelihood: -2194.634065
[00:01:40] Bootstrap tree #79, logLikelihood: -2257.549783
[00:01:40] Bootstrap tree #80, logLikelihood: -2267.676439
[00:01:41] Bootstrap tree #81, logLikelihood: -2231.185661
[00:01:42] Bootstrap tree #82, logLikelihood: -2254.122474
[00:01:42] Bootstrap tree #83, logLikelihood: -2247.311976
[00:01:43] Bootstrap tree #84, logLikelihood: -2190.955886
[00:01:44] Bootstrap tree #85, logLikelihood: -2208.175729
[00:01:46] Bootstrap tree #86, logLikelihood: -2201.945840
[00:01:46] Bootstrap tree #87, logLikelihood: -2308.955747
[00:01:47] Bootstrap tree #88, logLikelihood: -2196.400907
[00:01:48] Bootstrap tree #89, logLikelihood: -2239.744979
[00:01:49] Bootstrap tree #90, logLikelihood: -2233.498428
[00:01:51] Bootstrap tree #91, logLikelihood: -2235.038876
[00:01:52] Bootstrap tree #92, logLikelihood: -2319.091129
[00:01:53] Bootstrap tree #93, logLikelihood: -2223.184309
[00:01:53] Bootstrap tree #94, logLikelihood: -2224.318795
[00:01:54] Bootstrap tree #95, logLikelihood: -2186.956740
[00:01:55] Bootstrap tree #96, logLikelihood: -2177.272618
[00:01:55] Bootstrap tree #97, logLikelihood: -2266.094554
[00:01:56] Bootstrap tree #98, logLikelihood: -2178.229101
[00:01:57] Bootstrap tree #99, logLikelihood: -2176.441703
[00:01:58] Bootstrap tree #100, logLikelihood: -2196.583184
[00:01:59] Bootstrap tree #101, logLikelihood: -2156.279937
[00:02:00] Bootstrap tree #102, logLikelihood: -2208.211979
[00:02:00] Bootstrap tree #103, logLikelihood: -2150.013384
[00:02:01] Bootstrap tree #104, logLikelihood: -2257.296673
[00:02:02] Bootstrap tree #105, logLikelihood: -2170.782215
[00:02:03] Bootstrap tree #106, logLikelihood: -2196.552526
[00:02:04] Bootstrap tree #107, logLikelihood: -2152.120866
[00:02:05] Bootstrap tree #108, logLikelihood: -2206.593936
[00:02:06] Bootstrap tree #109, logLikelihood: -2292.360201
[00:02:06] Bootstrap tree #110, logLikelihood: -2169.473132
[00:02:07] Bootstrap tree #111, logLikelihood: -2168.219570
[00:02:08] Bootstrap tree #112, logLikelihood: -2169.566653
[00:02:08] Bootstrap tree #113, logLikelihood: -2162.819909
[00:02:09] Bootstrap tree #114, logLikelihood: -2188.147063
[00:02:10] Bootstrap tree #115, logLikelihood: -2132.594612
[00:02:11] Bootstrap tree #116, logLikelihood: -2137.605519
[00:02:11] Bootstrap tree #117, logLikelihood: -2224.740848
[00:02:12] Bootstrap tree #118, logLikelihood: -2272.355954
[00:02:13] Bootstrap tree #119, logLikelihood: -2197.525795
[00:02:14] Bootstrap tree #120, logLikelihood: -2158.263492
[00:02:15] Bootstrap tree #121, logLikelihood: -2182.866079
[00:02:17] Bootstrap tree #122, logLikelihood: -2255.941359
[00:02:17] Bootstrap tree #123, logLikelihood: -2166.514871
[00:02:18] Bootstrap tree #124, logLikelihood: -2232.541842
[00:02:19] Bootstrap tree #125, logLikelihood: -2244.543753
[00:02:20] Bootstrap tree #126, logLikelihood: -2315.790046
[00:02:21] Bootstrap tree #127, logLikelihood: -2204.014935
[00:02:22] Bootstrap tree #128, logLikelihood: -2215.998959
[00:02:23] Bootstrap tree #129, logLikelihood: -2243.893587
[00:02:23] Bootstrap tree #130, logLikelihood: -2158.617338
[00:02:24] Bootstrap tree #131, logLikelihood: -2211.395216
[00:02:25] Bootstrap tree #132, logLikelihood: -2237.713366
[00:02:26] Bootstrap tree #133, logLikelihood: -2250.772781
[00:02:26] Bootstrap tree #134, logLikelihood: -2085.619177
[00:02:27] Bootstrap tree #135, logLikelihood: -2164.668128
[00:02:28] Bootstrap tree #136, logLikelihood: -2201.356654
[00:02:29] Bootstrap tree #137, logLikelihood: -2193.342384
[00:02:29] Bootstrap tree #138, logLikelihood: -2237.189570
[00:02:30] Bootstrap tree #139, logLikelihood: -2192.329301
[00:02:31] Bootstrap tree #140, logLikelihood: -2267.326621
[00:02:32] Bootstrap tree #141, logLikelihood: -2247.227485
[00:02:33] Bootstrap tree #142, logLikelihood: -2220.334206
[00:02:34] Bootstrap tree #143, logLikelihood: -2179.688903
[00:02:35] Bootstrap tree #144, logLikelihood: -2289.916757
[00:02:36] Bootstrap tree #145, logLikelihood: -2136.138046
[00:02:37] Bootstrap tree #146, logLikelihood: -2213.571882
[00:02:38] Bootstrap tree #147, logLikelihood: -2236.732141
[00:02:40] Bootstrap tree #148, logLikelihood: -2278.229745
[00:02:41] Bootstrap tree #149, logLikelihood: -2161.575717
[00:02:42] Bootstrap tree #150, logLikelihood: -2245.313182
[00:02:43] Bootstrap tree #151, logLikelihood: -2222.954793
[00:02:43] Bootstrap tree #152, logLikelihood: -2162.985527
[00:02:45] Bootstrap tree #153, logLikelihood: -2211.265174
[00:02:46] Bootstrap tree #154, logLikelihood: -2243.725026
[00:02:47] Bootstrap tree #155, logLikelihood: -2232.442143
[00:02:48] Bootstrap tree #156, logLikelihood: -2300.640064
[00:02:49] Bootstrap tree #157, logLikelihood: -2259.353939
[00:02:50] Bootstrap tree #158, logLikelihood: -2190.450591
[00:02:50] Bootstrap tree #159, logLikelihood: -2183.586438
[00:02:51] Bootstrap tree #160, logLikelihood: -2228.317092
[00:02:52] Bootstrap tree #161, logLikelihood: -2225.777138
[00:02:53] Bootstrap tree #162, logLikelihood: -2161.630142
[00:02:54] Bootstrap tree #163, logLikelihood: -2216.357226
[00:02:54] Bootstrap tree #164, logLikelihood: -2149.650263
[00:02:55] Bootstrap tree #165, logLikelihood: -2212.613360
[00:02:56] Bootstrap tree #166, logLikelihood: -2210.922208
[00:02:57] Bootstrap tree #167, logLikelihood: -2167.797780
[00:02:58] Bootstrap tree #168, logLikelihood: -2294.347965
[00:02:58] Bootstrap tree #169, logLikelihood: -2270.602783
[00:02:59] Bootstrap tree #170, logLikelihood: -2191.853566
[00:03:00] Bootstrap tree #171, logLikelihood: -2139.439312
[00:03:01] Bootstrap tree #172, logLikelihood: -2257.195999
[00:03:01] Bootstrap tree #173, logLikelihood: -2258.684431
[00:03:02] Bootstrap tree #174, logLikelihood: -2304.571468
[00:03:03] Bootstrap tree #175, logLikelihood: -2231.349503
[00:03:04] Bootstrap tree #176, logLikelihood: -2283.342038
[00:03:05] Bootstrap tree #177, logLikelihood: -2157.331481
[00:03:06] Bootstrap tree #178, logLikelihood: -2182.635821
[00:03:06] Bootstrap tree #179, logLikelihood: -2236.351962
[00:03:07] Bootstrap tree #180, logLikelihood: -2224.871561
[00:03:08] Bootstrap tree #181, logLikelihood: -2187.529947
[00:03:09] Bootstrap tree #182, logLikelihood: -2278.829841
[00:03:10] Bootstrap tree #183, logLikelihood: -2222.878704
[00:03:11] Bootstrap tree #184, logLikelihood: -2191.447497
[00:03:11] Bootstrap tree #185, logLikelihood: -2255.295730
[00:03:12] Bootstrap tree #186, logLikelihood: -2201.674655
[00:03:13] Bootstrap tree #187, logLikelihood: -2196.039953
[00:03:14] Bootstrap tree #188, logLikelihood: -2198.610566
[00:03:15] Bootstrap tree #189, logLikelihood: -2139.406251
[00:03:16] Bootstrap tree #190, logLikelihood: -2221.160552
[00:03:17] Bootstrap tree #191, logLikelihood: -2223.060200
[00:03:18] Bootstrap tree #192, logLikelihood: -2184.379118
[00:03:19] Bootstrap tree #193, logLikelihood: -2173.940012
[00:03:20] Bootstrap tree #194, logLikelihood: -2189.422911
[00:03:21] Bootstrap tree #195, logLikelihood: -2233.549937
[00:03:21] Bootstrap tree #196, logLikelihood: -2264.358655
[00:03:22] Bootstrap tree #197, logLikelihood: -2207.190265
[00:03:23] Bootstrap tree #198, logLikelihood: -2161.076686
[00:03:24] Bootstrap tree #199, logLikelihood: -2179.989517
[00:03:25] Bootstrap tree #200, logLikelihood: -2180.285118
[00:03:26] Bootstrap tree #201, logLikelihood: -2345.541541
[00:03:27] Bootstrap tree #202, logLikelihood: -2212.936448
[00:03:29] Bootstrap tree #203, logLikelihood: -2222.111479
[00:03:30] Bootstrap tree #204, logLikelihood: -2241.906159
[00:03:31] Bootstrap tree #205, logLikelihood: -2227.300359
[00:03:33] Bootstrap tree #206, logLikelihood: -2243.152605
[00:03:35] Bootstrap tree #207, logLikelihood: -2201.496899
[00:03:37] Bootstrap tree #208, logLikelihood: -2220.697172
[00:03:38] Bootstrap tree #209, logLikelihood: -2238.771132
[00:03:40] Bootstrap tree #210, logLikelihood: -2176.638122
[00:03:41] Bootstrap tree #211, logLikelihood: -2247.408065
[00:03:42] Bootstrap tree #212, logLikelihood: -2308.776855
[00:03:44] Bootstrap tree #213, logLikelihood: -2239.893412
[00:03:45] Bootstrap tree #214, logLikelihood: -2148.497109
[00:03:46] Bootstrap tree #215, logLikelihood: -2260.569256
[00:03:47] Bootstrap tree #216, logLikelihood: -2262.255044
[00:03:49] Bootstrap tree #217, logLikelihood: -2151.139749
[00:03:50] Bootstrap tree #218, logLikelihood: -2227.745941
[00:03:51] Bootstrap tree #219, logLikelihood: -2189.445732
[00:03:52] Bootstrap tree #220, logLikelihood: -2166.202147
[00:03:53] Bootstrap tree #221, logLikelihood: -2184.671790
[00:03:55] Bootstrap tree #222, logLikelihood: -2213.619629
[00:03:56] Bootstrap tree #223, logLikelihood: -2255.325184
[00:03:57] Bootstrap tree #224, logLikelihood: -2213.336245
[00:03:58] Bootstrap tree #225, logLikelihood: -2224.114160
[00:03:59] Bootstrap tree #226, logLikelihood: -2324.460136
[00:04:00] Bootstrap tree #227, logLikelihood: -2152.537317
[00:04:00] Bootstrap tree #228, logLikelihood: -2206.154932
[00:04:01] Bootstrap tree #229, logLikelihood: -2270.973873
[00:04:02] Bootstrap tree #230, logLikelihood: -2242.644624
[00:04:03] Bootstrap tree #231, logLikelihood: -2176.405063
[00:04:04] Bootstrap tree #232, logLikelihood: -2260.070129
[00:04:05] Bootstrap tree #233, logLikelihood: -2192.080910
[00:04:06] Bootstrap tree #234, logLikelihood: -2143.755744
[00:04:07] Bootstrap tree #235, logLikelihood: -2206.275484
[00:04:07] Bootstrap tree #236, logLikelihood: -2206.114120
[00:04:08] Bootstrap tree #237, logLikelihood: -2210.824742
[00:04:09] Bootstrap tree #238, logLikelihood: -2213.665267
[00:04:10] Bootstrap tree #239, logLikelihood: -2201.654964
[00:04:11] Bootstrap tree #240, logLikelihood: -2235.870463
[00:04:12] Bootstrap tree #241, logLikelihood: -2255.497759
[00:04:13] Bootstrap tree #242, logLikelihood: -2258.542704
[00:04:14] Bootstrap tree #243, logLikelihood: -2209.803553
[00:04:15] Bootstrap tree #244, logLikelihood: -2190.969050
[00:04:16] Bootstrap tree #245, logLikelihood: -2164.958344
[00:04:18] Bootstrap tree #246, logLikelihood: -2214.732847
[00:04:18] Bootstrap tree #247, logLikelihood: -2199.029369
[00:04:19] Bootstrap tree #248, logLikelihood: -2201.925791
[00:04:20] Bootstrap tree #249, logLikelihood: -2200.832322
[00:04:21] Bootstrap tree #250, logLikelihood: -2239.949943

Optimized model parameters:

   Partition 0: noname
   Rate heterogeneity: GAMMA (4 cats, mean),  alpha: 99.886057 (ML),  weights&rates: (0.250000,0.875837) (0.250000,0.964717) (0.250000,1.029564) (0.250000,1.129882) 
   Base frequencies (ML): 0.224131 0.263702 0.293410 0.218758 
   Substitution rates (ML): 0.669891 2.575589 0.540899 0.461841 3.245126 1.000000 

Final LogLikelihood: -2240.708227

All ML trees saved to: /home/echen_mb18/Project_1/6_Tree/filtered/all_variants_trimal.mfa.raxml.mlTrees
Best ML tree saved to: /home/echen_mb18/Project_1/6_Tree/filtered/all_variants_trimal.mfa.raxml.bestTree
Best ML tree with bootstrap support values saved to: /home/echen_mb18/Project_1/6_Tree/filtered/all_variants_trimal.mfa.raxml.support
Optimized model saved to: /home/echen_mb18/Project_1/6_Tree/filtered/all_variants_trimal.mfa.raxml.bestModel
Bootstrap trees saved to: /home/echen_mb18/Project_1/6_Tree/filtered/all_variants_trimal.mfa.raxml.bootstraps

Execution log saved to: /home/echen_mb18/Project_1/6_Tree/filtered/all_variants_trimal.mfa.raxml.log

Analysis started: 24-Oct-2018 01:56:26 / finished: 24-Oct-2018 02:00:48

Elapsed time: 261.273 seconds

