
RAxML-NG v. 0.5.1 BETA released on 28.11.2017 by The Exelixis Lab.
Authors: Alexey Kozlov, Alexandros Stamatakis, Diego Darriba, Tomas Flouri, Benoit Morel.
Latest version: https://github.com/amkozlov/raxml-ng
Questions/problems/suggestions? Please visit: https://groups.google.com/forum/#!forum/raxml

WARNING: This is a BETA release, please use at your own risk!

RAxML-NG was called as follows:

raxml-ng --all --msa /home/echen_mb18/Project_1/6_Tree/filtered/all_variants_trimal.mfa --model GTR+G4 --tree rand{20} --bs-trees 100 --threads 1 --seed 12345

Analysis options:
  run mode: ML tree search + bootstrapping
  start tree(s): random (20)
  random seed: 12345
  tip-inner: ON
  pattern compression: ON
  per-rate scalers: OFF
  site repeats: OFF
  branch lengths: ML estimate (linked)
  SIMD kernels: AVX2
  parallelization: NONE/sequential

[00:00:00] Reading alignment from file: /home/echen_mb18/Project_1/6_Tree/filtered/all_variants_trimal.mfa
[00:00:00] Loaded alignment with 24 taxa and 425 sites

WARNING: Duplicate sequences found: 1
WARNING: Sequences Patient_13.laxfiltered and Patient_16.laxfiltered are exactly identical!

Alignment comprises 1 partitions and 136 patterns

Partition 0: noname
Model: GTR+FO+G4m
Alignment sites / patterns: 425 / 136
Gaps: 0.16 %
Invariant sites: 15.53 %


[00:00:00] Generating random starting tree(s) with 24 taxa
[00:00:00] Data distribution: partitions/thread: 1-1, patterns/thread: 136-136

Starting ML tree search with 20 distinct starting trees

[00:00:03] ML tree search #1, logLikelihood: -2240.708258
[00:00:04] ML tree search #2, logLikelihood: -2240.708675
[00:00:06] ML tree search #3, logLikelihood: -2240.708396
[00:00:07] ML tree search #4, logLikelihood: -2240.708530
[00:00:09] ML tree search #5, logLikelihood: -2240.710174
[00:00:10] ML tree search #6, logLikelihood: -2240.708253
[00:00:11] ML tree search #7, logLikelihood: -2240.708341
[00:00:17] ML tree search #8, logLikelihood: -2240.708277
[00:00:19] ML tree search #9, logLikelihood: -2240.711722
[00:00:20] ML tree search #10, logLikelihood: -2240.708824
[00:00:21] ML tree search #11, logLikelihood: -2240.708552
[00:00:22] ML tree search #12, logLikelihood: -2240.708275
[00:00:23] ML tree search #13, logLikelihood: -2240.708414
[00:00:23] ML tree search #14, logLikelihood: -2240.708333
[00:00:24] ML tree search #15, logLikelihood: -2240.708266
[00:00:28] ML tree search #16, logLikelihood: -2240.711256
[00:00:29] ML tree search #17, logLikelihood: -2240.708503
[00:00:30] ML tree search #18, logLikelihood: -2240.708227
[00:00:31] ML tree search #19, logLikelihood: -2240.711937
[00:00:33] ML tree search #20, logLikelihood: -2240.708626

[00:00:33] ML tree search completed, best tree logLH: -2240.708227

[00:00:33] Starting bootstrapping analysis with 100 replicates.

[00:00:34] Bootstrap tree #1, logLikelihood: -2205.223868
[00:00:35] Bootstrap tree #2, logLikelihood: -2232.266152
[00:00:37] Bootstrap tree #3, logLikelihood: -2292.707267
[00:00:38] Bootstrap tree #4, logLikelihood: -2286.001892
[00:00:38] Bootstrap tree #5, logLikelihood: -2260.670326
[00:00:39] Bootstrap tree #6, logLikelihood: -2237.707630
[00:00:40] Bootstrap tree #7, logLikelihood: -2236.209879
[00:00:41] Bootstrap tree #8, logLikelihood: -2113.405145
[00:00:43] Bootstrap tree #9, logLikelihood: -2162.522399
[00:00:44] Bootstrap tree #10, logLikelihood: -2112.459311
[00:00:45] Bootstrap tree #11, logLikelihood: -2262.951279
[00:00:46] Bootstrap tree #12, logLikelihood: -2193.420540
[00:00:49] Bootstrap tree #13, logLikelihood: -2198.911664
[00:00:50] Bootstrap tree #14, logLikelihood: -2269.121717
[00:00:50] Bootstrap tree #15, logLikelihood: -2217.679391
[00:00:51] Bootstrap tree #16, logLikelihood: -2240.710043
[00:00:52] Bootstrap tree #17, logLikelihood: -2218.521716
[00:00:54] Bootstrap tree #18, logLikelihood: -2304.720727
[00:00:55] Bootstrap tree #19, logLikelihood: -2277.625854
[00:00:56] Bootstrap tree #20, logLikelihood: -2201.568286
[00:00:57] Bootstrap tree #21, logLikelihood: -2129.248299
[00:00:58] Bootstrap tree #22, logLikelihood: -2286.033945
[00:00:59] Bootstrap tree #23, logLikelihood: -2256.687137
[00:01:00] Bootstrap tree #24, logLikelihood: -2198.516983
[00:01:01] Bootstrap tree #25, logLikelihood: -2209.616493
[00:01:02] Bootstrap tree #26, logLikelihood: -2216.361362
[00:01:03] Bootstrap tree #27, logLikelihood: -2240.710832
[00:01:03] Bootstrap tree #28, logLikelihood: -2259.593579
[00:01:05] Bootstrap tree #29, logLikelihood: -2184.624457
[00:01:06] Bootstrap tree #30, logLikelihood: -2240.909885
[00:01:08] Bootstrap tree #31, logLikelihood: -2270.235840
[00:01:08] Bootstrap tree #32, logLikelihood: -2234.481940
[00:01:09] Bootstrap tree #33, logLikelihood: -2198.246557
[00:01:11] Bootstrap tree #34, logLikelihood: -2193.560762
[00:01:13] Bootstrap tree #35, logLikelihood: -2285.601927
[00:01:14] Bootstrap tree #36, logLikelihood: -2236.818385
[00:01:14] Bootstrap tree #37, logLikelihood: -2201.138112
[00:01:15] Bootstrap tree #38, logLikelihood: -2189.398608
[00:01:16] Bootstrap tree #39, logLikelihood: -2176.540822
[00:01:18] Bootstrap tree #40, logLikelihood: -2243.674480
[00:01:19] Bootstrap tree #41, logLikelihood: -2199.313257
[00:01:20] Bootstrap tree #42, logLikelihood: -2198.916780
[00:01:20] Bootstrap tree #43, logLikelihood: -2230.671777
[00:01:21] Bootstrap tree #44, logLikelihood: -2225.378746
[00:01:22] Bootstrap tree #45, logLikelihood: -2196.238321
[00:01:23] Bootstrap tree #46, logLikelihood: -2197.844761
[00:01:24] Bootstrap tree #47, logLikelihood: -2192.099870
[00:01:25] Bootstrap tree #48, logLikelihood: -2321.935074
[00:01:26] Bootstrap tree #49, logLikelihood: -2153.337669
[00:01:27] Bootstrap tree #50, logLikelihood: -2153.104739
[00:01:29] Bootstrap tree #51, logLikelihood: -2188.831790
[00:01:30] Bootstrap tree #52, logLikelihood: -2226.013100
[00:01:30] Bootstrap tree #53, logLikelihood: -2233.655245
[00:01:31] Bootstrap tree #54, logLikelihood: -2210.095025
[00:01:32] Bootstrap tree #55, logLikelihood: -2241.539432
[00:01:33] Bootstrap tree #56, logLikelihood: -2254.272437
[00:01:34] Bootstrap tree #57, logLikelihood: -2101.379190
[00:01:35] Bootstrap tree #58, logLikelihood: -2202.765317
[00:01:36] Bootstrap tree #59, logLikelihood: -2154.699296
[00:01:37] Bootstrap tree #60, logLikelihood: -2160.905140
[00:01:38] Bootstrap tree #61, logLikelihood: -2154.639784
[00:01:38] Bootstrap tree #62, logLikelihood: -2234.995749
[00:01:39] Bootstrap tree #63, logLikelihood: -2150.027493
[00:01:40] Bootstrap tree #64, logLikelihood: -2242.576642
[00:01:41] Bootstrap tree #65, logLikelihood: -2220.956464
[00:01:43] Bootstrap tree #66, logLikelihood: -2281.039403
[00:01:44] Bootstrap tree #67, logLikelihood: -2245.745750
[00:01:45] Bootstrap tree #68, logLikelihood: -2251.781423
[00:01:46] Bootstrap tree #69, logLikelihood: -2204.631391
[00:01:47] Bootstrap tree #70, logLikelihood: -2212.506782
[00:01:48] Bootstrap tree #71, logLikelihood: -2201.992427
[00:01:50] Bootstrap tree #72, logLikelihood: -2208.404942
[00:01:51] Bootstrap tree #73, logLikelihood: -2151.788697
[00:01:52] Bootstrap tree #74, logLikelihood: -2230.154846
[00:01:53] Bootstrap tree #75, logLikelihood: -2296.389456
[00:01:54] Bootstrap tree #76, logLikelihood: -2239.592693
[00:01:54] Bootstrap tree #77, logLikelihood: -2211.139004
[00:01:55] Bootstrap tree #78, logLikelihood: -2194.634065
[00:01:57] Bootstrap tree #79, logLikelihood: -2257.549783
[00:01:58] Bootstrap tree #80, logLikelihood: -2267.676439
[00:01:59] Bootstrap tree #81, logLikelihood: -2231.185661
[00:02:01] Bootstrap tree #82, logLikelihood: -2254.122474
[00:02:03] Bootstrap tree #83, logLikelihood: -2247.311976
[00:02:05] Bootstrap tree #84, logLikelihood: -2190.955886
[00:02:07] Bootstrap tree #85, logLikelihood: -2208.175729
[00:02:08] Bootstrap tree #86, logLikelihood: -2201.945840
[00:02:09] Bootstrap tree #87, logLikelihood: -2308.955747
[00:02:10] Bootstrap tree #88, logLikelihood: -2196.400907
[00:02:11] Bootstrap tree #89, logLikelihood: -2239.744979
[00:02:13] Bootstrap tree #90, logLikelihood: -2233.498428
[00:02:13] Bootstrap tree #91, logLikelihood: -2235.038876
[00:02:15] Bootstrap tree #92, logLikelihood: -2319.091129
[00:02:16] Bootstrap tree #93, logLikelihood: -2223.184309
[00:02:17] Bootstrap tree #94, logLikelihood: -2224.318795
[00:02:18] Bootstrap tree #95, logLikelihood: -2186.956740
[00:02:19] Bootstrap tree #96, logLikelihood: -2177.272618
[00:02:20] Bootstrap tree #97, logLikelihood: -2266.094554
[00:02:21] Bootstrap tree #98, logLikelihood: -2178.229101
[00:02:22] Bootstrap tree #99, logLikelihood: -2176.441703
[00:02:24] Bootstrap tree #100, logLikelihood: -2196.583184

Optimized model parameters:

   Partition 0: noname
   Rate heterogeneity: GAMMA (4 cats, mean),  alpha: 99.898924 (ML),  weights&rates: (0.250000,0.875845) (0.250000,0.964720) (0.250000,1.029563) (0.250000,1.129873) 
   Base frequencies (ML): 0.241482 0.272785 0.311785 0.173948 
   Substitution rates (ML): 0.493078 1.635679 0.511224 0.244355 2.491186 1.000000 

Final LogLikelihood: -2240.708227

All ML trees saved to: /home/echen_mb18/Project_1/6_Tree/filtered/all_variants_trimal.mfa.raxml.mlTrees
Best ML tree saved to: /home/echen_mb18/Project_1/6_Tree/filtered/all_variants_trimal.mfa.raxml.bestTree
Best ML tree with bootstrap support values saved to: /home/echen_mb18/Project_1/6_Tree/filtered/all_variants_trimal.mfa.raxml.support
Optimized model saved to: /home/echen_mb18/Project_1/6_Tree/filtered/all_variants_trimal.mfa.raxml.bestModel
Bootstrap trees saved to: /home/echen_mb18/Project_1/6_Tree/filtered/all_variants_trimal.mfa.raxml.bootstraps

Execution log saved to: /home/echen_mb18/Project_1/6_Tree/filtered/all_variants_trimal.mfa.raxml.log

Analysis started: 24-Oct-2018 00:04:12 / finished: 24-Oct-2018 00:06:36

Elapsed time: 144.129 seconds

