
RAxML-NG v. 0.5.1 BETA released on 28.11.2017 by The Exelixis Lab.
Authors: Alexey Kozlov, Alexandros Stamatakis, Diego Darriba, Tomas Flouri, Benoit Morel.
Latest version: https://github.com/amkozlov/raxml-ng
Questions/problems/suggestions? Please visit: https://groups.google.com/forum/#!forum/raxml

WARNING: This is a BETA release, please use at your own risk!

RAxML-NG was called as follows:

raxml-ng --all --msa /home/echen_mb18/Project_1/6_Tree/JC+G2/filtered/all_variants_trimal.mfa --model JC+G2 --tree rand{20} --bs-trees 250 --threads 1 --seed 12345

Analysis options:
  run mode: ML tree search + bootstrapping
  start tree(s): random (20)
  random seed: 12345
  tip-inner: ON
  pattern compression: ON
  per-rate scalers: OFF
  site repeats: OFF
  branch lengths: ML estimate (linked)
  SIMD kernels: AVX2
  parallelization: NONE/sequential

[00:00:00] Reading alignment from file: /home/echen_mb18/Project_1/6_Tree/JC+G2/filtered/all_variants_trimal.mfa
[00:00:00] Loaded alignment with 24 taxa and 425 sites

WARNING: Duplicate sequences found: 1
WARNING: Sequences Patient_13.laxfiltered and Patient_16.laxfiltered are exactly identical!

Alignment comprises 1 partitions and 136 patterns

Partition 0: noname
Model: JC+G2m
Alignment sites / patterns: 425 / 136
Gaps: 0.16 %
Invariant sites: 15.53 %


[00:00:00] Generating random starting tree(s) with 24 taxa
[00:00:00] Data distribution: partitions/thread: 1-1, patterns/thread: 136-136

Starting ML tree search with 20 distinct starting trees

[00:00:00] ML tree search #1, logLikelihood: -2349.746539
[00:00:00] ML tree search #2, logLikelihood: -2349.746533
[00:00:01] ML tree search #3, logLikelihood: -2349.746560
[00:00:01] ML tree search #4, logLikelihood: -2349.746505
[00:00:02] ML tree search #5, logLikelihood: -2349.746313
[00:00:02] ML tree search #6, logLikelihood: -2349.746499
[00:00:02] ML tree search #7, logLikelihood: -2349.746524
[00:00:03] ML tree search #8, logLikelihood: -2349.746507
[00:00:03] ML tree search #9, logLikelihood: -2349.746484
[00:00:04] ML tree search #10, logLikelihood: -2349.746466
[00:00:04] ML tree search #11, logLikelihood: -2349.746494
[00:00:05] ML tree search #12, logLikelihood: -2349.746559
[00:00:05] ML tree search #13, logLikelihood: -2349.746779
[00:00:06] ML tree search #14, logLikelihood: -2349.746551
[00:00:06] ML tree search #15, logLikelihood: -2349.746531
[00:00:06] ML tree search #16, logLikelihood: -2349.746377
[00:00:07] ML tree search #17, logLikelihood: -2349.746458
[00:00:07] ML tree search #18, logLikelihood: -2349.746514
[00:00:08] ML tree search #19, logLikelihood: -2349.746962
[00:00:08] ML tree search #20, logLikelihood: -2349.746530

[00:00:08] ML tree search completed, best tree logLH: -2349.746313

[00:00:08] Starting bootstrapping analysis with 250 replicates.

[00:00:09] Bootstrap tree #1, logLikelihood: -2330.073071
[00:00:09] Bootstrap tree #2, logLikelihood: -2350.775681
[00:00:09] Bootstrap tree #3, logLikelihood: -2391.838697
[00:00:10] Bootstrap tree #4, logLikelihood: -2392.853921
[00:00:10] Bootstrap tree #5, logLikelihood: -2368.720300
[00:00:10] Bootstrap tree #6, logLikelihood: -2347.741500
[00:00:11] Bootstrap tree #7, logLikelihood: -2343.165300
[00:00:11] Bootstrap tree #8, logLikelihood: -2228.908724
[00:00:11] Bootstrap tree #9, logLikelihood: -2265.543335
[00:00:12] Bootstrap tree #10, logLikelihood: -2195.299114
[00:00:12] Bootstrap tree #11, logLikelihood: -2361.981021
[00:00:12] Bootstrap tree #12, logLikelihood: -2322.299842
[00:00:13] Bootstrap tree #13, logLikelihood: -2308.204799
[00:00:13] Bootstrap tree #14, logLikelihood: -2372.914657
[00:00:14] Bootstrap tree #15, logLikelihood: -2343.283207
[00:00:14] Bootstrap tree #16, logLikelihood: -2349.079027
[00:00:14] Bootstrap tree #17, logLikelihood: -2315.638734
[00:00:15] Bootstrap tree #18, logLikelihood: -2398.889711
[00:00:15] Bootstrap tree #19, logLikelihood: -2395.063990
[00:00:15] Bootstrap tree #20, logLikelihood: -2297.707067
[00:00:16] Bootstrap tree #21, logLikelihood: -2248.482046
[00:00:16] Bootstrap tree #22, logLikelihood: -2378.542328
[00:00:17] Bootstrap tree #23, logLikelihood: -2372.741955
[00:00:17] Bootstrap tree #24, logLikelihood: -2300.693601
[00:00:17] Bootstrap tree #25, logLikelihood: -2347.835397
[00:00:18] Bootstrap tree #26, logLikelihood: -2319.290298
[00:00:18] Bootstrap tree #27, logLikelihood: -2359.893771
[00:00:19] Bootstrap tree #28, logLikelihood: -2363.952364
[00:00:19] Bootstrap tree #29, logLikelihood: -2309.903520
[00:00:19] Bootstrap tree #30, logLikelihood: -2345.842482
[00:00:20] Bootstrap tree #31, logLikelihood: -2392.897025
[00:00:20] Bootstrap tree #32, logLikelihood: -2360.154061
[00:00:20] Bootstrap tree #33, logLikelihood: -2286.772674
[00:00:21] Bootstrap tree #34, logLikelihood: -2285.803987
[00:00:21] Bootstrap tree #35, logLikelihood: -2405.177053
[00:00:21] Bootstrap tree #36, logLikelihood: -2331.449069
[00:00:22] Bootstrap tree #37, logLikelihood: -2320.897718
[00:00:22] Bootstrap tree #38, logLikelihood: -2318.222512
[00:00:23] Bootstrap tree #39, logLikelihood: -2292.705607
[00:00:23] Bootstrap tree #40, logLikelihood: -2342.529104
[00:00:23] Bootstrap tree #41, logLikelihood: -2312.676267
[00:00:24] Bootstrap tree #42, logLikelihood: -2311.530165
[00:00:24] Bootstrap tree #43, logLikelihood: -2360.050148
[00:00:25] Bootstrap tree #44, logLikelihood: -2348.773879
[00:00:25] Bootstrap tree #45, logLikelihood: -2331.387747
[00:00:25] Bootstrap tree #46, logLikelihood: -2297.510629
[00:00:26] Bootstrap tree #47, logLikelihood: -2303.711372
[00:00:26] Bootstrap tree #48, logLikelihood: -2415.560911
[00:00:26] Bootstrap tree #49, logLikelihood: -2262.642950
[00:00:27] Bootstrap tree #50, logLikelihood: -2278.952976
[00:00:27] Bootstrap tree #51, logLikelihood: -2313.635701
[00:00:27] Bootstrap tree #52, logLikelihood: -2321.265334
[00:00:28] Bootstrap tree #53, logLikelihood: -2331.686887
[00:00:28] Bootstrap tree #54, logLikelihood: -2316.901030
[00:00:29] Bootstrap tree #55, logLikelihood: -2356.722800
[00:00:29] Bootstrap tree #56, logLikelihood: -2363.997984
[00:00:29] Bootstrap tree #57, logLikelihood: -2223.603569
[00:00:30] Bootstrap tree #58, logLikelihood: -2327.929471
[00:00:30] Bootstrap tree #59, logLikelihood: -2273.492030
[00:00:30] Bootstrap tree #60, logLikelihood: -2256.613974
[00:00:31] Bootstrap tree #61, logLikelihood: -2251.156846
[00:00:31] Bootstrap tree #62, logLikelihood: -2333.767999
[00:00:32] Bootstrap tree #63, logLikelihood: -2281.822265
[00:00:32] Bootstrap tree #64, logLikelihood: -2356.971370
[00:00:32] Bootstrap tree #65, logLikelihood: -2323.823804
[00:00:33] Bootstrap tree #66, logLikelihood: -2382.386831
[00:00:33] Bootstrap tree #67, logLikelihood: -2363.964087
[00:00:33] Bootstrap tree #68, logLikelihood: -2364.565651
[00:00:34] Bootstrap tree #69, logLikelihood: -2308.600496
[00:00:34] Bootstrap tree #70, logLikelihood: -2328.089261
[00:00:34] Bootstrap tree #71, logLikelihood: -2308.034156
[00:00:35] Bootstrap tree #72, logLikelihood: -2305.973870
[00:00:35] Bootstrap tree #73, logLikelihood: -2233.935576
[00:00:36] Bootstrap tree #74, logLikelihood: -2326.366297
[00:00:36] Bootstrap tree #75, logLikelihood: -2384.951874
[00:00:36] Bootstrap tree #76, logLikelihood: -2347.544987
[00:00:37] Bootstrap tree #77, logLikelihood: -2323.091606
[00:00:37] Bootstrap tree #78, logLikelihood: -2313.305124
[00:00:38] Bootstrap tree #79, logLikelihood: -2337.706439
[00:00:38] Bootstrap tree #80, logLikelihood: -2400.778238
[00:00:38] Bootstrap tree #81, logLikelihood: -2330.957835
[00:00:39] Bootstrap tree #82, logLikelihood: -2360.390986
[00:00:39] Bootstrap tree #83, logLikelihood: -2334.897212
[00:00:40] Bootstrap tree #84, logLikelihood: -2309.898427
[00:00:40] Bootstrap tree #85, logLikelihood: -2309.779967
[00:00:40] Bootstrap tree #86, logLikelihood: -2295.135461
[00:00:41] Bootstrap tree #87, logLikelihood: -2411.280025
[00:00:41] Bootstrap tree #88, logLikelihood: -2301.908840
[00:00:42] Bootstrap tree #89, logLikelihood: -2338.411757
[00:00:42] Bootstrap tree #90, logLikelihood: -2318.207342
[00:00:43] Bootstrap tree #91, logLikelihood: -2328.034158
[00:00:43] Bootstrap tree #92, logLikelihood: -2422.730414
[00:00:43] Bootstrap tree #93, logLikelihood: -2335.661710
[00:00:44] Bootstrap tree #94, logLikelihood: -2342.678317
[00:00:44] Bootstrap tree #95, logLikelihood: -2288.163180
[00:00:45] Bootstrap tree #96, logLikelihood: -2290.478231
[00:00:45] Bootstrap tree #97, logLikelihood: -2368.889993
[00:00:46] Bootstrap tree #98, logLikelihood: -2300.462548
[00:00:46] Bootstrap tree #99, logLikelihood: -2299.658912
[00:00:47] Bootstrap tree #100, logLikelihood: -2295.569072
[00:00:47] Bootstrap tree #101, logLikelihood: -2234.551876
[00:00:47] Bootstrap tree #102, logLikelihood: -2308.709036
[00:00:48] Bootstrap tree #103, logLikelihood: -2238.685171
[00:00:48] Bootstrap tree #104, logLikelihood: -2373.007997
[00:00:49] Bootstrap tree #105, logLikelihood: -2257.545152
[00:00:49] Bootstrap tree #106, logLikelihood: -2288.878667
[00:00:50] Bootstrap tree #107, logLikelihood: -2240.040237
[00:00:50] Bootstrap tree #108, logLikelihood: -2324.715172
[00:00:50] Bootstrap tree #109, logLikelihood: -2424.960347
[00:00:51] Bootstrap tree #110, logLikelihood: -2287.516421
[00:00:51] Bootstrap tree #111, logLikelihood: -2301.075715
[00:00:51] Bootstrap tree #112, logLikelihood: -2272.848376
[00:00:52] Bootstrap tree #113, logLikelihood: -2277.709573
[00:00:52] Bootstrap tree #114, logLikelihood: -2281.540712
[00:00:53] Bootstrap tree #115, logLikelihood: -2240.237630
[00:00:53] Bootstrap tree #116, logLikelihood: -2258.644115
[00:00:53] Bootstrap tree #117, logLikelihood: -2324.424196
[00:00:54] Bootstrap tree #118, logLikelihood: -2408.755860
[00:00:54] Bootstrap tree #119, logLikelihood: -2299.462701
[00:00:55] Bootstrap tree #120, logLikelihood: -2288.997341
[00:00:55] Bootstrap tree #121, logLikelihood: -2278.737171
[00:00:55] Bootstrap tree #122, logLikelihood: -2367.924754
[00:00:56] Bootstrap tree #123, logLikelihood: -2284.166959
[00:00:56] Bootstrap tree #124, logLikelihood: -2358.946674
[00:00:56] Bootstrap tree #125, logLikelihood: -2347.125889
[00:00:57] Bootstrap tree #126, logLikelihood: -2426.779965
[00:00:57] Bootstrap tree #127, logLikelihood: -2307.395092
[00:00:58] Bootstrap tree #128, logLikelihood: -2358.037499
[00:00:58] Bootstrap tree #129, logLikelihood: -2342.843601
[00:00:58] Bootstrap tree #130, logLikelihood: -2278.661696
[00:00:59] Bootstrap tree #131, logLikelihood: -2323.557986
[00:00:59] Bootstrap tree #132, logLikelihood: -2343.985200
[00:01:00] Bootstrap tree #133, logLikelihood: -2370.311909
[00:01:00] Bootstrap tree #134, logLikelihood: -2216.407559
[00:01:00] Bootstrap tree #135, logLikelihood: -2286.837149
[00:01:01] Bootstrap tree #136, logLikelihood: -2299.800410
[00:01:01] Bootstrap tree #137, logLikelihood: -2288.762271
[00:01:02] Bootstrap tree #138, logLikelihood: -2347.687803
[00:01:02] Bootstrap tree #139, logLikelihood: -2338.671123
[00:01:02] Bootstrap tree #140, logLikelihood: -2392.433993
[00:01:03] Bootstrap tree #141, logLikelihood: -2351.543471
[00:01:03] Bootstrap tree #142, logLikelihood: -2366.327952
[00:01:04] Bootstrap tree #143, logLikelihood: -2275.021538
[00:01:04] Bootstrap tree #144, logLikelihood: -2380.472946
[00:01:05] Bootstrap tree #145, logLikelihood: -2241.906363
[00:01:05] Bootstrap tree #146, logLikelihood: -2321.556931
[00:01:05] Bootstrap tree #147, logLikelihood: -2361.350515
[00:01:06] Bootstrap tree #148, logLikelihood: -2392.247079
[00:01:06] Bootstrap tree #149, logLikelihood: -2273.096902
[00:01:06] Bootstrap tree #150, logLikelihood: -2341.896339
[00:01:07] Bootstrap tree #151, logLikelihood: -2328.718004
[00:01:07] Bootstrap tree #152, logLikelihood: -2256.934451
[00:01:08] Bootstrap tree #153, logLikelihood: -2309.479126
[00:01:08] Bootstrap tree #154, logLikelihood: -2355.967642
[00:01:08] Bootstrap tree #155, logLikelihood: -2337.099134
[00:01:09] Bootstrap tree #156, logLikelihood: -2406.020622
[00:01:09] Bootstrap tree #157, logLikelihood: -2372.625644
[00:01:10] Bootstrap tree #158, logLikelihood: -2293.532571
[00:01:10] Bootstrap tree #159, logLikelihood: -2318.321377
[00:01:10] Bootstrap tree #160, logLikelihood: -2355.076008
[00:01:11] Bootstrap tree #161, logLikelihood: -2325.439076
[00:01:11] Bootstrap tree #162, logLikelihood: -2266.519066
[00:01:12] Bootstrap tree #163, logLikelihood: -2328.593997
[00:01:12] Bootstrap tree #164, logLikelihood: -2249.172805
[00:01:13] Bootstrap tree #165, logLikelihood: -2328.789447
[00:01:13] Bootstrap tree #166, logLikelihood: -2315.279584
[00:01:14] Bootstrap tree #167, logLikelihood: -2281.153426
[00:01:14] Bootstrap tree #168, logLikelihood: -2420.181765
[00:01:15] Bootstrap tree #169, logLikelihood: -2392.333908
[00:01:15] Bootstrap tree #170, logLikelihood: -2291.531778
[00:01:15] Bootstrap tree #171, logLikelihood: -2243.232629
[00:01:16] Bootstrap tree #172, logLikelihood: -2374.733591
[00:01:16] Bootstrap tree #173, logLikelihood: -2385.430866
[00:01:17] Bootstrap tree #174, logLikelihood: -2420.378714
[00:01:17] Bootstrap tree #175, logLikelihood: -2331.973772
[00:01:17] Bootstrap tree #176, logLikelihood: -2389.272390
[00:01:18] Bootstrap tree #177, logLikelihood: -2278.813278
[00:01:18] Bootstrap tree #178, logLikelihood: -2279.645667
[00:01:19] Bootstrap tree #179, logLikelihood: -2359.970474
[00:01:19] Bootstrap tree #180, logLikelihood: -2329.266748
[00:01:19] Bootstrap tree #181, logLikelihood: -2286.172245
[00:01:20] Bootstrap tree #182, logLikelihood: -2383.951385
[00:01:20] Bootstrap tree #183, logLikelihood: -2319.345516
[00:01:21] Bootstrap tree #184, logLikelihood: -2321.823819
[00:01:21] Bootstrap tree #185, logLikelihood: -2347.320364
[00:01:22] Bootstrap tree #186, logLikelihood: -2334.495033
[00:01:22] Bootstrap tree #187, logLikelihood: -2327.704177
[00:01:23] Bootstrap tree #188, logLikelihood: -2322.164931
[00:01:23] Bootstrap tree #189, logLikelihood: -2288.731564
[00:01:24] Bootstrap tree #190, logLikelihood: -2344.392458
[00:01:24] Bootstrap tree #191, logLikelihood: -2323.195930
[00:01:24] Bootstrap tree #192, logLikelihood: -2314.201370
[00:01:25] Bootstrap tree #193, logLikelihood: -2293.817387
[00:01:26] Bootstrap tree #194, logLikelihood: -2289.983533
[00:01:26] Bootstrap tree #195, logLikelihood: -2331.213782
[00:01:26] Bootstrap tree #196, logLikelihood: -2399.806979
[00:01:27] Bootstrap tree #197, logLikelihood: -2301.531781
[00:01:27] Bootstrap tree #198, logLikelihood: -2256.045306
[00:01:28] Bootstrap tree #199, logLikelihood: -2281.734229
[00:01:28] Bootstrap tree #200, logLikelihood: -2291.065368
[00:01:29] Bootstrap tree #201, logLikelihood: -2436.698569
[00:01:29] Bootstrap tree #202, logLikelihood: -2312.440875
[00:01:29] Bootstrap tree #203, logLikelihood: -2334.234121
[00:01:30] Bootstrap tree #204, logLikelihood: -2339.401041
[00:01:30] Bootstrap tree #205, logLikelihood: -2335.380570
[00:01:31] Bootstrap tree #206, logLikelihood: -2360.616571
[00:01:31] Bootstrap tree #207, logLikelihood: -2316.188004
[00:01:32] Bootstrap tree #208, logLikelihood: -2320.418926
[00:01:32] Bootstrap tree #209, logLikelihood: -2347.639279
[00:01:33] Bootstrap tree #210, logLikelihood: -2277.748609
[00:01:33] Bootstrap tree #211, logLikelihood: -2349.242655
[00:01:33] Bootstrap tree #212, logLikelihood: -2407.214611
[00:01:34] Bootstrap tree #213, logLikelihood: -2362.177488
[00:01:34] Bootstrap tree #214, logLikelihood: -2264.839932
[00:01:35] Bootstrap tree #215, logLikelihood: -2386.042941
[00:01:35] Bootstrap tree #216, logLikelihood: -2391.206716
[00:01:35] Bootstrap tree #217, logLikelihood: -2279.571259
[00:01:36] Bootstrap tree #218, logLikelihood: -2357.113990
[00:01:36] Bootstrap tree #219, logLikelihood: -2304.912024
[00:01:37] Bootstrap tree #220, logLikelihood: -2271.149189
[00:01:37] Bootstrap tree #221, logLikelihood: -2300.195330
[00:01:38] Bootstrap tree #222, logLikelihood: -2345.780392
[00:01:38] Bootstrap tree #223, logLikelihood: -2397.587214
[00:01:38] Bootstrap tree #224, logLikelihood: -2338.326629
[00:01:39] Bootstrap tree #225, logLikelihood: -2327.571961
[00:01:39] Bootstrap tree #226, logLikelihood: -2428.009395
[00:01:40] Bootstrap tree #227, logLikelihood: -2253.734009
[00:01:40] Bootstrap tree #228, logLikelihood: -2315.385924
[00:01:40] Bootstrap tree #229, logLikelihood: -2394.107156
[00:01:41] Bootstrap tree #230, logLikelihood: -2377.241756
[00:01:41] Bootstrap tree #231, logLikelihood: -2283.515009
[00:01:42] Bootstrap tree #232, logLikelihood: -2357.042920
[00:01:42] Bootstrap tree #233, logLikelihood: -2317.938315
[00:01:42] Bootstrap tree #234, logLikelihood: -2252.234431
[00:01:43] Bootstrap tree #235, logLikelihood: -2315.265406
[00:01:43] Bootstrap tree #236, logLikelihood: -2343.212165
[00:01:43] Bootstrap tree #237, logLikelihood: -2355.869506
[00:01:44] Bootstrap tree #238, logLikelihood: -2312.988439
[00:01:44] Bootstrap tree #239, logLikelihood: -2318.191858
[00:01:45] Bootstrap tree #240, logLikelihood: -2327.037826
[00:01:45] Bootstrap tree #241, logLikelihood: -2382.727209
[00:01:46] Bootstrap tree #242, logLikelihood: -2358.658151
[00:01:46] Bootstrap tree #243, logLikelihood: -2347.982875
[00:01:47] Bootstrap tree #244, logLikelihood: -2280.511363
[00:01:47] Bootstrap tree #245, logLikelihood: -2266.635575
[00:01:48] Bootstrap tree #246, logLikelihood: -2344.175390
[00:01:48] Bootstrap tree #247, logLikelihood: -2299.767000
[00:01:49] Bootstrap tree #248, logLikelihood: -2306.807453
[00:01:49] Bootstrap tree #249, logLikelihood: -2319.112556
[00:01:50] Bootstrap tree #250, logLikelihood: -2335.130141

Optimized model parameters:

   Partition 0: noname
   Rate heterogeneity: GAMMA (2 cats, mean),  alpha: 99.864801 (ML),  weights&rates: (0.500000,0.920269) (0.500000,1.079731) 
   Base frequencies (model): 0.250000 0.250000 0.250000 0.250000 
   Substitution rates (model): 1.000000 1.000000 1.000000 1.000000 1.000000 1.000000 

Final LogLikelihood: -2349.746313

All ML trees saved to: /home/echen_mb18/Project_1/6_Tree/JC+G2/filtered/all_variants_trimal.mfa.raxml.mlTrees
Best ML tree saved to: /home/echen_mb18/Project_1/6_Tree/JC+G2/filtered/all_variants_trimal.mfa.raxml.bestTree
Best ML tree with bootstrap support values saved to: /home/echen_mb18/Project_1/6_Tree/JC+G2/filtered/all_variants_trimal.mfa.raxml.support
Optimized model saved to: /home/echen_mb18/Project_1/6_Tree/JC+G2/filtered/all_variants_trimal.mfa.raxml.bestModel
Bootstrap trees saved to: /home/echen_mb18/Project_1/6_Tree/JC+G2/filtered/all_variants_trimal.mfa.raxml.bootstraps

Execution log saved to: /home/echen_mb18/Project_1/6_Tree/JC+G2/filtered/all_variants_trimal.mfa.raxml.log

Analysis started: 24-Oct-2018 03:35:33 / finished: 24-Oct-2018 03:37:23

Elapsed time: 110.094 seconds

