
RAxML-NG v. 0.5.1 BETA released on 28.11.2017 by The Exelixis Lab.
Authors: Alexey Kozlov, Alexandros Stamatakis, Diego Darriba, Tomas Flouri, Benoit Morel.
Latest version: https://github.com/amkozlov/raxml-ng
Questions/problems/suggestions? Please visit: https://groups.google.com/forum/#!forum/raxml

WARNING: This is a BETA release, please use at your own risk!

RAxML-NG was called as follows:

raxml-ng --all --msa /home/echen_mb18/Project_1/5_MSA_Output/all_variants_trimal.mfa --model LG+G2 --tree rand{4} --bs-trees 4 --threads 2 --seed 12345

Analysis options:
  run mode: ML tree search + bootstrapping
  start tree(s): random (4)
  random seed: 12345
  tip-inner: ON
  pattern compression: ON
  per-rate scalers: OFF
  site repeats: OFF
  branch lengths: ML estimate (linked)
  SIMD kernels: AVX2
  parallelization: PTHREADS (2 threads)

[00:00:00] Reading alignment from file: /home/echen_mb18/Project_1/5_MSA_Output/all_variants_trimal.mfa
[00:00:00] Loaded alignment with 24 taxa and 538 sites

Alignment comprises 1 partitions and 188 patterns

Partition 0: noname
Model: LG+G2m
Alignment sites / patterns: 538 / 188
Gaps: 0.00 %
Invariant sites: 9.67 %


[00:00:00] Generating random starting tree(s) with 24 taxa
[00:00:00] Data distribution: partitions/thread: 1-1, patterns/thread: 94-94

WARNING: You are using too many threads (2) for your alignment with 188 unique patterns.
NOTE:    Please consider using 1 threads ('--threads 1' option) for the optimal performance.
NOTE:    As a general rule-of-thumb, please assign at least 200-1000 alignment patterns per thread.

Starting ML tree search with 4 distinct starting trees

[00:00:03] ML tree search #1, logLikelihood: -5371.833406
[00:00:05] ML tree search #2, logLikelihood: -5371.833415
[00:00:08] ML tree search #3, logLikelihood: -5371.833433
[00:00:11] ML tree search #4, logLikelihood: -5371.833369

[00:00:11] ML tree search completed, best tree logLH: -5371.833369

[00:00:11] Starting bootstrapping analysis with 4 replicates.

[00:00:12] Bootstrap tree #1, logLikelihood: -5197.258135
[00:00:14] Bootstrap tree #2, logLikelihood: -5251.190022
[00:00:16] Bootstrap tree #3, logLikelihood: -5228.935848
[00:00:19] Bootstrap tree #4, logLikelihood: -5342.805340

Optimized model parameters:

   Partition 0: noname
   Rate heterogeneity: GAMMA (2 cats, mean),  alpha: 99.875684 (ML),  weights&rates: (0.500000,0.920273) (0.500000,1.079727) 
   Base frequencies (model): 0.079066 0.055941 0.041977 0.053052 0.012937 0.040767 0.071586 0.057337 0.022355 0.062157 0.099081 0.064600 0.022951 0.042302 0.044040 0.061197 0.053287 0.012066 0.034155 0.069146 
   Substitution rates (model): 0.425093 0.276818 0.395144 2.489084 0.969894 1.038545 2.066040 0.358858 0.149830 0.395337 0.536518 1.124035 0.253701 1.177651 4.727182 2.139501 0.180717 0.218959 2.547870 0.751878 0.123954 0.534551 2.807908 0.363970 0.390192 2.426601 0.126991 0.301848 6.326067 0.484133 0.052722 0.332533 0.858151 0.578987 0.593607 0.314440 0.170887 5.076149 0.528768 1.695752 0.541712 1.437645 4.509238 0.191503 0.068427 2.145078 0.371004 0.089525 0.161787 4.008358 2.000679 0.045376 0.612025 0.083688 0.062556 0.523386 5.243870 0.844926 0.927114 0.010690 0.015076 0.282959 0.025548 0.017416 0.394456 1.240275 0.425860 0.029890 0.135107 0.037967 0.084808 0.003499 0.569265 0.640543 0.320627 0.594007 0.013266 0.893680 1.105251 0.075382 2.784478 1.143480 0.670128 1.165532 1.959291 4.128591 0.267959 4.813505 0.072854 0.582457 3.234294 1.672569 0.035855 0.624294 1.223828 1.080136 0.236199 0.257336 0.210332 0.348847 0.423881 0.044265 0.069673 1.807177 0.173735 0.018811 0.419409 0.611973 0.604545 0.077852 0.120037 0.245034 0.311484 0.008705 0.044261 0.296636 0.139538 0.089586 0.196961 1.739990 0.129836 0.268491 0.054679 0.076701 0.108882 0.366317 0.697264 0.442472 0.682139 0.508851 0.990012 0.584262 0.597054 5.306834 0.119013 4.145067 0.159069 4.273607 1.112727 0.078281 0.064105 1.033739 0.111660 0.232523 10.649107 0.137500 6.312358 2.592692 0.249060 0.182287 0.302936 0.619632 0.299648 1.702745 0.656604 0.023918 0.390322 0.748683 1.136863 0.049906 0.131932 0.185202 1.798853 0.099849 0.346960 2.020366 0.696175 0.481306 1.898718 0.094464 0.361819 0.165001 2.457121 7.803902 0.654683 1.338132 0.571468 0.095131 0.089613 0.296501 6.472279 0.248862 0.400547 0.098369 0.140825 0.245841 2.188158 3.151815 0.189510 0.249313 

Final LogLikelihood: -5371.833369

All ML trees saved to: /home/echen_mb18/Project_1/5_MSA_Output/all_variants_trimal.mfa.raxml.mlTrees
Best ML tree saved to: /home/echen_mb18/Project_1/5_MSA_Output/all_variants_trimal.mfa.raxml.bestTree
Best ML tree with bootstrap support values saved to: /home/echen_mb18/Project_1/5_MSA_Output/all_variants_trimal.mfa.raxml.support
Optimized model saved to: /home/echen_mb18/Project_1/5_MSA_Output/all_variants_trimal.mfa.raxml.bestModel
Bootstrap trees saved to: /home/echen_mb18/Project_1/5_MSA_Output/all_variants_trimal.mfa.raxml.bootstraps

Execution log saved to: /home/echen_mb18/Project_1/5_MSA_Output/all_variants_trimal.mfa.raxml.log

Analysis started: 20-Oct-2018 05:24:01 / finished: 20-Oct-2018 05:24:20

Elapsed time: 19.668 seconds

