
RAxML-NG v. 0.5.1 BETA released on 28.11.2017 by The Exelixis Lab.
Authors: Alexey Kozlov, Alexandros Stamatakis, Diego Darriba, Tomas Flouri, Benoit Morel.
Latest version: https://github.com/amkozlov/raxml-ng
Questions/problems/suggestions? Please visit: https://groups.google.com/forum/#!forum/raxml

WARNING: This is a BETA release, please use at your own risk!

RAxML-NG was called as follows:

raxml-ng --all --msa /home/echen_mb18/Project_1/6_Tree/filtered/all_variants_trimal.mfa --model GTR+G2 --tree rand{20} --bs-trees 250 --threads 1 --seed 12345

Analysis options:
  run mode: ML tree search + bootstrapping
  start tree(s): random (20)
  random seed: 12345
  tip-inner: ON
  pattern compression: ON
  per-rate scalers: OFF
  site repeats: OFF
  branch lengths: ML estimate (linked)
  SIMD kernels: AVX2
  parallelization: NONE/sequential

[00:00:00] Reading alignment from file: /home/echen_mb18/Project_1/6_Tree/filtered/all_variants_trimal.mfa
[00:00:00] Loaded alignment with 24 taxa and 425 sites

WARNING: Duplicate sequences found: 1
WARNING: Sequences Patient_13.laxfiltered and Patient_16.laxfiltered are exactly identical!

Alignment comprises 1 partitions and 136 patterns

Partition 0: noname
Model: GTR+FO+G2m
Alignment sites / patterns: 425 / 136
Gaps: 0.16 %
Invariant sites: 15.53 %


[00:00:00] Generating random starting tree(s) with 24 taxa
[00:00:00] Data distribution: partitions/thread: 1-1, patterns/thread: 136-136

Starting ML tree search with 20 distinct starting trees

[00:00:00] ML tree search #1, logLikelihood: -2240.438751
[00:00:02] ML tree search #2, logLikelihood: -2240.442112
[00:00:03] ML tree search #3, logLikelihood: -2240.438931
[00:00:04] ML tree search #4, logLikelihood: -2240.439168
[00:00:05] ML tree search #5, logLikelihood: -2240.439981
[00:00:06] ML tree search #6, logLikelihood: -2240.438780
[00:00:08] ML tree search #7, logLikelihood: -2240.438847
[00:00:09] ML tree search #8, logLikelihood: -2240.438810
[00:00:10] ML tree search #9, logLikelihood: -2240.438879
[00:00:11] ML tree search #10, logLikelihood: -2240.439339
[00:00:12] ML tree search #11, logLikelihood: -2240.439054
[00:00:13] ML tree search #12, logLikelihood: -2240.438813
[00:00:14] ML tree search #13, logLikelihood: -2240.439087
[00:00:15] ML tree search #14, logLikelihood: -2240.438867
[00:00:16] ML tree search #15, logLikelihood: -2240.438803
[00:00:18] ML tree search #16, logLikelihood: -2240.439321
[00:00:19] ML tree search #17, logLikelihood: -2240.439032
[00:00:20] ML tree search #18, logLikelihood: -2240.438686
[00:00:22] ML tree search #19, logLikelihood: -2240.441956
[00:00:23] ML tree search #20, logLikelihood: -2240.439141

[00:00:23] ML tree search completed, best tree logLH: -2240.438686

[00:00:23] Starting bootstrapping analysis with 250 replicates.

[00:00:24] Bootstrap tree #1, logLikelihood: -2204.952207
[00:00:25] Bootstrap tree #2, logLikelihood: -2232.012422
[00:00:26] Bootstrap tree #3, logLikelihood: -2292.431674
[00:00:27] Bootstrap tree #4, logLikelihood: -2285.726371
[00:00:28] Bootstrap tree #5, logLikelihood: -2260.388020
[00:00:28] Bootstrap tree #6, logLikelihood: -2237.072998
[00:00:29] Bootstrap tree #7, logLikelihood: -2235.913336
[00:00:29] Bootstrap tree #8, logLikelihood: -2113.140599
[00:00:30] Bootstrap tree #9, logLikelihood: -2162.279069
[00:00:30] Bootstrap tree #10, logLikelihood: -2112.204546
[00:00:31] Bootstrap tree #11, logLikelihood: -2262.652887
[00:00:31] Bootstrap tree #12, logLikelihood: -2193.150872
[00:00:32] Bootstrap tree #13, logLikelihood: -2198.650369
[00:00:33] Bootstrap tree #14, logLikelihood: -2268.844681
[00:00:33] Bootstrap tree #15, logLikelihood: -2217.409501
[00:00:34] Bootstrap tree #16, logLikelihood: -2240.437493
[00:00:34] Bootstrap tree #17, logLikelihood: -2218.246194
[00:00:35] Bootstrap tree #18, logLikelihood: -2304.477641
[00:00:35] Bootstrap tree #19, logLikelihood: -2277.338324
[00:00:36] Bootstrap tree #20, logLikelihood: -2201.306689
[00:00:36] Bootstrap tree #21, logLikelihood: -2129.021104
[00:00:37] Bootstrap tree #22, logLikelihood: -2285.766089
[00:00:37] Bootstrap tree #23, logLikelihood: -2256.414774
[00:00:38] Bootstrap tree #24, logLikelihood: -2198.264086
[00:00:38] Bootstrap tree #25, logLikelihood: -2209.356072
[00:00:39] Bootstrap tree #26, logLikelihood: -2216.116952
[00:00:39] Bootstrap tree #27, logLikelihood: -2240.434517
[00:00:40] Bootstrap tree #28, logLikelihood: -2259.319896
[00:00:40] Bootstrap tree #29, logLikelihood: -2184.368228
[00:00:41] Bootstrap tree #30, logLikelihood: -2240.641814
[00:00:41] Bootstrap tree #31, logLikelihood: -2269.961844
[00:00:42] Bootstrap tree #32, logLikelihood: -2233.462882
[00:00:42] Bootstrap tree #33, logLikelihood: -2197.952703
[00:00:43] Bootstrap tree #34, logLikelihood: -2193.283558
[00:00:44] Bootstrap tree #35, logLikelihood: -2285.305618
[00:00:44] Bootstrap tree #36, logLikelihood: -2236.549248
[00:00:45] Bootstrap tree #37, logLikelihood: -2200.889434
[00:00:45] Bootstrap tree #38, logLikelihood: -2189.135939
[00:00:46] Bootstrap tree #39, logLikelihood: -2176.272584
[00:00:46] Bootstrap tree #40, logLikelihood: -2243.397184
[00:00:47] Bootstrap tree #41, logLikelihood: -2199.021347
[00:00:47] Bootstrap tree #42, logLikelihood: -2198.642776
[00:00:48] Bootstrap tree #43, logLikelihood: -2230.401321
[00:00:48] Bootstrap tree #44, logLikelihood: -2225.108592
[00:00:49] Bootstrap tree #45, logLikelihood: -2195.964842
[00:00:50] Bootstrap tree #46, logLikelihood: -2197.570596
[00:00:50] Bootstrap tree #47, logLikelihood: -2191.820384
[00:00:51] Bootstrap tree #48, logLikelihood: -2321.635661
[00:00:51] Bootstrap tree #49, logLikelihood: -2153.108616
[00:00:52] Bootstrap tree #50, logLikelihood: -2152.842073
[00:00:52] Bootstrap tree #51, logLikelihood: -2188.572946
[00:00:53] Bootstrap tree #52, logLikelihood: -2225.729977
[00:00:53] Bootstrap tree #53, logLikelihood: -2233.380799
[00:00:54] Bootstrap tree #54, logLikelihood: -2209.812967
[00:00:54] Bootstrap tree #55, logLikelihood: -2241.278275
[00:00:55] Bootstrap tree #56, logLikelihood: -2254.013370
[00:00:55] Bootstrap tree #57, logLikelihood: -2101.132889
[00:00:56] Bootstrap tree #58, logLikelihood: -2202.493852
[00:00:57] Bootstrap tree #59, logLikelihood: -2154.459905
[00:00:57] Bootstrap tree #60, logLikelihood: -2160.625633
[00:00:58] Bootstrap tree #61, logLikelihood: -2154.374222
[00:00:58] Bootstrap tree #62, logLikelihood: -2234.733404
[00:00:59] Bootstrap tree #63, logLikelihood: -2149.749084
[00:00:59] Bootstrap tree #64, logLikelihood: -2242.322488
[00:01:00] Bootstrap tree #65, logLikelihood: -2220.690915
[00:01:01] Bootstrap tree #66, logLikelihood: -2280.739997
[00:01:01] Bootstrap tree #67, logLikelihood: -2245.126121
[00:01:02] Bootstrap tree #68, logLikelihood: -2251.522373
[00:01:02] Bootstrap tree #69, logLikelihood: -2204.373819
[00:01:03] Bootstrap tree #70, logLikelihood: -2212.228389
[00:01:03] Bootstrap tree #71, logLikelihood: -2201.717935
[00:01:04] Bootstrap tree #72, logLikelihood: -2208.157465
[00:01:05] Bootstrap tree #73, logLikelihood: -2151.514968
[00:01:05] Bootstrap tree #74, logLikelihood: -2229.873966
[00:01:06] Bootstrap tree #75, logLikelihood: -2296.101328
[00:01:06] Bootstrap tree #76, logLikelihood: -2239.337755
[00:01:07] Bootstrap tree #77, logLikelihood: -2210.877473
[00:01:07] Bootstrap tree #78, logLikelihood: -2194.381543
[00:01:08] Bootstrap tree #79, logLikelihood: -2257.255759
[00:01:09] Bootstrap tree #80, logLikelihood: -2267.387879
[00:01:09] Bootstrap tree #81, logLikelihood: -2230.884846
[00:01:10] Bootstrap tree #82, logLikelihood: -2253.847630
[00:01:10] Bootstrap tree #83, logLikelihood: -2247.028990
[00:01:11] Bootstrap tree #84, logLikelihood: -2190.668740
[00:01:11] Bootstrap tree #85, logLikelihood: -2207.915034
[00:01:12] Bootstrap tree #86, logLikelihood: -2201.670309
[00:01:12] Bootstrap tree #87, logLikelihood: -2308.663707
[00:01:13] Bootstrap tree #88, logLikelihood: -2196.135459
[00:01:14] Bootstrap tree #89, logLikelihood: -2240.636823
[00:01:14] Bootstrap tree #90, logLikelihood: -2233.218202
[00:01:15] Bootstrap tree #91, logLikelihood: -2234.765583
[00:01:15] Bootstrap tree #92, logLikelihood: -2318.790511
[00:01:16] Bootstrap tree #93, logLikelihood: -2222.916545
[00:01:17] Bootstrap tree #94, logLikelihood: -2224.038845
[00:01:17] Bootstrap tree #95, logLikelihood: -2186.733922
[00:01:18] Bootstrap tree #96, logLikelihood: -2177.034160
[00:01:18] Bootstrap tree #97, logLikelihood: -2265.819339
[00:01:19] Bootstrap tree #98, logLikelihood: -2177.961705
[00:01:19] Bootstrap tree #99, logLikelihood: -2176.191814
[00:01:20] Bootstrap tree #100, logLikelihood: -2198.003305
[00:01:20] Bootstrap tree #101, logLikelihood: -2156.011006
[00:01:21] Bootstrap tree #102, logLikelihood: -2207.948098
[00:01:22] Bootstrap tree #103, logLikelihood: -2149.766089
[00:01:22] Bootstrap tree #104, logLikelihood: -2257.018159
[00:01:23] Bootstrap tree #105, logLikelihood: -2175.426255
[00:01:23] Bootstrap tree #106, logLikelihood: -2196.277544
[00:01:24] Bootstrap tree #107, logLikelihood: -2151.846767
[00:01:24] Bootstrap tree #108, logLikelihood: -2206.333247
[00:01:25] Bootstrap tree #109, logLikelihood: -2292.085041
[00:01:25] Bootstrap tree #110, logLikelihood: -2169.215121
[00:01:26] Bootstrap tree #111, logLikelihood: -2167.963702
[00:01:26] Bootstrap tree #112, logLikelihood: -2169.306298
[00:01:27] Bootstrap tree #113, logLikelihood: -2162.567597
[00:01:28] Bootstrap tree #114, logLikelihood: -2187.886234
[00:01:28] Bootstrap tree #115, logLikelihood: -2132.361277
[00:01:29] Bootstrap tree #116, logLikelihood: -2137.349783
[00:01:29] Bootstrap tree #117, logLikelihood: -2224.566134
[00:01:30] Bootstrap tree #118, logLikelihood: -2272.068448
[00:01:30] Bootstrap tree #119, logLikelihood: -2197.248496
[00:01:31] Bootstrap tree #120, logLikelihood: -2158.005797
[00:01:31] Bootstrap tree #121, logLikelihood: -2182.593501
[00:01:32] Bootstrap tree #122, logLikelihood: -2255.678746
[00:01:33] Bootstrap tree #123, logLikelihood: -2166.268977
[00:01:33] Bootstrap tree #124, logLikelihood: -2232.271823
[00:01:34] Bootstrap tree #125, logLikelihood: -2244.259836
[00:01:35] Bootstrap tree #126, logLikelihood: -2315.503409
[00:01:35] Bootstrap tree #127, logLikelihood: -2203.758216
[00:01:36] Bootstrap tree #128, logLikelihood: -2215.725122
[00:01:36] Bootstrap tree #129, logLikelihood: -2243.603340
[00:01:37] Bootstrap tree #130, logLikelihood: -2158.366486
[00:01:37] Bootstrap tree #131, logLikelihood: -2211.114317
[00:01:38] Bootstrap tree #132, logLikelihood: -2237.434786
[00:01:38] Bootstrap tree #133, logLikelihood: -2250.492096
[00:01:39] Bootstrap tree #134, logLikelihood: -2085.365382
[00:01:39] Bootstrap tree #135, logLikelihood: -2164.391294
[00:01:40] Bootstrap tree #136, logLikelihood: -2201.092662
[00:01:41] Bootstrap tree #137, logLikelihood: -2193.057223
[00:01:41] Bootstrap tree #138, logLikelihood: -2236.923955
[00:01:42] Bootstrap tree #139, logLikelihood: -2192.053040
[00:01:42] Bootstrap tree #140, logLikelihood: -2267.084097
[00:01:43] Bootstrap tree #141, logLikelihood: -2246.940565
[00:01:44] Bootstrap tree #142, logLikelihood: -2220.064616
[00:01:44] Bootstrap tree #143, logLikelihood: -2179.429287
[00:01:45] Bootstrap tree #144, logLikelihood: -2289.631338
[00:01:45] Bootstrap tree #145, logLikelihood: -2135.882170
[00:01:46] Bootstrap tree #146, logLikelihood: -2213.325178
[00:01:47] Bootstrap tree #147, logLikelihood: -2236.487719
[00:01:47] Bootstrap tree #148, logLikelihood: -2277.942135
[00:01:48] Bootstrap tree #149, logLikelihood: -2161.318195
[00:01:49] Bootstrap tree #150, logLikelihood: -2245.046106
[00:01:49] Bootstrap tree #151, logLikelihood: -2222.699436
[00:01:50] Bootstrap tree #152, logLikelihood: -2162.739411
[00:01:51] Bootstrap tree #153, logLikelihood: -2210.976868
[00:01:51] Bootstrap tree #154, logLikelihood: -2243.442070
[00:01:52] Bootstrap tree #155, logLikelihood: -2232.192491
[00:01:52] Bootstrap tree #156, logLikelihood: -2300.346345
[00:01:53] Bootstrap tree #157, logLikelihood: -2259.070730
[00:01:54] Bootstrap tree #158, logLikelihood: -2190.194615
[00:01:54] Bootstrap tree #159, logLikelihood: -2183.317999
[00:01:55] Bootstrap tree #160, logLikelihood: -2228.046296
[00:01:55] Bootstrap tree #161, logLikelihood: -2225.493470
[00:01:56] Bootstrap tree #162, logLikelihood: -2161.363728
[00:01:56] Bootstrap tree #163, logLikelihood: -2216.084443
[00:01:57] Bootstrap tree #164, logLikelihood: -2149.369407
[00:01:57] Bootstrap tree #165, logLikelihood: -2212.338796
[00:01:58] Bootstrap tree #166, logLikelihood: -2210.659520
[00:01:59] Bootstrap tree #167, logLikelihood: -2167.519889
[00:01:59] Bootstrap tree #168, logLikelihood: -2294.060130
[00:02:00] Bootstrap tree #169, logLikelihood: -2270.318139
[00:02:00] Bootstrap tree #170, logLikelihood: -2191.602305
[00:02:01] Bootstrap tree #171, logLikelihood: -2139.178741
[00:02:01] Bootstrap tree #172, logLikelihood: -2256.921644
[00:02:02] Bootstrap tree #173, logLikelihood: -2258.391100
[00:02:02] Bootstrap tree #174, logLikelihood: -2304.324822
[00:02:03] Bootstrap tree #175, logLikelihood: -2231.067788
[00:02:03] Bootstrap tree #176, logLikelihood: -2283.049186
[00:02:04] Bootstrap tree #177, logLikelihood: -2157.062760
[00:02:05] Bootstrap tree #178, logLikelihood: -2182.386340
[00:02:06] Bootstrap tree #179, logLikelihood: -2236.036129
[00:02:06] Bootstrap tree #180, logLikelihood: -2224.615920
[00:02:07] Bootstrap tree #181, logLikelihood: -2187.287017
[00:02:07] Bootstrap tree #182, logLikelihood: -2278.546485
[00:02:08] Bootstrap tree #183, logLikelihood: -2222.579059
[00:02:08] Bootstrap tree #184, logLikelihood: -2191.178900
[00:02:09] Bootstrap tree #185, logLikelihood: -2255.034183
[00:02:10] Bootstrap tree #186, logLikelihood: -2201.404603
[00:02:10] Bootstrap tree #187, logLikelihood: -2195.774547
[00:02:11] Bootstrap tree #188, logLikelihood: -2198.342401
[00:02:11] Bootstrap tree #189, logLikelihood: -2139.126372
[00:02:12] Bootstrap tree #190, logLikelihood: -2220.891256
[00:02:13] Bootstrap tree #191, logLikelihood: -2222.808923
[00:02:13] Bootstrap tree #192, logLikelihood: -2184.108356
[00:02:14] Bootstrap tree #193, logLikelihood: -2173.676250
[00:02:15] Bootstrap tree #194, logLikelihood: -2189.168748
[00:02:15] Bootstrap tree #195, logLikelihood: -2233.298939
[00:02:16] Bootstrap tree #196, logLikelihood: -2264.082173
[00:02:17] Bootstrap tree #197, logLikelihood: -2206.926558
[00:02:17] Bootstrap tree #198, logLikelihood: -2160.819028
[00:02:18] Bootstrap tree #199, logLikelihood: -2179.716380
[00:02:18] Bootstrap tree #200, logLikelihood: -2180.012821
[00:02:19] Bootstrap tree #201, logLikelihood: -2345.231557
[00:02:20] Bootstrap tree #202, logLikelihood: -2212.674383
[00:02:21] Bootstrap tree #203, logLikelihood: -2221.835199
[00:02:22] Bootstrap tree #204, logLikelihood: -2241.636300
[00:02:23] Bootstrap tree #205, logLikelihood: -2227.021442
[00:02:24] Bootstrap tree #206, logLikelihood: -2242.859030
[00:02:25] Bootstrap tree #207, logLikelihood: -2201.225710
[00:02:26] Bootstrap tree #208, logLikelihood: -2220.417965
[00:02:27] Bootstrap tree #209, logLikelihood: -2238.529415
[00:02:28] Bootstrap tree #210, logLikelihood: -2176.377374
[00:02:29] Bootstrap tree #211, logLikelihood: -2247.129716
[00:02:29] Bootstrap tree #212, logLikelihood: -2308.476328
[00:02:30] Bootstrap tree #213, logLikelihood: -2239.604168
[00:02:31] Bootstrap tree #214, logLikelihood: -2148.249355
[00:02:31] Bootstrap tree #215, logLikelihood: -2260.285633
[00:02:32] Bootstrap tree #216, logLikelihood: -2261.978057
[00:02:32] Bootstrap tree #217, logLikelihood: -2150.055376
[00:02:33] Bootstrap tree #218, logLikelihood: -2227.496971
[00:02:33] Bootstrap tree #219, logLikelihood: -2189.194594
[00:02:34] Bootstrap tree #220, logLikelihood: -2165.959842
[00:02:35] Bootstrap tree #221, logLikelihood: -2184.414701
[00:02:35] Bootstrap tree #222, logLikelihood: -2213.355597
[00:02:36] Bootstrap tree #223, logLikelihood: -2255.053091
[00:02:36] Bootstrap tree #224, logLikelihood: -2213.079433
[00:02:37] Bootstrap tree #225, logLikelihood: -2223.831817
[00:02:38] Bootstrap tree #226, logLikelihood: -2324.184393
[00:02:38] Bootstrap tree #227, logLikelihood: -2151.931050
[00:02:39] Bootstrap tree #228, logLikelihood: -2205.899370
[00:02:40] Bootstrap tree #229, logLikelihood: -2270.691984
[00:02:40] Bootstrap tree #230, logLikelihood: -2242.370861
[00:02:41] Bootstrap tree #231, logLikelihood: -2176.144652
[00:02:41] Bootstrap tree #232, logLikelihood: -2259.782110
[00:02:42] Bootstrap tree #233, logLikelihood: -2191.833053
[00:02:42] Bootstrap tree #234, logLikelihood: -2143.492741
[00:02:43] Bootstrap tree #235, logLikelihood: -2206.004329
[00:02:43] Bootstrap tree #236, logLikelihood: -2205.851843
[00:02:44] Bootstrap tree #237, logLikelihood: -2210.568083
[00:02:44] Bootstrap tree #238, logLikelihood: -2213.413153
[00:02:45] Bootstrap tree #239, logLikelihood: -2201.373118
[00:02:46] Bootstrap tree #240, logLikelihood: -2235.567161
[00:02:47] Bootstrap tree #241, logLikelihood: -2255.198272
[00:02:47] Bootstrap tree #242, logLikelihood: -2258.258991
[00:02:48] Bootstrap tree #243, logLikelihood: -2209.539092
[00:02:48] Bootstrap tree #244, logLikelihood: -2190.713390
[00:02:49] Bootstrap tree #245, logLikelihood: -2164.679121
[00:02:50] Bootstrap tree #246, logLikelihood: -2214.467182
[00:02:50] Bootstrap tree #247, logLikelihood: -2198.746806
[00:02:51] Bootstrap tree #248, logLikelihood: -2204.338420
[00:02:52] Bootstrap tree #249, logLikelihood: -2200.567088
[00:02:52] Bootstrap tree #250, logLikelihood: -2239.672403

Optimized model parameters:

   Partition 0: noname
   Rate heterogeneity: GAMMA (2 cats, mean),  alpha: 99.868822 (ML),  weights&rates: (0.500000,0.920270) (0.500000,1.079730) 
   Base frequencies (ML): 0.224157 0.263655 0.293401 0.218787 
   Substitution rates (ML): 0.670181 2.575246 0.540724 0.462142 3.245483 1.000000 

Final LogLikelihood: -2240.438686

All ML trees saved to: /home/echen_mb18/Project_1/6_Tree/filtered/all_variants_trimal.mfa.raxml.mlTrees
Best ML tree saved to: /home/echen_mb18/Project_1/6_Tree/filtered/all_variants_trimal.mfa.raxml.bestTree
Best ML tree with bootstrap support values saved to: /home/echen_mb18/Project_1/6_Tree/filtered/all_variants_trimal.mfa.raxml.support
Optimized model saved to: /home/echen_mb18/Project_1/6_Tree/filtered/all_variants_trimal.mfa.raxml.bestModel
Bootstrap trees saved to: /home/echen_mb18/Project_1/6_Tree/filtered/all_variants_trimal.mfa.raxml.bootstraps

Execution log saved to: /home/echen_mb18/Project_1/6_Tree/filtered/all_variants_trimal.mfa.raxml.log

Analysis started: 24-Oct-2018 02:11:23 / finished: 24-Oct-2018 02:14:16

Elapsed time: 172.763 seconds

