
RAxML-NG v. 0.5.1 BETA released on 28.11.2017 by The Exelixis Lab.
Authors: Alexey Kozlov, Alexandros Stamatakis, Diego Darriba, Tomas Flouri, Benoit Morel.
Latest version: https://github.com/amkozlov/raxml-ng
Questions/problems/suggestions? Please visit: https://groups.google.com/forum/#!forum/raxml

WARNING: This is a BETA release, please use at your own risk!

RAxML-NG was called as follows:

raxml-ng --all --msa /home/echen_mb18/Project_1/6_Tree/JC+G4/filtered/all_variants_trimal.mfa --model JC+G4 --tree rand{200} --bs-trees 1000 --threads 1 --seed 12345

Analysis options:
  run mode: ML tree search + bootstrapping
  start tree(s): random (200)
  random seed: 12345
  tip-inner: ON
  pattern compression: ON
  per-rate scalers: OFF
  site repeats: OFF
  branch lengths: ML estimate (linked)
  SIMD kernels: AVX2
  parallelization: NONE/sequential

[00:00:00] Reading alignment from file: /home/echen_mb18/Project_1/6_Tree/JC+G4/filtered/all_variants_trimal.mfa
[00:00:00] Loaded alignment with 24 taxa and 441 sites

WARNING: Duplicate sequences found: 1
WARNING: Sequences Patient_13.laxfiltered and Patient_16.laxfiltered are exactly identical!

Alignment comprises 1 partitions and 132 patterns

Partition 0: noname
Model: JC+G4m
Alignment sites / patterns: 441 / 132
Gaps: 0.08 %
Invariant sites: 14.51 %


[00:00:00] Generating random starting tree(s) with 24 taxa
[00:00:00] Data distribution: partitions/thread: 1-1, patterns/thread: 132-132

Starting ML tree search with 200 distinct starting trees

[00:00:00] ML tree search #1, logLikelihood: -2455.065278
[00:00:01] ML tree search #2, logLikelihood: -2455.065177
[00:00:01] ML tree search #3, logLikelihood: -2455.065310
[00:00:02] ML tree search #4, logLikelihood: -2455.065427
[00:00:02] ML tree search #5, logLikelihood: -2455.065257
[00:00:03] ML tree search #6, logLikelihood: -2455.065244
[00:00:04] ML tree search #7, logLikelihood: -2455.065871
[00:00:04] ML tree search #8, logLikelihood: -2455.065221
[00:00:05] ML tree search #9, logLikelihood: -2455.065233
[00:00:05] ML tree search #10, logLikelihood: -2455.065335
[00:00:06] ML tree search #11, logLikelihood: -2455.065328
[00:00:07] ML tree search #12, logLikelihood: -2455.065269
[00:00:07] ML tree search #13, logLikelihood: -2455.065268
[00:00:08] ML tree search #14, logLikelihood: -2455.065319
[00:00:09] ML tree search #15, logLikelihood: -2455.065329
[00:00:09] ML tree search #16, logLikelihood: -2455.065207
[00:00:10] ML tree search #17, logLikelihood: -2455.065757
[00:00:10] ML tree search #18, logLikelihood: -2455.065333
[00:00:11] ML tree search #19, logLikelihood: -2455.065302
[00:00:11] ML tree search #20, logLikelihood: -2455.065233
[00:00:12] ML tree search #21, logLikelihood: -2455.065211
[00:00:13] ML tree search #22, logLikelihood: -2455.065397
[00:00:13] ML tree search #23, logLikelihood: -2455.065263
[00:00:14] ML tree search #24, logLikelihood: -2455.065362
[00:00:14] ML tree search #25, logLikelihood: -2455.065352
[00:00:15] ML tree search #26, logLikelihood: -2455.065987
[00:00:16] ML tree search #27, logLikelihood: -2455.065745
[00:00:16] ML tree search #28, logLikelihood: -2455.065245
[00:00:17] ML tree search #29, logLikelihood: -2455.065335
[00:00:17] ML tree search #30, logLikelihood: -2455.065240
[00:00:18] ML tree search #31, logLikelihood: -2455.065250
[00:00:19] ML tree search #32, logLikelihood: -2455.065274
[00:00:19] ML tree search #33, logLikelihood: -2455.065330
[00:00:20] ML tree search #34, logLikelihood: -2455.065333
[00:00:20] ML tree search #35, logLikelihood: -2455.065272
[00:00:21] ML tree search #36, logLikelihood: -2455.065335
[00:00:21] ML tree search #37, logLikelihood: -2455.065385
[00:00:22] ML tree search #38, logLikelihood: -2455.065160
[00:00:22] ML tree search #39, logLikelihood: -2455.065356
[00:00:23] ML tree search #40, logLikelihood: -2455.065299
[00:00:24] ML tree search #41, logLikelihood: -2455.065298
[00:00:24] ML tree search #42, logLikelihood: -2455.065327
[00:00:25] ML tree search #43, logLikelihood: -2455.065354
[00:00:25] ML tree search #44, logLikelihood: -2455.065307
[00:00:26] ML tree search #45, logLikelihood: -2455.065237
[00:00:27] ML tree search #46, logLikelihood: -2455.065347
[00:00:28] ML tree search #47, logLikelihood: -2455.065319
[00:00:28] ML tree search #48, logLikelihood: -2455.064945
[00:00:29] ML tree search #49, logLikelihood: -2455.065249
[00:00:29] ML tree search #50, logLikelihood: -2455.065282
[00:00:30] ML tree search #51, logLikelihood: -2455.065341
[00:00:30] ML tree search #52, logLikelihood: -2455.066014
[00:00:31] ML tree search #53, logLikelihood: -2455.065528
[00:00:31] ML tree search #54, logLikelihood: -2455.065337
[00:00:32] ML tree search #55, logLikelihood: -2455.065270
[00:00:33] ML tree search #56, logLikelihood: -2455.065318
[00:00:33] ML tree search #57, logLikelihood: -2455.065334
[00:00:34] ML tree search #58, logLikelihood: -2455.065471
[00:00:34] ML tree search #59, logLikelihood: -2455.065275
[00:00:35] ML tree search #60, logLikelihood: -2455.065330
[00:00:35] ML tree search #61, logLikelihood: -2455.065328
[00:00:36] ML tree search #62, logLikelihood: -2455.065229
[00:00:37] ML tree search #63, logLikelihood: -2455.065516
[00:00:37] ML tree search #64, logLikelihood: -2455.065258
[00:00:38] ML tree search #65, logLikelihood: -2455.065312
[00:00:38] ML tree search #66, logLikelihood: -2455.065252
[00:00:39] ML tree search #67, logLikelihood: -2455.065244
[00:00:40] ML tree search #68, logLikelihood: -2455.065020
[00:00:40] ML tree search #69, logLikelihood: -2455.065224
[00:00:41] ML tree search #70, logLikelihood: -2455.065297
[00:00:41] ML tree search #71, logLikelihood: -2455.065243
[00:00:42] ML tree search #72, logLikelihood: -2455.065329
[00:00:42] ML tree search #73, logLikelihood: -2455.065191
[00:00:43] ML tree search #74, logLikelihood: -2455.065278
[00:00:44] ML tree search #75, logLikelihood: -2455.065239
[00:00:44] ML tree search #76, logLikelihood: -2455.065255
[00:00:45] ML tree search #77, logLikelihood: -2455.065331
[00:00:45] ML tree search #78, logLikelihood: -2455.065694
[00:00:46] ML tree search #79, logLikelihood: -2455.065297
[00:00:46] ML tree search #80, logLikelihood: -2455.065343
[00:00:47] ML tree search #81, logLikelihood: -2455.065229
[00:00:48] ML tree search #82, logLikelihood: -2455.065292
[00:00:48] ML tree search #83, logLikelihood: -2455.065044
[00:00:49] ML tree search #84, logLikelihood: -2455.065316
[00:00:49] ML tree search #85, logLikelihood: -2455.065335
[00:00:50] ML tree search #86, logLikelihood: -2455.066211
[00:00:50] ML tree search #87, logLikelihood: -2455.065250
[00:00:51] ML tree search #88, logLikelihood: -2455.065280
[00:00:52] ML tree search #89, logLikelihood: -2455.065163
[00:00:53] ML tree search #90, logLikelihood: -2455.065896
[00:00:53] ML tree search #91, logLikelihood: -2455.065338
[00:00:54] ML tree search #92, logLikelihood: -2455.065262
[00:00:54] ML tree search #93, logLikelihood: -2455.065006
[00:00:55] ML tree search #94, logLikelihood: -2455.065350
[00:00:56] ML tree search #95, logLikelihood: -2455.065244
[00:00:57] ML tree search #96, logLikelihood: -2455.065325
[00:00:57] ML tree search #97, logLikelihood: -2455.065279
[00:00:58] ML tree search #98, logLikelihood: -2455.066187
[00:00:59] ML tree search #99, logLikelihood: -2455.065916
[00:01:00] ML tree search #100, logLikelihood: -2455.065034
[00:01:00] ML tree search #101, logLikelihood: -2455.065327
[00:01:01] ML tree search #102, logLikelihood: -2455.065193
[00:01:01] ML tree search #103, logLikelihood: -2455.065329
[00:01:02] ML tree search #104, logLikelihood: -2455.065942
[00:01:02] ML tree search #105, logLikelihood: -2455.065304
[00:01:03] ML tree search #106, logLikelihood: -2455.065219
[00:01:04] ML tree search #107, logLikelihood: -2455.065308
[00:01:04] ML tree search #108, logLikelihood: -2455.065310
[00:01:05] ML tree search #109, logLikelihood: -2455.065255
[00:01:05] ML tree search #110, logLikelihood: -2455.066070
[00:01:06] ML tree search #111, logLikelihood: -2455.065232
[00:01:07] ML tree search #112, logLikelihood: -2455.065328
[00:01:07] ML tree search #113, logLikelihood: -2455.065255
[00:01:08] ML tree search #114, logLikelihood: -2455.066071
[00:01:08] ML tree search #115, logLikelihood: -2455.065193
[00:01:09] ML tree search #116, logLikelihood: -2455.065741
[00:01:09] ML tree search #117, logLikelihood: -2455.065219
[00:01:10] ML tree search #118, logLikelihood: -2455.065264
[00:01:11] ML tree search #119, logLikelihood: -2455.065208
[00:01:11] ML tree search #120, logLikelihood: -2455.065317
[00:01:12] ML tree search #121, logLikelihood: -2455.065282
[00:01:13] ML tree search #122, logLikelihood: -2455.065302
[00:01:13] ML tree search #123, logLikelihood: -2455.065065
[00:01:14] ML tree search #124, logLikelihood: -2455.065349
[00:01:14] ML tree search #125, logLikelihood: -2455.065337
[00:01:15] ML tree search #126, logLikelihood: -2455.065203
[00:01:15] ML tree search #127, logLikelihood: -2455.065190
[00:01:16] ML tree search #128, logLikelihood: -2455.065240
[00:01:17] ML tree search #129, logLikelihood: -2455.065315
[00:01:17] ML tree search #130, logLikelihood: -2455.065305
[00:01:18] ML tree search #131, logLikelihood: -2455.065902
[00:01:18] ML tree search #132, logLikelihood: -2455.065315
[00:01:19] ML tree search #133, logLikelihood: -2455.065319
[00:01:19] ML tree search #134, logLikelihood: -2455.065321
[00:01:20] ML tree search #135, logLikelihood: -2455.065382
[00:01:21] ML tree search #136, logLikelihood: -2455.065281
[00:01:21] ML tree search #137, logLikelihood: -2455.065300
[00:01:22] ML tree search #138, logLikelihood: -2455.065308
[00:01:22] ML tree search #139, logLikelihood: -2455.065123
[00:01:23] ML tree search #140, logLikelihood: -2455.065329
[00:01:23] ML tree search #141, logLikelihood: -2455.065319
[00:01:24] ML tree search #142, logLikelihood: -2455.065361
[00:01:25] ML tree search #143, logLikelihood: -2455.065296
[00:01:25] ML tree search #144, logLikelihood: -2455.064991
[00:01:26] ML tree search #145, logLikelihood: -2455.066103
[00:01:27] ML tree search #146, logLikelihood: -2455.065231
[00:01:28] ML tree search #147, logLikelihood: -2455.065761
[00:01:28] ML tree search #148, logLikelihood: -2455.065273
[00:01:29] ML tree search #149, logLikelihood: -2455.065304
[00:01:30] ML tree search #150, logLikelihood: -2455.065230
[00:01:30] ML tree search #151, logLikelihood: -2455.065183
[00:01:31] ML tree search #152, logLikelihood: -2455.065636
[00:01:31] ML tree search #153, logLikelihood: -2455.065237
[00:01:32] ML tree search #154, logLikelihood: -2455.065336
[00:01:33] ML tree search #155, logLikelihood: -2455.065146
[00:01:33] ML tree search #156, logLikelihood: -2455.065315
[00:01:34] ML tree search #157, logLikelihood: -2455.065288
[00:01:34] ML tree search #158, logLikelihood: -2455.065297
[00:01:35] ML tree search #159, logLikelihood: -2455.065254
[00:01:36] ML tree search #160, logLikelihood: -2455.065346
[00:01:36] ML tree search #161, logLikelihood: -2455.065904
[00:01:37] ML tree search #162, logLikelihood: -2455.065616
[00:01:38] ML tree search #163, logLikelihood: -2455.065315
[00:01:38] ML tree search #164, logLikelihood: -2455.065277
[00:01:39] ML tree search #165, logLikelihood: -2455.065386
[00:01:39] ML tree search #166, logLikelihood: -2455.065833
[00:01:40] ML tree search #167, logLikelihood: -2455.065343
[00:01:40] ML tree search #168, logLikelihood: -2455.065307
[00:01:41] ML tree search #169, logLikelihood: -2455.065229
[00:01:42] ML tree search #170, logLikelihood: -2455.065346
[00:01:42] ML tree search #171, logLikelihood: -2455.065276
[00:01:43] ML tree search #172, logLikelihood: -2455.065196
[00:01:44] ML tree search #173, logLikelihood: -2455.065317
[00:01:44] ML tree search #174, logLikelihood: -2455.065243
[00:01:45] ML tree search #175, logLikelihood: -2455.065203
[00:01:45] ML tree search #176, logLikelihood: -2455.065228
[00:01:46] ML tree search #177, logLikelihood: -2455.065226
[00:01:47] ML tree search #178, logLikelihood: -2455.065236
[00:01:47] ML tree search #179, logLikelihood: -2455.065256
[00:01:48] ML tree search #180, logLikelihood: -2455.065228
[00:01:48] ML tree search #181, logLikelihood: -2455.065248
[00:01:49] ML tree search #182, logLikelihood: -2455.065317
[00:01:50] ML tree search #183, logLikelihood: -2455.065317
[00:01:50] ML tree search #184, logLikelihood: -2455.066088
[00:01:51] ML tree search #185, logLikelihood: -2455.065314
[00:01:52] ML tree search #186, logLikelihood: -2455.065208
[00:01:52] ML tree search #187, logLikelihood: -2455.065345
[00:01:53] ML tree search #188, logLikelihood: -2455.065163
[00:01:53] ML tree search #189, logLikelihood: -2455.065345
[00:01:54] ML tree search #190, logLikelihood: -2455.065241
[00:01:55] ML tree search #191, logLikelihood: -2455.065206
[00:01:55] ML tree search #192, logLikelihood: -2455.065321
[00:01:57] ML tree search #193, logLikelihood: -2455.065210
[00:01:58] ML tree search #194, logLikelihood: -2455.065338
[00:01:58] ML tree search #195, logLikelihood: -2455.065257
[00:01:59] ML tree search #196, logLikelihood: -2455.065726
[00:01:59] ML tree search #197, logLikelihood: -2455.065335
[00:02:00] ML tree search #198, logLikelihood: -2455.065255
[00:02:00] ML tree search #199, logLikelihood: -2455.065313
[00:02:01] ML tree search #200, logLikelihood: -2455.066112

[00:02:01] ML tree search completed, best tree logLH: -2455.064945

[00:02:01] Starting bootstrapping analysis with 1000 replicates.

[00:02:01] Bootstrap tree #1, logLikelihood: -2525.983759
[00:02:02] Bootstrap tree #2, logLikelihood: -2460.764848
[00:02:02] Bootstrap tree #3, logLikelihood: -2409.705517
[00:02:03] Bootstrap tree #4, logLikelihood: -2385.610348
[00:02:03] Bootstrap tree #5, logLikelihood: -2465.131188
[00:02:04] Bootstrap tree #6, logLikelihood: -2418.975206
[00:02:04] Bootstrap tree #7, logLikelihood: -2374.729326
[00:02:05] Bootstrap tree #8, logLikelihood: -2370.320452
[00:02:05] Bootstrap tree #9, logLikelihood: -2533.801462
[00:02:06] Bootstrap tree #10, logLikelihood: -2450.772571
[00:02:07] Bootstrap tree #11, logLikelihood: -2454.810723
[00:02:07] Bootstrap tree #12, logLikelihood: -2429.262033
[00:02:08] Bootstrap tree #13, logLikelihood: -2525.021419
[00:02:09] Bootstrap tree #14, logLikelihood: -2481.740956
[00:02:09] Bootstrap tree #15, logLikelihood: -2462.441346
[00:02:10] Bootstrap tree #16, logLikelihood: -2530.448241
[00:02:11] Bootstrap tree #17, logLikelihood: -2395.940063
[00:02:11] Bootstrap tree #18, logLikelihood: -2423.610994
[00:02:12] Bootstrap tree #19, logLikelihood: -2434.592645
[00:02:12] Bootstrap tree #20, logLikelihood: -2450.595200
[00:02:13] Bootstrap tree #21, logLikelihood: -2462.875295
[00:02:13] Bootstrap tree #22, logLikelihood: -2327.328640
[00:02:14] Bootstrap tree #23, logLikelihood: -2565.941167
[00:02:15] Bootstrap tree #24, logLikelihood: -2444.233275
[00:02:15] Bootstrap tree #25, logLikelihood: -2510.931880
[00:02:16] Bootstrap tree #26, logLikelihood: -2389.974791
[00:02:16] Bootstrap tree #27, logLikelihood: -2461.347812
[00:02:17] Bootstrap tree #28, logLikelihood: -2466.908759
[00:02:17] Bootstrap tree #29, logLikelihood: -2531.511443
[00:02:18] Bootstrap tree #30, logLikelihood: -2447.303377
[00:02:18] Bootstrap tree #31, logLikelihood: -2359.019263
[00:02:19] Bootstrap tree #32, logLikelihood: -2494.473079
[00:02:19] Bootstrap tree #33, logLikelihood: -2375.195495
[00:02:20] Bootstrap tree #34, logLikelihood: -2467.992227
[00:02:21] Bootstrap tree #35, logLikelihood: -2488.188872
[00:02:21] Bootstrap tree #36, logLikelihood: -2437.545747
[00:02:22] Bootstrap tree #37, logLikelihood: -2471.208649
[00:02:22] Bootstrap tree #38, logLikelihood: -2485.165350
[00:02:23] Bootstrap tree #39, logLikelihood: -2498.790243
[00:02:23] Bootstrap tree #40, logLikelihood: -2510.166570
[00:02:24] Bootstrap tree #41, logLikelihood: -2436.595838
[00:02:24] Bootstrap tree #42, logLikelihood: -2485.753540
[00:02:25] Bootstrap tree #43, logLikelihood: -2453.602675
[00:02:25] Bootstrap tree #44, logLikelihood: -2436.764287
[00:02:27] Bootstrap tree #45, logLikelihood: -2438.934753
[00:02:27] Bootstrap tree #46, logLikelihood: -2436.116439
[00:02:28] Bootstrap tree #47, logLikelihood: -2463.033795
[00:02:29] Bootstrap tree #48, logLikelihood: -2416.184038
[00:02:29] Bootstrap tree #49, logLikelihood: -2486.287818
[00:02:30] Bootstrap tree #50, logLikelihood: -2415.171381
[00:02:30] Bootstrap tree #51, logLikelihood: -2494.269459
[00:02:31] Bootstrap tree #52, logLikelihood: -2461.621653
[00:02:31] Bootstrap tree #53, logLikelihood: -2493.817664
[00:02:32] Bootstrap tree #54, logLikelihood: -2484.310142
[00:02:33] Bootstrap tree #55, logLikelihood: -2435.848900
[00:02:33] Bootstrap tree #56, logLikelihood: -2451.457817
[00:02:34] Bootstrap tree #57, logLikelihood: -2500.324148
[00:02:34] Bootstrap tree #58, logLikelihood: -2344.345484
[00:02:35] Bootstrap tree #59, logLikelihood: -2468.520902
[00:02:35] Bootstrap tree #60, logLikelihood: -2444.234478
[00:02:36] Bootstrap tree #61, logLikelihood: -2435.895295
[00:02:36] Bootstrap tree #62, logLikelihood: -2441.529643
[00:02:37] Bootstrap tree #63, logLikelihood: -2468.546442
[00:02:38] Bootstrap tree #64, logLikelihood: -2415.946823
[00:02:38] Bootstrap tree #65, logLikelihood: -2420.435193
[00:02:39] Bootstrap tree #66, logLikelihood: -2456.172219
[00:02:39] Bootstrap tree #67, logLikelihood: -2383.937726
[00:02:40] Bootstrap tree #68, logLikelihood: -2438.063571
[00:02:40] Bootstrap tree #69, logLikelihood: -2424.196628
[00:02:41] Bootstrap tree #70, logLikelihood: -2565.505600
[00:02:41] Bootstrap tree #71, logLikelihood: -2439.620311
[00:02:42] Bootstrap tree #72, logLikelihood: -2474.759323
[00:02:43] Bootstrap tree #73, logLikelihood: -2416.189007
[00:02:43] Bootstrap tree #74, logLikelihood: -2433.738668
[00:02:44] Bootstrap tree #75, logLikelihood: -2400.282642
[00:02:45] Bootstrap tree #76, logLikelihood: -2433.168417
[00:02:45] Bootstrap tree #77, logLikelihood: -2431.745997
[00:02:46] Bootstrap tree #78, logLikelihood: -2504.141251
[00:02:46] Bootstrap tree #79, logLikelihood: -2496.672878
[00:02:47] Bootstrap tree #80, logLikelihood: -2440.767602
[00:02:47] Bootstrap tree #81, logLikelihood: -2586.334023
[00:02:48] Bootstrap tree #82, logLikelihood: -2387.152454
[00:02:48] Bootstrap tree #83, logLikelihood: -2354.724660
[00:02:49] Bootstrap tree #84, logLikelihood: -2448.636472
[00:02:50] Bootstrap tree #85, logLikelihood: -2444.066063
[00:02:50] Bootstrap tree #86, logLikelihood: -2435.905901
[00:02:51] Bootstrap tree #87, logLikelihood: -2409.405912
[00:02:52] Bootstrap tree #88, logLikelihood: -2494.126181
[00:02:53] Bootstrap tree #89, logLikelihood: -2369.321338
[00:02:53] Bootstrap tree #90, logLikelihood: -2553.459130
[00:02:54] Bootstrap tree #91, logLikelihood: -2406.990617
[00:02:54] Bootstrap tree #92, logLikelihood: -2485.209516
[00:02:55] Bootstrap tree #93, logLikelihood: -2443.418883
[00:02:55] Bootstrap tree #94, logLikelihood: -2441.601595
[00:02:56] Bootstrap tree #95, logLikelihood: -2407.228855
[00:02:57] Bootstrap tree #96, logLikelihood: -2378.332864
[00:02:58] Bootstrap tree #97, logLikelihood: -2464.872134
[00:02:58] Bootstrap tree #98, logLikelihood: -2454.738411
[00:02:59] Bootstrap tree #99, logLikelihood: -2419.957497
[00:03:00] Bootstrap tree #100, logLikelihood: -2496.989641
[00:03:00] Bootstrap tree #101, logLikelihood: -2375.417923
[00:03:00] Bootstrap tree #102, logLikelihood: -2357.771937
[00:03:01] Bootstrap tree #103, logLikelihood: -2457.592064
[00:03:02] Bootstrap tree #104, logLikelihood: -2470.833517
[00:03:02] Bootstrap tree #105, logLikelihood: -2486.220760
[00:03:03] Bootstrap tree #106, logLikelihood: -2492.612404
[00:03:03] Bootstrap tree #107, logLikelihood: -2398.333904
[00:03:04] Bootstrap tree #108, logLikelihood: -2387.779801
[00:03:04] Bootstrap tree #109, logLikelihood: -2454.615751
[00:03:05] Bootstrap tree #110, logLikelihood: -2438.216764
[00:03:06] Bootstrap tree #111, logLikelihood: -2406.649061
[00:03:06] Bootstrap tree #112, logLikelihood: -2417.407348
[00:03:07] Bootstrap tree #113, logLikelihood: -2478.994527
[00:03:07] Bootstrap tree #114, logLikelihood: -2346.652062
[00:03:08] Bootstrap tree #115, logLikelihood: -2421.896794
[00:03:09] Bootstrap tree #116, logLikelihood: -2499.001971
[00:03:09] Bootstrap tree #117, logLikelihood: -2388.996132
[00:03:10] Bootstrap tree #118, logLikelihood: -2368.398174
[00:03:10] Bootstrap tree #119, logLikelihood: -2419.042994
[00:03:11] Bootstrap tree #120, logLikelihood: -2468.283122
[00:03:12] Bootstrap tree #121, logLikelihood: -2414.889737
[00:03:12] Bootstrap tree #122, logLikelihood: -2506.872264
[00:03:13] Bootstrap tree #123, logLikelihood: -2422.965355
[00:03:13] Bootstrap tree #124, logLikelihood: -2441.186869
[00:03:14] Bootstrap tree #125, logLikelihood: -2386.641960
[00:03:15] Bootstrap tree #126, logLikelihood: -2417.196306
[00:03:15] Bootstrap tree #127, logLikelihood: -2415.391462
[00:03:16] Bootstrap tree #128, logLikelihood: -2435.835849
[00:03:17] Bootstrap tree #129, logLikelihood: -2378.779025
[00:03:17] Bootstrap tree #130, logLikelihood: -2493.038936
[00:03:18] Bootstrap tree #131, logLikelihood: -2453.964036
[00:03:18] Bootstrap tree #132, logLikelihood: -2455.170264
[00:03:19] Bootstrap tree #133, logLikelihood: -2329.893887
[00:03:20] Bootstrap tree #134, logLikelihood: -2415.314915
[00:03:20] Bootstrap tree #135, logLikelihood: -2503.014108
[00:03:21] Bootstrap tree #136, logLikelihood: -2413.722451
[00:03:21] Bootstrap tree #137, logLikelihood: -2368.216228
[00:03:22] Bootstrap tree #138, logLikelihood: -2532.842582
[00:03:23] Bootstrap tree #139, logLikelihood: -2459.565078
[00:03:23] Bootstrap tree #140, logLikelihood: -2466.980048
[00:03:24] Bootstrap tree #141, logLikelihood: -2381.644075
[00:03:24] Bootstrap tree #142, logLikelihood: -2427.116088
[00:03:25] Bootstrap tree #143, logLikelihood: -2424.803689
[00:03:25] Bootstrap tree #144, logLikelihood: -2453.292013
[00:03:26] Bootstrap tree #145, logLikelihood: -2495.392416
[00:03:27] Bootstrap tree #146, logLikelihood: -2456.666766
[00:03:28] Bootstrap tree #147, logLikelihood: -2412.127461
[00:03:28] Bootstrap tree #148, logLikelihood: -2422.005900
[00:03:29] Bootstrap tree #149, logLikelihood: -2429.740449
[00:03:30] Bootstrap tree #150, logLikelihood: -2390.784994
[00:03:30] Bootstrap tree #151, logLikelihood: -2477.100385
[00:03:31] Bootstrap tree #152, logLikelihood: -2416.878374
[00:03:31] Bootstrap tree #153, logLikelihood: -2477.643688
[00:03:32] Bootstrap tree #154, logLikelihood: -2417.509553
[00:03:32] Bootstrap tree #155, logLikelihood: -2479.175140
[00:03:33] Bootstrap tree #156, logLikelihood: -2471.704705
[00:03:34] Bootstrap tree #157, logLikelihood: -2465.150264
[00:03:34] Bootstrap tree #158, logLikelihood: -2394.262696
[00:03:35] Bootstrap tree #159, logLikelihood: -2409.335433
[00:03:35] Bootstrap tree #160, logLikelihood: -2333.186474
[00:03:36] Bootstrap tree #161, logLikelihood: -2474.401672
[00:03:36] Bootstrap tree #162, logLikelihood: -2350.941482
[00:03:37] Bootstrap tree #163, logLikelihood: -2464.178168
[00:03:38] Bootstrap tree #164, logLikelihood: -2469.291611
[00:03:38] Bootstrap tree #165, logLikelihood: -2445.817905
[00:03:39] Bootstrap tree #166, logLikelihood: -2331.634036
[00:03:39] Bootstrap tree #167, logLikelihood: -2330.897098
[00:03:40] Bootstrap tree #168, logLikelihood: -2469.765946
[00:03:41] Bootstrap tree #169, logLikelihood: -2435.835075
[00:03:41] Bootstrap tree #170, logLikelihood: -2477.411420
[00:03:42] Bootstrap tree #171, logLikelihood: -2378.947831
[00:03:42] Bootstrap tree #172, logLikelihood: -2512.379839
[00:03:43] Bootstrap tree #173, logLikelihood: -2346.905865
[00:03:43] Bootstrap tree #174, logLikelihood: -2420.050957
[00:03:44] Bootstrap tree #175, logLikelihood: -2427.754252
[00:03:45] Bootstrap tree #176, logLikelihood: -2383.552601
[00:03:45] Bootstrap tree #177, logLikelihood: -2393.570957
[00:03:46] Bootstrap tree #178, logLikelihood: -2497.576247
[00:03:47] Bootstrap tree #179, logLikelihood: -2474.395960
[00:03:49] Bootstrap tree #180, logLikelihood: -2393.509399
[00:03:50] Bootstrap tree #181, logLikelihood: -2489.813013
[00:03:51] Bootstrap tree #182, logLikelihood: -2447.636936
[00:03:52] Bootstrap tree #183, logLikelihood: -2402.148235
[00:03:53] Bootstrap tree #184, logLikelihood: -2484.621585
[00:03:54] Bootstrap tree #185, logLikelihood: -2433.839718
[00:03:55] Bootstrap tree #186, logLikelihood: -2478.728530
[00:03:55] Bootstrap tree #187, logLikelihood: -2517.744694
[00:03:56] Bootstrap tree #188, logLikelihood: -2472.759370
[00:03:56] Bootstrap tree #189, logLikelihood: -2471.960814
[00:03:57] Bootstrap tree #190, logLikelihood: -2424.791901
[00:03:58] Bootstrap tree #191, logLikelihood: -2457.058627
[00:03:58] Bootstrap tree #192, logLikelihood: -2382.159909
[00:03:59] Bootstrap tree #193, logLikelihood: -2474.376607
[00:03:59] Bootstrap tree #194, logLikelihood: -2401.203873
[00:04:00] Bootstrap tree #195, logLikelihood: -2390.891843
[00:04:01] Bootstrap tree #196, logLikelihood: -2459.712437
[00:04:02] Bootstrap tree #197, logLikelihood: -2372.673367
[00:04:02] Bootstrap tree #198, logLikelihood: -2407.370196
[00:04:03] Bootstrap tree #199, logLikelihood: -2474.221531
[00:04:03] Bootstrap tree #200, logLikelihood: -2429.970432
[00:04:04] Bootstrap tree #201, logLikelihood: -2565.058396
[00:04:05] Bootstrap tree #202, logLikelihood: -2431.322134
[00:04:06] Bootstrap tree #203, logLikelihood: -2380.274488
[00:04:06] Bootstrap tree #204, logLikelihood: -2449.410407
[00:04:07] Bootstrap tree #205, logLikelihood: -2408.156638
[00:04:07] Bootstrap tree #206, logLikelihood: -2456.477080
[00:04:08] Bootstrap tree #207, logLikelihood: -2470.411263
[00:04:09] Bootstrap tree #208, logLikelihood: -2391.711047
[00:04:09] Bootstrap tree #209, logLikelihood: -2391.259165
[00:04:10] Bootstrap tree #210, logLikelihood: -2435.632176
[00:04:11] Bootstrap tree #211, logLikelihood: -2367.153041
[00:04:11] Bootstrap tree #212, logLikelihood: -2474.201993
[00:04:12] Bootstrap tree #213, logLikelihood: -2439.561212
[00:04:12] Bootstrap tree #214, logLikelihood: -2443.933914
[00:04:13] Bootstrap tree #215, logLikelihood: -2358.931204
[00:04:13] Bootstrap tree #216, logLikelihood: -2520.973947
[00:04:14] Bootstrap tree #217, logLikelihood: -2470.730744
[00:04:15] Bootstrap tree #218, logLikelihood: -2449.532394
[00:04:15] Bootstrap tree #219, logLikelihood: -2435.841799
[00:04:16] Bootstrap tree #220, logLikelihood: -2529.648795
[00:04:17] Bootstrap tree #221, logLikelihood: -2401.888703
[00:04:17] Bootstrap tree #222, logLikelihood: -2377.840276
[00:04:18] Bootstrap tree #223, logLikelihood: -2350.028091
[00:04:18] Bootstrap tree #224, logLikelihood: -2401.471638
[00:04:19] Bootstrap tree #225, logLikelihood: -2441.650322
[00:04:20] Bootstrap tree #226, logLikelihood: -2426.719841
[00:04:20] Bootstrap tree #227, logLikelihood: -2463.422193
[00:04:21] Bootstrap tree #228, logLikelihood: -2409.203510
[00:04:22] Bootstrap tree #229, logLikelihood: -2423.369868
[00:04:23] Bootstrap tree #230, logLikelihood: -2393.802085
[00:04:23] Bootstrap tree #231, logLikelihood: -2437.283356
[00:04:24] Bootstrap tree #232, logLikelihood: -2403.039787
[00:04:25] Bootstrap tree #233, logLikelihood: -2487.548651
[00:04:25] Bootstrap tree #234, logLikelihood: -2407.936860
[00:04:26] Bootstrap tree #235, logLikelihood: -2371.030817
[00:04:26] Bootstrap tree #236, logLikelihood: -2369.292338
[00:04:27] Bootstrap tree #237, logLikelihood: -2323.443967
[00:04:27] Bootstrap tree #238, logLikelihood: -2423.516116
[00:04:28] Bootstrap tree #239, logLikelihood: -2356.447729
[00:04:28] Bootstrap tree #240, logLikelihood: -2441.737015
[00:04:29] Bootstrap tree #241, logLikelihood: -2401.394385
[00:04:30] Bootstrap tree #242, logLikelihood: -2496.378768
[00:04:30] Bootstrap tree #243, logLikelihood: -2433.691683
[00:04:31] Bootstrap tree #244, logLikelihood: -2482.015812
[00:04:32] Bootstrap tree #245, logLikelihood: -2402.590740
[00:04:36] Bootstrap tree #246, logLikelihood: -2390.500138
[00:04:36] Bootstrap tree #247, logLikelihood: -2468.869582
[00:04:37] Bootstrap tree #248, logLikelihood: -2443.200062
[00:04:37] Bootstrap tree #249, logLikelihood: -2480.125325
[00:04:38] Bootstrap tree #250, logLikelihood: -2441.369025
[00:04:39] Bootstrap tree #251, logLikelihood: -2375.478354
[00:04:39] Bootstrap tree #252, logLikelihood: -2471.267058
[00:04:40] Bootstrap tree #253, logLikelihood: -2464.924861
[00:04:40] Bootstrap tree #254, logLikelihood: -2430.585586
[00:04:41] Bootstrap tree #255, logLikelihood: -2385.462001
[00:04:42] Bootstrap tree #256, logLikelihood: -2436.889801
[00:04:42] Bootstrap tree #257, logLikelihood: -2436.126327
[00:04:43] Bootstrap tree #258, logLikelihood: -2445.409664
[00:04:44] Bootstrap tree #259, logLikelihood: -2406.200743
[00:04:44] Bootstrap tree #260, logLikelihood: -2476.429426
[00:04:45] Bootstrap tree #261, logLikelihood: -2440.092733
[00:04:46] Bootstrap tree #262, logLikelihood: -2470.637406
[00:04:46] Bootstrap tree #263, logLikelihood: -2462.612533
[00:04:47] Bootstrap tree #264, logLikelihood: -2535.596816
[00:04:47] Bootstrap tree #265, logLikelihood: -2419.522881
[00:04:48] Bootstrap tree #266, logLikelihood: -2413.885440
[00:04:48] Bootstrap tree #267, logLikelihood: -2470.662679
[00:04:49] Bootstrap tree #268, logLikelihood: -2426.529314
[00:04:49] Bootstrap tree #269, logLikelihood: -2370.144918
[00:04:50] Bootstrap tree #270, logLikelihood: -2472.938414
[00:04:51] Bootstrap tree #271, logLikelihood: -2429.702595
[00:04:51] Bootstrap tree #272, logLikelihood: -2444.490231
[00:04:52] Bootstrap tree #273, logLikelihood: -2486.824265
[00:04:53] Bootstrap tree #274, logLikelihood: -2402.061803
[00:04:53] Bootstrap tree #275, logLikelihood: -2495.413009
[00:04:55] Bootstrap tree #276, logLikelihood: -2448.826205
[00:04:57] Bootstrap tree #277, logLikelihood: -2465.317031
[00:04:57] Bootstrap tree #278, logLikelihood: -2485.226597
[00:04:58] Bootstrap tree #279, logLikelihood: -2413.291701
[00:04:59] Bootstrap tree #280, logLikelihood: -2459.148431
[00:04:59] Bootstrap tree #281, logLikelihood: -2413.238436
[00:05:00] Bootstrap tree #282, logLikelihood: -2443.563416
[00:05:01] Bootstrap tree #283, logLikelihood: -2344.707870
[00:05:01] Bootstrap tree #284, logLikelihood: -2460.535619
[00:05:02] Bootstrap tree #285, logLikelihood: -2447.911824
[00:05:03] Bootstrap tree #286, logLikelihood: -2511.146791
[00:05:04] Bootstrap tree #287, logLikelihood: -2392.769884
[00:05:05] Bootstrap tree #288, logLikelihood: -2354.446298
[00:05:05] Bootstrap tree #289, logLikelihood: -2433.148919
[00:05:06] Bootstrap tree #290, logLikelihood: -2396.835976
[00:05:06] Bootstrap tree #291, logLikelihood: -2411.409822
[00:05:07] Bootstrap tree #292, logLikelihood: -2370.621354
[00:05:08] Bootstrap tree #293, logLikelihood: -2393.397235
[00:05:08] Bootstrap tree #294, logLikelihood: -2477.761381
[00:05:09] Bootstrap tree #295, logLikelihood: -2542.848864
[00:05:10] Bootstrap tree #296, logLikelihood: -2452.989926
[00:05:10] Bootstrap tree #297, logLikelihood: -2378.960552
[00:05:11] Bootstrap tree #298, logLikelihood: -2407.694374
[00:05:12] Bootstrap tree #299, logLikelihood: -2462.097119
[00:05:12] Bootstrap tree #300, logLikelihood: -2441.849328
[00:05:13] Bootstrap tree #301, logLikelihood: -2431.786561
[00:05:14] Bootstrap tree #302, logLikelihood: -2433.196528
[00:05:15] Bootstrap tree #303, logLikelihood: -2453.440206
[00:05:15] Bootstrap tree #304, logLikelihood: -2416.868059
[00:05:16] Bootstrap tree #305, logLikelihood: -2431.883213
[00:05:16] Bootstrap tree #306, logLikelihood: -2467.870232
[00:05:17] Bootstrap tree #307, logLikelihood: -2482.449187
[00:05:18] Bootstrap tree #308, logLikelihood: -2345.711819
[00:05:18] Bootstrap tree #309, logLikelihood: -2440.503277
[00:05:19] Bootstrap tree #310, logLikelihood: -2376.445353
[00:05:20] Bootstrap tree #311, logLikelihood: -2494.393673
[00:05:20] Bootstrap tree #312, logLikelihood: -2397.957206
[00:05:21] Bootstrap tree #313, logLikelihood: -2415.356730
[00:05:22] Bootstrap tree #314, logLikelihood: -2459.940375
[00:05:22] Bootstrap tree #315, logLikelihood: -2420.047436
[00:05:23] Bootstrap tree #316, logLikelihood: -2412.024991
[00:05:24] Bootstrap tree #317, logLikelihood: -2419.806397
[00:05:24] Bootstrap tree #318, logLikelihood: -2452.012371
[00:05:25] Bootstrap tree #319, logLikelihood: -2338.566969
[00:05:26] Bootstrap tree #320, logLikelihood: -2474.302323
[00:05:26] Bootstrap tree #321, logLikelihood: -2409.087374
[00:05:27] Bootstrap tree #322, logLikelihood: -2395.850618
[00:05:28] Bootstrap tree #323, logLikelihood: -2408.442728
[00:05:29] Bootstrap tree #324, logLikelihood: -2394.724936
[00:05:29] Bootstrap tree #325, logLikelihood: -2362.013799
[00:05:30] Bootstrap tree #326, logLikelihood: -2387.172386
[00:05:31] Bootstrap tree #327, logLikelihood: -2434.701321
[00:05:31] Bootstrap tree #328, logLikelihood: -2456.520849
[00:05:33] Bootstrap tree #329, logLikelihood: -2478.482699
[00:05:34] Bootstrap tree #330, logLikelihood: -2415.752093
[00:05:35] Bootstrap tree #331, logLikelihood: -2429.063974
[00:05:36] Bootstrap tree #332, logLikelihood: -2467.514590
[00:05:36] Bootstrap tree #333, logLikelihood: -2463.796087
[00:05:37] Bootstrap tree #334, logLikelihood: -2448.688469
[00:05:38] Bootstrap tree #335, logLikelihood: -2407.607464
[00:05:39] Bootstrap tree #336, logLikelihood: -2467.654503
[00:05:39] Bootstrap tree #337, logLikelihood: -2386.810728
[00:05:40] Bootstrap tree #338, logLikelihood: -2413.446682
[00:05:40] Bootstrap tree #339, logLikelihood: -2460.089587
[00:05:41] Bootstrap tree #340, logLikelihood: -2366.800459
[00:05:42] Bootstrap tree #341, logLikelihood: -2489.448935
[00:05:42] Bootstrap tree #342, logLikelihood: -2537.906286
[00:05:43] Bootstrap tree #343, logLikelihood: -2436.870353
[00:05:44] Bootstrap tree #344, logLikelihood: -2462.233341
[00:05:45] Bootstrap tree #345, logLikelihood: -2451.539819
[00:05:45] Bootstrap tree #346, logLikelihood: -2455.669753
[00:05:46] Bootstrap tree #347, logLikelihood: -2431.027637
[00:05:46] Bootstrap tree #348, logLikelihood: -2424.726726
[00:05:47] Bootstrap tree #349, logLikelihood: -2520.595370
[00:05:48] Bootstrap tree #350, logLikelihood: -2405.192123
[00:05:49] Bootstrap tree #351, logLikelihood: -2446.121773
[00:05:49] Bootstrap tree #352, logLikelihood: -2446.263411
[00:05:50] Bootstrap tree #353, logLikelihood: -2424.643875
[00:05:51] Bootstrap tree #354, logLikelihood: -2414.555832
[00:05:51] Bootstrap tree #355, logLikelihood: -2411.048402
[00:05:52] Bootstrap tree #356, logLikelihood: -2491.907723
[00:05:53] Bootstrap tree #357, logLikelihood: -2423.466681
[00:05:54] Bootstrap tree #358, logLikelihood: -2430.767959
[00:05:55] Bootstrap tree #359, logLikelihood: -2395.546864
[00:05:56] Bootstrap tree #360, logLikelihood: -2443.784419
[00:05:57] Bootstrap tree #361, logLikelihood: -2484.364979
[00:05:58] Bootstrap tree #362, logLikelihood: -2445.284575
[00:05:59] Bootstrap tree #363, logLikelihood: -2452.754515
[00:05:59] Bootstrap tree #364, logLikelihood: -2395.629473
[00:06:00] Bootstrap tree #365, logLikelihood: -2535.972747
[00:06:01] Bootstrap tree #366, logLikelihood: -2357.383999
[00:06:02] Bootstrap tree #367, logLikelihood: -2363.571787
[00:06:02] Bootstrap tree #368, logLikelihood: -2403.686717
[00:06:03] Bootstrap tree #369, logLikelihood: -2412.314188
[00:06:03] Bootstrap tree #370, logLikelihood: -2464.301023
[00:06:04] Bootstrap tree #371, logLikelihood: -2463.782540
[00:06:05] Bootstrap tree #372, logLikelihood: -2503.078797
[00:06:05] Bootstrap tree #373, logLikelihood: -2443.926065
[00:06:06] Bootstrap tree #374, logLikelihood: -2367.798644
[00:06:07] Bootstrap tree #375, logLikelihood: -2475.579726
[00:06:07] Bootstrap tree #376, logLikelihood: -2431.403654
[00:06:08] Bootstrap tree #377, logLikelihood: -2468.534057
[00:06:08] Bootstrap tree #378, logLikelihood: -2388.965675
[00:06:09] Bootstrap tree #379, logLikelihood: -2520.434308
[00:06:10] Bootstrap tree #380, logLikelihood: -2464.733746
[00:06:10] Bootstrap tree #381, logLikelihood: -2460.363060
[00:06:11] Bootstrap tree #382, logLikelihood: -2409.375563
[00:06:11] Bootstrap tree #383, logLikelihood: -2429.279446
[00:06:12] Bootstrap tree #384, logLikelihood: -2416.546311
[00:06:13] Bootstrap tree #385, logLikelihood: -2402.316822
[00:06:13] Bootstrap tree #386, logLikelihood: -2429.329654
[00:06:14] Bootstrap tree #387, logLikelihood: -2391.959755
[00:06:15] Bootstrap tree #388, logLikelihood: -2380.526531
[00:06:16] Bootstrap tree #389, logLikelihood: -2457.369868
[00:06:16] Bootstrap tree #390, logLikelihood: -2364.653739
[00:06:17] Bootstrap tree #391, logLikelihood: -2475.835800
[00:06:17] Bootstrap tree #392, logLikelihood: -2385.499296
[00:06:18] Bootstrap tree #393, logLikelihood: -2463.357767
[00:06:19] Bootstrap tree #394, logLikelihood: -2463.807033
[00:06:20] Bootstrap tree #395, logLikelihood: -2442.275463
[00:06:21] Bootstrap tree #396, logLikelihood: -2440.217111
[00:06:21] Bootstrap tree #397, logLikelihood: -2477.530452
[00:06:22] Bootstrap tree #398, logLikelihood: -2417.856379
[00:06:22] Bootstrap tree #399, logLikelihood: -2441.936700
[00:06:23] Bootstrap tree #400, logLikelihood: -2465.615629
[00:06:24] Bootstrap tree #401, logLikelihood: -2473.723665
[00:06:24] Bootstrap tree #402, logLikelihood: -2435.548503
[00:06:25] Bootstrap tree #403, logLikelihood: -2411.456267
[00:06:25] Bootstrap tree #404, logLikelihood: -2418.598047
[00:06:26] Bootstrap tree #405, logLikelihood: -2418.857096
[00:06:27] Bootstrap tree #406, logLikelihood: -2430.561521
[00:06:27] Bootstrap tree #407, logLikelihood: -2446.815218
[00:06:28] Bootstrap tree #408, logLikelihood: -2380.995449
[00:06:29] Bootstrap tree #409, logLikelihood: -2422.644038
[00:06:29] Bootstrap tree #410, logLikelihood: -2463.850185
[00:06:30] Bootstrap tree #411, logLikelihood: -2486.437464
[00:06:31] Bootstrap tree #412, logLikelihood: -2469.931120
[00:06:33] Bootstrap tree #413, logLikelihood: -2428.786367
[00:06:34] Bootstrap tree #414, logLikelihood: -2412.604620
[00:06:35] Bootstrap tree #415, logLikelihood: -2481.574887
[00:06:35] Bootstrap tree #416, logLikelihood: -2388.446527
[00:06:36] Bootstrap tree #417, logLikelihood: -2466.057783
[00:06:37] Bootstrap tree #418, logLikelihood: -2492.890681
[00:06:38] Bootstrap tree #419, logLikelihood: -2458.004763
[00:06:38] Bootstrap tree #420, logLikelihood: -2394.040898
[00:06:39] Bootstrap tree #421, logLikelihood: -2386.184273
[00:06:40] Bootstrap tree #422, logLikelihood: -2408.890254
[00:06:40] Bootstrap tree #423, logLikelihood: -2467.509605
[00:06:41] Bootstrap tree #424, logLikelihood: -2541.023113
[00:06:42] Bootstrap tree #425, logLikelihood: -2421.497952
[00:06:42] Bootstrap tree #426, logLikelihood: -2383.039047
[00:06:43] Bootstrap tree #427, logLikelihood: -2427.823863
[00:06:43] Bootstrap tree #428, logLikelihood: -2410.666300
[00:06:44] Bootstrap tree #429, logLikelihood: -2315.659599
[00:06:45] Bootstrap tree #430, logLikelihood: -2419.052500
[00:06:46] Bootstrap tree #431, logLikelihood: -2472.952658
[00:06:46] Bootstrap tree #432, logLikelihood: -2404.115395
[00:06:47] Bootstrap tree #433, logLikelihood: -2345.953913
[00:06:48] Bootstrap tree #434, logLikelihood: -2438.489964
[00:06:48] Bootstrap tree #435, logLikelihood: -2491.366095
[00:06:49] Bootstrap tree #436, logLikelihood: -2423.844499
[00:06:50] Bootstrap tree #437, logLikelihood: -2491.073090
[00:06:50] Bootstrap tree #438, logLikelihood: -2415.693832
[00:06:51] Bootstrap tree #439, logLikelihood: -2455.712671
[00:06:52] Bootstrap tree #440, logLikelihood: -2448.422412
[00:06:52] Bootstrap tree #441, logLikelihood: -2450.758771
[00:06:53] Bootstrap tree #442, logLikelihood: -2385.720782
[00:06:54] Bootstrap tree #443, logLikelihood: -2446.485871
[00:06:55] Bootstrap tree #444, logLikelihood: -2433.584434
[00:06:55] Bootstrap tree #445, logLikelihood: -2358.035178
[00:06:56] Bootstrap tree #446, logLikelihood: -2420.759763
[00:06:57] Bootstrap tree #447, logLikelihood: -2389.185221
[00:06:58] Bootstrap tree #448, logLikelihood: -2414.779547
[00:06:58] Bootstrap tree #449, logLikelihood: -2376.743556
[00:07:00] Bootstrap tree #450, logLikelihood: -2353.765638
[00:07:00] Bootstrap tree #451, logLikelihood: -2453.310729
[00:07:01] Bootstrap tree #452, logLikelihood: -2412.266822
[00:07:02] Bootstrap tree #453, logLikelihood: -2454.383554
[00:07:03] Bootstrap tree #454, logLikelihood: -2504.513709
[00:07:04] Bootstrap tree #455, logLikelihood: -2452.501513
[00:07:04] Bootstrap tree #456, logLikelihood: -2370.097840
[00:07:05] Bootstrap tree #457, logLikelihood: -2389.996866
[00:07:06] Bootstrap tree #458, logLikelihood: -2474.248592
[00:07:07] Bootstrap tree #459, logLikelihood: -2484.782884
[00:07:08] Bootstrap tree #460, logLikelihood: -2426.729974
[00:07:08] Bootstrap tree #461, logLikelihood: -2438.149296
[00:07:09] Bootstrap tree #462, logLikelihood: -2386.683824
[00:07:10] Bootstrap tree #463, logLikelihood: -2477.065867
[00:07:10] Bootstrap tree #464, logLikelihood: -2460.720415
[00:07:11] Bootstrap tree #465, logLikelihood: -2522.040723
[00:07:12] Bootstrap tree #466, logLikelihood: -2372.562225
[00:07:13] Bootstrap tree #467, logLikelihood: -2464.679973
[00:07:14] Bootstrap tree #468, logLikelihood: -2499.009451
[00:07:15] Bootstrap tree #469, logLikelihood: -2464.653274
[00:07:15] Bootstrap tree #470, logLikelihood: -2410.200998
[00:07:16] Bootstrap tree #471, logLikelihood: -2476.832010
[00:07:17] Bootstrap tree #472, logLikelihood: -2453.878527
[00:07:18] Bootstrap tree #473, logLikelihood: -2393.742261
[00:07:19] Bootstrap tree #474, logLikelihood: -2471.728565
[00:07:19] Bootstrap tree #475, logLikelihood: -2470.240810
[00:07:20] Bootstrap tree #476, logLikelihood: -2417.403172
[00:07:20] Bootstrap tree #477, logLikelihood: -2431.437524
[00:07:21] Bootstrap tree #478, logLikelihood: -2482.952751
[00:07:22] Bootstrap tree #479, logLikelihood: -2462.359818
[00:07:23] Bootstrap tree #480, logLikelihood: -2484.951671
[00:07:24] Bootstrap tree #481, logLikelihood: -2415.177229
[00:07:25] Bootstrap tree #482, logLikelihood: -2398.622468
[00:07:25] Bootstrap tree #483, logLikelihood: -2458.393978
[00:07:26] Bootstrap tree #484, logLikelihood: -2485.690881
[00:07:27] Bootstrap tree #485, logLikelihood: -2562.028027
[00:07:28] Bootstrap tree #486, logLikelihood: -2336.985295
[00:07:28] Bootstrap tree #487, logLikelihood: -2465.502681
[00:07:29] Bootstrap tree #488, logLikelihood: -2443.393930
[00:07:30] Bootstrap tree #489, logLikelihood: -2408.418788
[00:07:30] Bootstrap tree #490, logLikelihood: -2420.911805
[00:07:31] Bootstrap tree #491, logLikelihood: -2402.745041
[00:07:31] Bootstrap tree #492, logLikelihood: -2463.665344
[00:07:32] Bootstrap tree #493, logLikelihood: -2402.760488
[00:07:33] Bootstrap tree #494, logLikelihood: -2400.506211
[00:07:34] Bootstrap tree #495, logLikelihood: -2466.996599
[00:07:35] Bootstrap tree #496, logLikelihood: -2417.584973
[00:07:35] Bootstrap tree #497, logLikelihood: -2471.700719
[00:07:36] Bootstrap tree #498, logLikelihood: -2448.034704
[00:07:37] Bootstrap tree #499, logLikelihood: -2467.845050
[00:07:38] Bootstrap tree #500, logLikelihood: -2443.661848
[00:07:39] Bootstrap tree #501, logLikelihood: -2486.803774
[00:07:39] Bootstrap tree #502, logLikelihood: -2423.717414
[00:07:40] Bootstrap tree #503, logLikelihood: -2381.561043
[00:07:40] Bootstrap tree #504, logLikelihood: -2479.111633
[00:07:41] Bootstrap tree #505, logLikelihood: -2453.661592
[00:07:43] Bootstrap tree #506, logLikelihood: -2378.310827
[00:07:44] Bootstrap tree #507, logLikelihood: -2528.950977
[00:07:45] Bootstrap tree #508, logLikelihood: -2474.668614
[00:07:45] Bootstrap tree #509, logLikelihood: -2480.813869
[00:07:46] Bootstrap tree #510, logLikelihood: -2427.511444
[00:07:47] Bootstrap tree #511, logLikelihood: -2443.717762
[00:07:47] Bootstrap tree #512, logLikelihood: -2399.324774
[00:07:48] Bootstrap tree #513, logLikelihood: -2388.909397
[00:07:49] Bootstrap tree #514, logLikelihood: -2512.006314
[00:07:49] Bootstrap tree #515, logLikelihood: -2396.009056
[00:07:50] Bootstrap tree #516, logLikelihood: -2390.960582
[00:07:51] Bootstrap tree #517, logLikelihood: -2399.286117
[00:07:52] Bootstrap tree #518, logLikelihood: -2429.926120
[00:07:53] Bootstrap tree #519, logLikelihood: -2467.827102
[00:07:54] Bootstrap tree #520, logLikelihood: -2417.620917
[00:07:55] Bootstrap tree #521, logLikelihood: -2417.180952
[00:07:56] Bootstrap tree #522, logLikelihood: -2426.469929
[00:07:57] Bootstrap tree #523, logLikelihood: -2414.095785
[00:07:58] Bootstrap tree #524, logLikelihood: -2461.445208
[00:07:58] Bootstrap tree #525, logLikelihood: -2376.890147
[00:07:59] Bootstrap tree #526, logLikelihood: -2461.634370
[00:07:59] Bootstrap tree #527, logLikelihood: -2426.711379
[00:08:00] Bootstrap tree #528, logLikelihood: -2457.635456
[00:08:00] Bootstrap tree #529, logLikelihood: -2458.961155
[00:08:01] Bootstrap tree #530, logLikelihood: -2517.650111
[00:08:02] Bootstrap tree #531, logLikelihood: -2460.777904
[00:08:02] Bootstrap tree #532, logLikelihood: -2395.210281
[00:08:03] Bootstrap tree #533, logLikelihood: -2384.313255
[00:08:03] Bootstrap tree #534, logLikelihood: -2348.852834
[00:08:04] Bootstrap tree #535, logLikelihood: -2509.743732
[00:08:05] Bootstrap tree #536, logLikelihood: -2431.794921
[00:08:05] Bootstrap tree #537, logLikelihood: -2424.995821
[00:08:06] Bootstrap tree #538, logLikelihood: -2418.325690
[00:08:07] Bootstrap tree #539, logLikelihood: -2382.867805
[00:08:08] Bootstrap tree #540, logLikelihood: -2402.248739
[00:08:08] Bootstrap tree #541, logLikelihood: -2417.404513
[00:08:09] Bootstrap tree #542, logLikelihood: -2449.350648
[00:08:10] Bootstrap tree #543, logLikelihood: -2297.928706
[00:08:10] Bootstrap tree #544, logLikelihood: -2423.209315
[00:08:11] Bootstrap tree #545, logLikelihood: -2411.346584
[00:08:12] Bootstrap tree #546, logLikelihood: -2400.385221
[00:08:12] Bootstrap tree #547, logLikelihood: -2402.232684
[00:08:13] Bootstrap tree #548, logLikelihood: -2594.103454
[00:08:14] Bootstrap tree #549, logLikelihood: -2380.000532
[00:08:15] Bootstrap tree #550, logLikelihood: -2414.991673
[00:08:15] Bootstrap tree #551, logLikelihood: -2353.701495
[00:08:16] Bootstrap tree #552, logLikelihood: -2421.719871
[00:08:16] Bootstrap tree #553, logLikelihood: -2361.421147
[00:08:17] Bootstrap tree #554, logLikelihood: -2393.883056
[00:08:18] Bootstrap tree #555, logLikelihood: -2432.295508
[00:08:18] Bootstrap tree #556, logLikelihood: -2435.528117
[00:08:19] Bootstrap tree #557, logLikelihood: -2523.408124
[00:08:20] Bootstrap tree #558, logLikelihood: -2377.343149
[00:08:20] Bootstrap tree #559, logLikelihood: -2447.813055
[00:08:21] Bootstrap tree #560, logLikelihood: -2477.258976
[00:08:22] Bootstrap tree #561, logLikelihood: -2453.505147
[00:08:23] Bootstrap tree #562, logLikelihood: -2397.768302
[00:08:23] Bootstrap tree #563, logLikelihood: -2375.063218
[00:08:24] Bootstrap tree #564, logLikelihood: -2413.876546
[00:08:25] Bootstrap tree #565, logLikelihood: -2454.240872
[00:08:25] Bootstrap tree #566, logLikelihood: -2528.090133
[00:08:26] Bootstrap tree #567, logLikelihood: -2474.268944
[00:08:27] Bootstrap tree #568, logLikelihood: -2481.964050
[00:08:28] Bootstrap tree #569, logLikelihood: -2416.026276
[00:08:29] Bootstrap tree #570, logLikelihood: -2462.109995
[00:08:29] Bootstrap tree #571, logLikelihood: -2390.510476
[00:08:31] Bootstrap tree #572, logLikelihood: -2455.231024
[00:08:31] Bootstrap tree #573, logLikelihood: -2358.880596
[00:08:32] Bootstrap tree #574, logLikelihood: -2455.853476
[00:08:32] Bootstrap tree #575, logLikelihood: -2446.688265
[00:08:33] Bootstrap tree #576, logLikelihood: -2425.988556
[00:08:34] Bootstrap tree #577, logLikelihood: -2421.836641
[00:08:34] Bootstrap tree #578, logLikelihood: -2389.582649
[00:08:35] Bootstrap tree #579, logLikelihood: -2449.186849
[00:08:36] Bootstrap tree #580, logLikelihood: -2390.474009
[00:08:37] Bootstrap tree #581, logLikelihood: -2450.199991
[00:08:38] Bootstrap tree #582, logLikelihood: -2349.706511
[00:08:38] Bootstrap tree #583, logLikelihood: -2461.943439
[00:08:39] Bootstrap tree #584, logLikelihood: -2457.707696
[00:08:40] Bootstrap tree #585, logLikelihood: -2449.410393
[00:08:40] Bootstrap tree #586, logLikelihood: -2467.537158
[00:08:41] Bootstrap tree #587, logLikelihood: -2386.874323
[00:08:42] Bootstrap tree #588, logLikelihood: -2488.318493
[00:08:42] Bootstrap tree #589, logLikelihood: -2415.396359
[00:08:43] Bootstrap tree #590, logLikelihood: -2408.560548
[00:08:44] Bootstrap tree #591, logLikelihood: -2453.521542
[00:08:45] Bootstrap tree #592, logLikelihood: -2466.331840
[00:08:46] Bootstrap tree #593, logLikelihood: -2487.608970
[00:08:46] Bootstrap tree #594, logLikelihood: -2377.436807
[00:08:47] Bootstrap tree #595, logLikelihood: -2427.122612
[00:08:48] Bootstrap tree #596, logLikelihood: -2438.185605
[00:08:48] Bootstrap tree #597, logLikelihood: -2482.476981
[00:08:49] Bootstrap tree #598, logLikelihood: -2449.012383
[00:08:49] Bootstrap tree #599, logLikelihood: -2318.049239
[00:08:50] Bootstrap tree #600, logLikelihood: -2538.442607
[00:08:51] Bootstrap tree #601, logLikelihood: -2428.451801
[00:08:52] Bootstrap tree #602, logLikelihood: -2388.994856
[00:08:53] Bootstrap tree #603, logLikelihood: -2401.583699
[00:08:53] Bootstrap tree #604, logLikelihood: -2427.620395
[00:08:54] Bootstrap tree #605, logLikelihood: -2376.981552
[00:08:55] Bootstrap tree #606, logLikelihood: -2438.496540
[00:08:55] Bootstrap tree #607, logLikelihood: -2467.438098
[00:08:56] Bootstrap tree #608, logLikelihood: -2430.437355
[00:08:57] Bootstrap tree #609, logLikelihood: -2449.431248
[00:08:59] Bootstrap tree #610, logLikelihood: -2395.023536
[00:09:00] Bootstrap tree #611, logLikelihood: -2480.173353
[00:09:00] Bootstrap tree #612, logLikelihood: -2459.871400
[00:09:01] Bootstrap tree #613, logLikelihood: -2480.924814
[00:09:01] Bootstrap tree #614, logLikelihood: -2370.635093
[00:09:02] Bootstrap tree #615, logLikelihood: -2421.801858
[00:09:03] Bootstrap tree #616, logLikelihood: -2432.635796
[00:09:03] Bootstrap tree #617, logLikelihood: -2414.110765
[00:09:05] Bootstrap tree #618, logLikelihood: -2414.859043
[00:09:05] Bootstrap tree #619, logLikelihood: -2455.557617
[00:09:06] Bootstrap tree #620, logLikelihood: -2401.630761
[00:09:07] Bootstrap tree #621, logLikelihood: -2472.515059
[00:09:07] Bootstrap tree #622, logLikelihood: -2486.442573
[00:09:08] Bootstrap tree #623, logLikelihood: -2520.136994
[00:09:09] Bootstrap tree #624, logLikelihood: -2418.245786
[00:09:10] Bootstrap tree #625, logLikelihood: -2466.768342
[00:09:10] Bootstrap tree #626, logLikelihood: -2490.086547
[00:09:11] Bootstrap tree #627, logLikelihood: -2429.038816
[00:09:12] Bootstrap tree #628, logLikelihood: -2428.556331
[00:09:12] Bootstrap tree #629, logLikelihood: -2465.697965
[00:09:13] Bootstrap tree #630, logLikelihood: -2395.601365
[00:09:14] Bootstrap tree #631, logLikelihood: -2468.048511
[00:09:14] Bootstrap tree #632, logLikelihood: -2435.628534
[00:09:15] Bootstrap tree #633, logLikelihood: -2458.083187
[00:09:16] Bootstrap tree #634, logLikelihood: -2340.722075
[00:09:17] Bootstrap tree #635, logLikelihood: -2389.046310
[00:09:17] Bootstrap tree #636, logLikelihood: -2424.834962
[00:09:18] Bootstrap tree #637, logLikelihood: -2403.583046
[00:09:19] Bootstrap tree #638, logLikelihood: -2432.383021
[00:09:20] Bootstrap tree #639, logLikelihood: -2440.816065
[00:09:21] Bootstrap tree #640, logLikelihood: -2456.946742
[00:09:21] Bootstrap tree #641, logLikelihood: -2357.794326
[00:09:22] Bootstrap tree #642, logLikelihood: -2396.511786
[00:09:23] Bootstrap tree #643, logLikelihood: -2373.359533
[00:09:24] Bootstrap tree #644, logLikelihood: -2530.244024
[00:09:25] Bootstrap tree #645, logLikelihood: -2526.477474
[00:09:25] Bootstrap tree #646, logLikelihood: -2505.595545
[00:09:26] Bootstrap tree #647, logLikelihood: -2427.094781
[00:09:26] Bootstrap tree #648, logLikelihood: -2425.437293
[00:09:28] Bootstrap tree #649, logLikelihood: -2486.236248
[00:09:29] Bootstrap tree #650, logLikelihood: -2466.409062
[00:09:30] Bootstrap tree #651, logLikelihood: -2389.641740
[00:09:31] Bootstrap tree #652, logLikelihood: -2418.978092
[00:09:32] Bootstrap tree #653, logLikelihood: -2366.233594
[00:09:32] Bootstrap tree #654, logLikelihood: -2494.048942
[00:09:33] Bootstrap tree #655, logLikelihood: -2430.469096
[00:09:34] Bootstrap tree #656, logLikelihood: -2411.535108
[00:09:35] Bootstrap tree #657, logLikelihood: -2379.642542
[00:09:35] Bootstrap tree #658, logLikelihood: -2440.639388
[00:09:36] Bootstrap tree #659, logLikelihood: -2389.640110
[00:09:37] Bootstrap tree #660, logLikelihood: -2425.226464
[00:09:37] Bootstrap tree #661, logLikelihood: -2429.610509
[00:09:38] Bootstrap tree #662, logLikelihood: -2488.032999
[00:09:39] Bootstrap tree #663, logLikelihood: -2438.736006
[00:09:39] Bootstrap tree #664, logLikelihood: -2399.148237
[00:09:40] Bootstrap tree #665, logLikelihood: -2494.083929
[00:09:41] Bootstrap tree #666, logLikelihood: -2361.006219
[00:09:42] Bootstrap tree #667, logLikelihood: -2446.134618
[00:09:42] Bootstrap tree #668, logLikelihood: -2473.840694
[00:09:43] Bootstrap tree #669, logLikelihood: -2440.235123
[00:09:44] Bootstrap tree #670, logLikelihood: -2445.806437
[00:09:45] Bootstrap tree #671, logLikelihood: -2461.870623
[00:09:45] Bootstrap tree #672, logLikelihood: -2461.862543
[00:09:46] Bootstrap tree #673, logLikelihood: -2353.934312
[00:09:47] Bootstrap tree #674, logLikelihood: -2423.100967
[00:09:48] Bootstrap tree #675, logLikelihood: -2408.278514
[00:09:48] Bootstrap tree #676, logLikelihood: -2400.125524
[00:09:49] Bootstrap tree #677, logLikelihood: -2406.711968
[00:09:50] Bootstrap tree #678, logLikelihood: -2465.921269
[00:09:51] Bootstrap tree #679, logLikelihood: -2441.199671
[00:09:52] Bootstrap tree #680, logLikelihood: -2401.343101
[00:09:53] Bootstrap tree #681, logLikelihood: -2470.620826
[00:09:54] Bootstrap tree #682, logLikelihood: -2406.103166
[00:09:54] Bootstrap tree #683, logLikelihood: -2425.190581
[00:09:55] Bootstrap tree #684, logLikelihood: -2477.074835
[00:09:56] Bootstrap tree #685, logLikelihood: -2372.427091
[00:09:56] Bootstrap tree #686, logLikelihood: -2457.588233
[00:09:57] Bootstrap tree #687, logLikelihood: -2458.977415
[00:09:59] Bootstrap tree #688, logLikelihood: -2522.964080
[00:10:00] Bootstrap tree #689, logLikelihood: -2386.966228
[00:10:00] Bootstrap tree #690, logLikelihood: -2470.542033
[00:10:01] Bootstrap tree #691, logLikelihood: -2429.020423
[00:10:02] Bootstrap tree #692, logLikelihood: -2437.939336
[00:10:02] Bootstrap tree #693, logLikelihood: -2448.618522
[00:10:03] Bootstrap tree #694, logLikelihood: -2468.053739
[00:10:04] Bootstrap tree #695, logLikelihood: -2473.221752
[00:10:05] Bootstrap tree #696, logLikelihood: -2482.527769
[00:10:06] Bootstrap tree #697, logLikelihood: -2393.828656
[00:10:06] Bootstrap tree #698, logLikelihood: -2418.306168
[00:10:07] Bootstrap tree #699, logLikelihood: -2444.240912
[00:10:08] Bootstrap tree #700, logLikelihood: -2363.510045
[00:10:09] Bootstrap tree #701, logLikelihood: -2461.895577
[00:10:09] Bootstrap tree #702, logLikelihood: -2521.069725
[00:10:10] Bootstrap tree #703, logLikelihood: -2468.392038
[00:10:11] Bootstrap tree #704, logLikelihood: -2393.007481
[00:10:11] Bootstrap tree #705, logLikelihood: -2449.302083
[00:10:12] Bootstrap tree #706, logLikelihood: -2475.528440
[00:10:13] Bootstrap tree #707, logLikelihood: -2401.786273
[00:10:14] Bootstrap tree #708, logLikelihood: -2421.750957
[00:10:15] Bootstrap tree #709, logLikelihood: -2355.170702
[00:10:16] Bootstrap tree #710, logLikelihood: -2410.541714
[00:10:16] Bootstrap tree #711, logLikelihood: -2517.167866
[00:10:17] Bootstrap tree #712, logLikelihood: -2396.672671
[00:10:18] Bootstrap tree #713, logLikelihood: -2419.550579
[00:10:18] Bootstrap tree #714, logLikelihood: -2362.276970
[00:10:19] Bootstrap tree #715, logLikelihood: -2436.268121
[00:10:20] Bootstrap tree #716, logLikelihood: -2358.560251
[00:10:21] Bootstrap tree #717, logLikelihood: -2439.889993
[00:10:21] Bootstrap tree #718, logLikelihood: -2381.339316
[00:10:22] Bootstrap tree #719, logLikelihood: -2492.562590
[00:10:23] Bootstrap tree #720, logLikelihood: -2401.545228
[00:10:24] Bootstrap tree #721, logLikelihood: -2492.367596
[00:10:24] Bootstrap tree #722, logLikelihood: -2362.858845
[00:10:25] Bootstrap tree #723, logLikelihood: -2410.390627
[00:10:26] Bootstrap tree #724, logLikelihood: -2488.509177
[00:10:26] Bootstrap tree #725, logLikelihood: -2525.269864
[00:10:27] Bootstrap tree #726, logLikelihood: -2421.630114
[00:10:29] Bootstrap tree #727, logLikelihood: -2382.240176
[00:10:30] Bootstrap tree #728, logLikelihood: -2399.945757
[00:10:31] Bootstrap tree #729, logLikelihood: -2435.489931
[00:10:31] Bootstrap tree #730, logLikelihood: -2410.069961
[00:10:32] Bootstrap tree #731, logLikelihood: -2436.598002
[00:10:33] Bootstrap tree #732, logLikelihood: -2501.505399
[00:10:34] Bootstrap tree #733, logLikelihood: -2425.472040
[00:10:35] Bootstrap tree #734, logLikelihood: -2441.098454
[00:10:35] Bootstrap tree #735, logLikelihood: -2413.652919
[00:10:36] Bootstrap tree #736, logLikelihood: -2388.567512
[00:10:37] Bootstrap tree #737, logLikelihood: -2373.049786
[00:10:38] Bootstrap tree #738, logLikelihood: -2491.239360
[00:10:39] Bootstrap tree #739, logLikelihood: -2444.810470
[00:10:40] Bootstrap tree #740, logLikelihood: -2472.874401
[00:10:40] Bootstrap tree #741, logLikelihood: -2506.874548
[00:10:41] Bootstrap tree #742, logLikelihood: -2397.163880
[00:10:42] Bootstrap tree #743, logLikelihood: -2421.920965
[00:10:43] Bootstrap tree #744, logLikelihood: -2423.020939
[00:10:44] Bootstrap tree #745, logLikelihood: -2475.677737
[00:10:45] Bootstrap tree #746, logLikelihood: -2406.196363
[00:10:46] Bootstrap tree #747, logLikelihood: -2423.596288
[00:10:46] Bootstrap tree #748, logLikelihood: -2492.200593
[00:10:47] Bootstrap tree #749, logLikelihood: -2449.466225
[00:10:48] Bootstrap tree #750, logLikelihood: -2443.093864
[00:10:49] Bootstrap tree #751, logLikelihood: -2410.574874
[00:10:49] Bootstrap tree #752, logLikelihood: -2376.234081
[00:10:50] Bootstrap tree #753, logLikelihood: -2443.740667
[00:10:51] Bootstrap tree #754, logLikelihood: -2469.124959
[00:10:51] Bootstrap tree #755, logLikelihood: -2480.970942
[00:10:52] Bootstrap tree #756, logLikelihood: -2419.485868
[00:10:53] Bootstrap tree #757, logLikelihood: -2417.191335
[00:10:54] Bootstrap tree #758, logLikelihood: -2470.405172
[00:10:55] Bootstrap tree #759, logLikelihood: -2438.619754
[00:10:56] Bootstrap tree #760, logLikelihood: -2429.680850
[00:10:56] Bootstrap tree #761, logLikelihood: -2381.396443
[00:10:57] Bootstrap tree #762, logLikelihood: -2449.230146
[00:10:59] Bootstrap tree #763, logLikelihood: -2439.470716
[00:11:00] Bootstrap tree #764, logLikelihood: -2447.767764
[00:11:01] Bootstrap tree #765, logLikelihood: -2547.651195
[00:11:01] Bootstrap tree #766, logLikelihood: -2482.470025
[00:11:02] Bootstrap tree #767, logLikelihood: -2389.864677
[00:11:03] Bootstrap tree #768, logLikelihood: -2360.273190
[00:11:03] Bootstrap tree #769, logLikelihood: -2395.440808
[00:11:04] Bootstrap tree #770, logLikelihood: -2446.229714
[00:11:05] Bootstrap tree #771, logLikelihood: -2510.706257
[00:11:06] Bootstrap tree #772, logLikelihood: -2467.022928
[00:11:06] Bootstrap tree #773, logLikelihood: -2419.769194
[00:11:07] Bootstrap tree #774, logLikelihood: -2420.159148
[00:11:08] Bootstrap tree #775, logLikelihood: -2476.432658
[00:11:09] Bootstrap tree #776, logLikelihood: -2389.292988
[00:11:09] Bootstrap tree #777, logLikelihood: -2415.620328
[00:11:10] Bootstrap tree #778, logLikelihood: -2392.856739
[00:11:11] Bootstrap tree #779, logLikelihood: -2512.681843
[00:11:12] Bootstrap tree #780, logLikelihood: -2452.529691
[00:11:12] Bootstrap tree #781, logLikelihood: -2419.015107
[00:11:13] Bootstrap tree #782, logLikelihood: -2455.229093
[00:11:14] Bootstrap tree #783, logLikelihood: -2393.086096
[00:11:15] Bootstrap tree #784, logLikelihood: -2431.278179
[00:11:15] Bootstrap tree #785, logLikelihood: -2466.429457
[00:11:16] Bootstrap tree #786, logLikelihood: -2457.971771
[00:11:17] Bootstrap tree #787, logLikelihood: -2389.185841
[00:11:17] Bootstrap tree #788, logLikelihood: -2502.831147
[00:11:18] Bootstrap tree #789, logLikelihood: -2438.019958
[00:11:18] Bootstrap tree #790, logLikelihood: -2542.202117
[00:11:19] Bootstrap tree #791, logLikelihood: -2380.103468
[00:11:20] Bootstrap tree #792, logLikelihood: -2449.507449
[00:11:21] Bootstrap tree #793, logLikelihood: -2508.649068
[00:11:21] Bootstrap tree #794, logLikelihood: -2398.820172
[00:11:22] Bootstrap tree #795, logLikelihood: -2512.014108
[00:11:23] Bootstrap tree #796, logLikelihood: -2451.646680
[00:11:24] Bootstrap tree #797, logLikelihood: -2461.906061
[00:11:24] Bootstrap tree #798, logLikelihood: -2466.943956
[00:11:25] Bootstrap tree #799, logLikelihood: -2467.863291
[00:11:26] Bootstrap tree #800, logLikelihood: -2390.662769
[00:11:27] Bootstrap tree #801, logLikelihood: -2345.177007
[00:11:27] Bootstrap tree #802, logLikelihood: -2365.980172
[00:11:29] Bootstrap tree #803, logLikelihood: -2450.557058
[00:11:30] Bootstrap tree #804, logLikelihood: -2416.216751
[00:11:30] Bootstrap tree #805, logLikelihood: -2399.717437
[00:11:31] Bootstrap tree #806, logLikelihood: -2420.474947
[00:11:32] Bootstrap tree #807, logLikelihood: -2382.940754
[00:11:33] Bootstrap tree #808, logLikelihood: -2464.055024
[00:11:34] Bootstrap tree #809, logLikelihood: -2425.553748
[00:11:36] Bootstrap tree #810, logLikelihood: -2458.841742
[00:11:37] Bootstrap tree #811, logLikelihood: -2450.284001
[00:11:38] Bootstrap tree #812, logLikelihood: -2470.646432
[00:11:40] Bootstrap tree #813, logLikelihood: -2397.297194
[00:11:41] Bootstrap tree #814, logLikelihood: -2440.087728
[00:11:41] Bootstrap tree #815, logLikelihood: -2477.003333
[00:11:42] Bootstrap tree #816, logLikelihood: -2359.166273
[00:11:43] Bootstrap tree #817, logLikelihood: -2531.862058
[00:11:44] Bootstrap tree #818, logLikelihood: -2396.323749
[00:11:45] Bootstrap tree #819, logLikelihood: -2454.468389
[00:11:46] Bootstrap tree #820, logLikelihood: -2438.325979
[00:11:46] Bootstrap tree #821, logLikelihood: -2526.168424
[00:11:47] Bootstrap tree #822, logLikelihood: -2370.266732
[00:11:48] Bootstrap tree #823, logLikelihood: -2421.057150
[00:11:48] Bootstrap tree #824, logLikelihood: -2402.739623
[00:11:49] Bootstrap tree #825, logLikelihood: -2493.994505
[00:11:50] Bootstrap tree #826, logLikelihood: -2414.697197
[00:11:50] Bootstrap tree #827, logLikelihood: -2509.701517
[00:11:51] Bootstrap tree #828, logLikelihood: -2470.388892
[00:11:52] Bootstrap tree #829, logLikelihood: -2439.673950
[00:11:53] Bootstrap tree #830, logLikelihood: -2318.155804
[00:11:53] Bootstrap tree #831, logLikelihood: -2471.152697
[00:11:54] Bootstrap tree #832, logLikelihood: -2373.502090
[00:11:54] Bootstrap tree #833, logLikelihood: -2405.269074
[00:11:55] Bootstrap tree #834, logLikelihood: -2493.154719
[00:11:56] Bootstrap tree #835, logLikelihood: -2410.987748
[00:11:57] Bootstrap tree #836, logLikelihood: -2417.624373
[00:11:57] Bootstrap tree #837, logLikelihood: -2384.681496
[00:11:59] Bootstrap tree #838, logLikelihood: -2428.620065
[00:11:59] Bootstrap tree #839, logLikelihood: -2417.400975
[00:12:00] Bootstrap tree #840, logLikelihood: -2446.652696
[00:12:01] Bootstrap tree #841, logLikelihood: -2401.971568
[00:12:02] Bootstrap tree #842, logLikelihood: -2474.148089
[00:12:02] Bootstrap tree #843, logLikelihood: -2500.356887
[00:12:03] Bootstrap tree #844, logLikelihood: -2397.809169
[00:12:04] Bootstrap tree #845, logLikelihood: -2487.095215
[00:12:05] Bootstrap tree #846, logLikelihood: -2480.585692
[00:12:05] Bootstrap tree #847, logLikelihood: -2463.360772
[00:12:06] Bootstrap tree #848, logLikelihood: -2478.153039
[00:12:07] Bootstrap tree #849, logLikelihood: -2464.448956
[00:12:08] Bootstrap tree #850, logLikelihood: -2482.075575
[00:12:09] Bootstrap tree #851, logLikelihood: -2505.432481
[00:12:09] Bootstrap tree #852, logLikelihood: -2435.403443
[00:12:10] Bootstrap tree #853, logLikelihood: -2414.915441
[00:12:11] Bootstrap tree #854, logLikelihood: -2413.742917
[00:12:11] Bootstrap tree #855, logLikelihood: -2426.775145
[00:12:12] Bootstrap tree #856, logLikelihood: -2420.186455
[00:12:13] Bootstrap tree #857, logLikelihood: -2375.563962
[00:12:14] Bootstrap tree #858, logLikelihood: -2382.126989
[00:12:15] Bootstrap tree #859, logLikelihood: -2405.082506
[00:12:16] Bootstrap tree #860, logLikelihood: -2436.618261
[00:12:16] Bootstrap tree #861, logLikelihood: -2421.972032
[00:12:17] Bootstrap tree #862, logLikelihood: -2462.554377
[00:12:18] Bootstrap tree #863, logLikelihood: -2473.462150
[00:12:21] Bootstrap tree #864, logLikelihood: -2429.484186
[00:12:22] Bootstrap tree #865, logLikelihood: -2429.858004
[00:12:23] Bootstrap tree #866, logLikelihood: -2423.125413
[00:12:24] Bootstrap tree #867, logLikelihood: -2432.121044
[00:12:25] Bootstrap tree #868, logLikelihood: -2448.209401
[00:12:25] Bootstrap tree #869, logLikelihood: -2423.091588
[00:12:26] Bootstrap tree #870, logLikelihood: -2464.523915
[00:12:27] Bootstrap tree #871, logLikelihood: -2510.585828
[00:12:28] Bootstrap tree #872, logLikelihood: -2348.601787
[00:12:29] Bootstrap tree #873, logLikelihood: -2441.247700
[00:12:29] Bootstrap tree #874, logLikelihood: -2472.287348
[00:12:30] Bootstrap tree #875, logLikelihood: -2440.610249
[00:12:31] Bootstrap tree #876, logLikelihood: -2421.664478
[00:12:32] Bootstrap tree #877, logLikelihood: -2448.455994
[00:12:32] Bootstrap tree #878, logLikelihood: -2443.148342
[00:12:33] Bootstrap tree #879, logLikelihood: -2510.765758
[00:12:34] Bootstrap tree #880, logLikelihood: -2542.450938
[00:12:35] Bootstrap tree #881, logLikelihood: -2435.351822
[00:12:36] Bootstrap tree #882, logLikelihood: -2439.746151
[00:12:36] Bootstrap tree #883, logLikelihood: -2410.280960
[00:12:37] Bootstrap tree #884, logLikelihood: -2358.390562
[00:12:38] Bootstrap tree #885, logLikelihood: -2389.941801
[00:12:39] Bootstrap tree #886, logLikelihood: -2557.663282
[00:12:40] Bootstrap tree #887, logLikelihood: -2420.238220
[00:12:41] Bootstrap tree #888, logLikelihood: -2468.341079
[00:12:41] Bootstrap tree #889, logLikelihood: -2482.962731
[00:12:42] Bootstrap tree #890, logLikelihood: -2394.562768
[00:12:42] Bootstrap tree #891, logLikelihood: -2433.022205
[00:12:43] Bootstrap tree #892, logLikelihood: -2393.241766
[00:12:44] Bootstrap tree #893, logLikelihood: -2446.188864
[00:12:45] Bootstrap tree #894, logLikelihood: -2523.054880
[00:12:45] Bootstrap tree #895, logLikelihood: -2411.023586
[00:12:46] Bootstrap tree #896, logLikelihood: -2410.175497
[00:12:47] Bootstrap tree #897, logLikelihood: -2475.663490
[00:12:48] Bootstrap tree #898, logLikelihood: -2409.222713
[00:12:48] Bootstrap tree #899, logLikelihood: -2456.981097
[00:12:49] Bootstrap tree #900, logLikelihood: -2365.662778
[00:12:51] Bootstrap tree #901, logLikelihood: -2363.158850
[00:12:55] Bootstrap tree #902, logLikelihood: -2405.243693
[00:12:56] Bootstrap tree #903, logLikelihood: -2496.599297
[00:12:58] Bootstrap tree #904, logLikelihood: -2427.640287
[00:13:00] Bootstrap tree #905, logLikelihood: -2400.606179
[00:13:01] Bootstrap tree #906, logLikelihood: -2453.976947
[00:13:03] Bootstrap tree #907, logLikelihood: -2456.436626
[00:13:04] Bootstrap tree #908, logLikelihood: -2429.542735
[00:13:04] Bootstrap tree #909, logLikelihood: -2481.944871
[00:13:05] Bootstrap tree #910, logLikelihood: -2444.518125
[00:13:06] Bootstrap tree #911, logLikelihood: -2476.202184
[00:13:06] Bootstrap tree #912, logLikelihood: -2444.348770
[00:13:07] Bootstrap tree #913, logLikelihood: -2382.249561
[00:13:08] Bootstrap tree #914, logLikelihood: -2436.419286
[00:13:09] Bootstrap tree #915, logLikelihood: -2467.323089
[00:13:10] Bootstrap tree #916, logLikelihood: -2480.216652
[00:13:11] Bootstrap tree #917, logLikelihood: -2387.148524
[00:13:12] Bootstrap tree #918, logLikelihood: -2483.627183
[00:13:12] Bootstrap tree #919, logLikelihood: -2356.726172
[00:13:13] Bootstrap tree #920, logLikelihood: -2427.011021
[00:13:14] Bootstrap tree #921, logLikelihood: -2353.501809
[00:13:15] Bootstrap tree #922, logLikelihood: -2499.905772
[00:13:16] Bootstrap tree #923, logLikelihood: -2451.816694
[00:13:17] Bootstrap tree #924, logLikelihood: -2354.640603
[00:13:18] Bootstrap tree #925, logLikelihood: -2377.238676
[00:13:19] Bootstrap tree #926, logLikelihood: -2343.131573
[00:13:20] Bootstrap tree #927, logLikelihood: -2384.867706
[00:13:20] Bootstrap tree #928, logLikelihood: -2532.791507
[00:13:21] Bootstrap tree #929, logLikelihood: -2390.699317
[00:13:22] Bootstrap tree #930, logLikelihood: -2430.359457
[00:13:23] Bootstrap tree #931, logLikelihood: -2450.256520
[00:13:24] Bootstrap tree #932, logLikelihood: -2327.921049
[00:13:24] Bootstrap tree #933, logLikelihood: -2438.871567
[00:13:25] Bootstrap tree #934, logLikelihood: -2417.549334
[00:13:26] Bootstrap tree #935, logLikelihood: -2452.303276
[00:13:27] Bootstrap tree #936, logLikelihood: -2485.732552
[00:13:27] Bootstrap tree #937, logLikelihood: -2326.133095
[00:13:29] Bootstrap tree #938, logLikelihood: -2358.842045
[00:13:30] Bootstrap tree #939, logLikelihood: -2392.110067
[00:13:32] Bootstrap tree #940, logLikelihood: -2453.293698
[00:13:32] Bootstrap tree #941, logLikelihood: -2428.314223
[00:13:33] Bootstrap tree #942, logLikelihood: -2453.856425
[00:13:34] Bootstrap tree #943, logLikelihood: -2431.775077
[00:13:35] Bootstrap tree #944, logLikelihood: -2415.927514
[00:13:36] Bootstrap tree #945, logLikelihood: -2500.375098
[00:13:37] Bootstrap tree #946, logLikelihood: -2505.426046
[00:13:37] Bootstrap tree #947, logLikelihood: -2386.043371
[00:13:38] Bootstrap tree #948, logLikelihood: -2419.804183
[00:13:39] Bootstrap tree #949, logLikelihood: -2483.666242
[00:13:40] Bootstrap tree #950, logLikelihood: -2424.303598
[00:13:40] Bootstrap tree #951, logLikelihood: -2423.357469
[00:13:41] Bootstrap tree #952, logLikelihood: -2458.794556
[00:13:42] Bootstrap tree #953, logLikelihood: -2407.708755
[00:13:43] Bootstrap tree #954, logLikelihood: -2339.173611
[00:13:44] Bootstrap tree #955, logLikelihood: -2462.466012
[00:13:45] Bootstrap tree #956, logLikelihood: -2380.690991
[00:13:45] Bootstrap tree #957, logLikelihood: -2345.118936
[00:13:46] Bootstrap tree #958, logLikelihood: -2508.366494
[00:13:47] Bootstrap tree #959, logLikelihood: -2492.783618
[00:13:48] Bootstrap tree #960, logLikelihood: -2450.814058
[00:13:49] Bootstrap tree #961, logLikelihood: -2349.880197
[00:13:50] Bootstrap tree #962, logLikelihood: -2406.803885
[00:13:51] Bootstrap tree #963, logLikelihood: -2507.222791
[00:13:52] Bootstrap tree #964, logLikelihood: -2456.914111
[00:13:53] Bootstrap tree #965, logLikelihood: -2445.456053
[00:13:54] Bootstrap tree #966, logLikelihood: -2467.070923
[00:13:55] Bootstrap tree #967, logLikelihood: -2436.812073
[00:13:55] Bootstrap tree #968, logLikelihood: -2457.111157
[00:13:56] Bootstrap tree #969, logLikelihood: -2494.634553
[00:13:57] Bootstrap tree #970, logLikelihood: -2396.499244
[00:13:58] Bootstrap tree #971, logLikelihood: -2461.846245
[00:13:59] Bootstrap tree #972, logLikelihood: -2385.638437
[00:14:00] Bootstrap tree #973, logLikelihood: -2390.027581
[00:14:01] Bootstrap tree #974, logLikelihood: -2512.417235
[00:14:02] Bootstrap tree #975, logLikelihood: -2460.923213
[00:14:03] Bootstrap tree #976, logLikelihood: -2431.566652
[00:14:04] Bootstrap tree #977, logLikelihood: -2440.219570
[00:14:04] Bootstrap tree #978, logLikelihood: -2427.270150
[00:14:05] Bootstrap tree #979, logLikelihood: -2459.436400
[00:14:06] Bootstrap tree #980, logLikelihood: -2487.579088
[00:14:06] Bootstrap tree #981, logLikelihood: -2441.734318
[00:14:07] Bootstrap tree #982, logLikelihood: -2500.267212
[00:14:08] Bootstrap tree #983, logLikelihood: -2380.925017
[00:14:09] Bootstrap tree #984, logLikelihood: -2370.790813
[00:14:10] Bootstrap tree #985, logLikelihood: -2410.174987
[00:14:10] Bootstrap tree #986, logLikelihood: -2442.986597
[00:14:11] Bootstrap tree #987, logLikelihood: -2426.731842
[00:14:12] Bootstrap tree #988, logLikelihood: -2471.685382
[00:14:13] Bootstrap tree #989, logLikelihood: -2424.882514
[00:14:14] Bootstrap tree #990, logLikelihood: -2448.515354
[00:14:15] Bootstrap tree #991, logLikelihood: -2406.631250
[00:14:15] Bootstrap tree #992, logLikelihood: -2456.744204
[00:14:16] Bootstrap tree #993, logLikelihood: -2490.119306
[00:14:17] Bootstrap tree #994, logLikelihood: -2438.690065
[00:14:18] Bootstrap tree #995, logLikelihood: -2444.595089
[00:14:19] Bootstrap tree #996, logLikelihood: -2404.101155
[00:14:20] Bootstrap tree #997, logLikelihood: -2441.838429
[00:14:20] Bootstrap tree #998, logLikelihood: -2461.875456
[00:14:21] Bootstrap tree #999, logLikelihood: -2404.838419
[00:14:22] Bootstrap tree #1000, logLikelihood: -2503.991132

Optimized model parameters:

   Partition 0: noname
   Rate heterogeneity: GAMMA (4 cats, mean),  alpha: 99.886482 (ML),  weights&rates: (0.250000,0.875837) (0.250000,0.964717) (0.250000,1.029564) (0.250000,1.129881) 
   Base frequencies (model): 0.250000 0.250000 0.250000 0.250000 
   Substitution rates (model): 1.000000 1.000000 1.000000 1.000000 1.000000 1.000000 

Final LogLikelihood: -2455.064945

All ML trees saved to: /home/echen_mb18/Project_1/6_Tree/JC+G4/filtered/all_variants_trimal.mfa.raxml.mlTrees
Best ML tree saved to: /home/echen_mb18/Project_1/6_Tree/JC+G4/filtered/all_variants_trimal.mfa.raxml.bestTree
Best ML tree with bootstrap support values saved to: /home/echen_mb18/Project_1/6_Tree/JC+G4/filtered/all_variants_trimal.mfa.raxml.support
Optimized model saved to: /home/echen_mb18/Project_1/6_Tree/JC+G4/filtered/all_variants_trimal.mfa.raxml.bestModel
Bootstrap trees saved to: /home/echen_mb18/Project_1/6_Tree/JC+G4/filtered/all_variants_trimal.mfa.raxml.bootstraps

Execution log saved to: /home/echen_mb18/Project_1/6_Tree/JC+G4/filtered/all_variants_trimal.mfa.raxml.log

Analysis started: 28-Oct-2018 06:15:13 / finished: 28-Oct-2018 06:29:35

Elapsed time: 862.540 seconds

