
RAxML-NG v. 0.5.1 BETA released on 28.11.2017 by The Exelixis Lab.
Authors: Alexey Kozlov, Alexandros Stamatakis, Diego Darriba, Tomas Flouri, Benoit Morel.
Latest version: https://github.com/amkozlov/raxml-ng
Questions/problems/suggestions? Please visit: https://groups.google.com/forum/#!forum/raxml

WARNING: This is a BETA release, please use at your own risk!

RAxML-NG was called as follows:

raxml-ng --all --msa /home/echen_mb18/Project_1/6_Tree/filtered/all_variants_trimal.mfa --model JC+G2 --tree rand{20} --bs-trees 100 --threads 1 --seed 12345

Analysis options:
  run mode: ML tree search + bootstrapping
  start tree(s): random (20)
  random seed: 12345
  tip-inner: ON
  pattern compression: ON
  per-rate scalers: OFF
  site repeats: OFF
  branch lengths: ML estimate (linked)
  SIMD kernels: AVX2
  parallelization: NONE/sequential

[00:00:00] Reading alignment from file: /home/echen_mb18/Project_1/6_Tree/filtered/all_variants_trimal.mfa
[00:00:00] Loaded alignment with 24 taxa and 395 sites

WARNING: Duplicate sequences found: 1
WARNING: Sequences Patient_13.laxfiltered and Patient_16.laxfiltered are exactly identical!

Alignment comprises 1 partitions and 121 patterns

Partition 0: noname
Model: JC+G2m
Alignment sites / patterns: 395 / 121
Gaps: 0.00 %
Invariant sites: 13.67 %


[00:00:00] Generating random starting tree(s) with 24 taxa
[00:00:00] Data distribution: partitions/thread: 1-1, patterns/thread: 121-121

Starting ML tree search with 20 distinct starting trees

[00:00:00] ML tree search #1, logLikelihood: -2207.129933
[00:00:00] ML tree search #2, logLikelihood: -2207.129873
[00:00:01] ML tree search #3, logLikelihood: -2207.129895
[00:00:01] ML tree search #4, logLikelihood: -2207.129904
[00:00:01] ML tree search #5, logLikelihood: -2207.129913
[00:00:02] ML tree search #6, logLikelihood: -2207.129883
[00:00:02] ML tree search #7, logLikelihood: -2207.129936
[00:00:03] ML tree search #8, logLikelihood: -2207.129804
[00:00:03] ML tree search #9, logLikelihood: -2207.130278
[00:00:03] ML tree search #10, logLikelihood: -2207.129859
[00:00:04] ML tree search #11, logLikelihood: -2207.129926
[00:00:04] ML tree search #12, logLikelihood: -2207.129905
[00:00:04] ML tree search #13, logLikelihood: -2207.129885
[00:00:05] ML tree search #14, logLikelihood: -2207.129862
[00:00:05] ML tree search #15, logLikelihood: -2207.129943
[00:00:06] ML tree search #16, logLikelihood: -2207.129877
[00:00:06] ML tree search #17, logLikelihood: -2207.129917
[00:00:06] ML tree search #18, logLikelihood: -2207.129921
[00:00:07] ML tree search #19, logLikelihood: -2207.129867
[00:00:07] ML tree search #20, logLikelihood: -2207.129902

[00:00:07] ML tree search completed, best tree logLH: -2207.129804

[00:00:07] Starting bootstrapping analysis with 100 replicates.

[00:00:07] Bootstrap tree #1, logLikelihood: -2254.647208
[00:00:08] Bootstrap tree #2, logLikelihood: -2165.899228
[00:00:08] Bootstrap tree #3, logLikelihood: -2167.937110
[00:00:08] Bootstrap tree #4, logLikelihood: -2149.575026
[00:00:09] Bootstrap tree #5, logLikelihood: -2192.464882
[00:00:09] Bootstrap tree #6, logLikelihood: -2186.905831
[00:00:09] Bootstrap tree #7, logLikelihood: -2184.399061
[00:00:10] Bootstrap tree #8, logLikelihood: -2138.060340
[00:00:10] Bootstrap tree #9, logLikelihood: -2218.964483
[00:00:10] Bootstrap tree #10, logLikelihood: -2194.166995
[00:00:11] Bootstrap tree #11, logLikelihood: -2207.240270
[00:00:11] Bootstrap tree #12, logLikelihood: -2290.773525
[00:00:11] Bootstrap tree #13, logLikelihood: -2200.426410
[00:00:12] Bootstrap tree #14, logLikelihood: -2175.741739
[00:00:12] Bootstrap tree #15, logLikelihood: -2145.533184
[00:00:12] Bootstrap tree #16, logLikelihood: -2165.061411
[00:00:13] Bootstrap tree #17, logLikelihood: -2181.855986
[00:00:13] Bootstrap tree #18, logLikelihood: -2121.664828
[00:00:13] Bootstrap tree #19, logLikelihood: -2142.211332
[00:00:14] Bootstrap tree #20, logLikelihood: -2157.230714
[00:00:14] Bootstrap tree #21, logLikelihood: -2184.660785
[00:00:15] Bootstrap tree #22, logLikelihood: -2197.026553
[00:00:16] Bootstrap tree #23, logLikelihood: -2153.949399
[00:00:16] Bootstrap tree #24, logLikelihood: -2239.415174
[00:00:16] Bootstrap tree #25, logLikelihood: -2195.627156
[00:00:17] Bootstrap tree #26, logLikelihood: -2084.643728
[00:00:17] Bootstrap tree #27, logLikelihood: -2218.726786
[00:00:17] Bootstrap tree #28, logLikelihood: -2165.443714
[00:00:18] Bootstrap tree #29, logLikelihood: -2157.836225
[00:00:18] Bootstrap tree #30, logLikelihood: -2223.670065
[00:00:19] Bootstrap tree #31, logLikelihood: -2268.082526
[00:00:19] Bootstrap tree #32, logLikelihood: -2187.534420
[00:00:19] Bootstrap tree #33, logLikelihood: -2225.111387
[00:00:20] Bootstrap tree #34, logLikelihood: -2203.308341
[00:00:20] Bootstrap tree #35, logLikelihood: -2230.542362
[00:00:21] Bootstrap tree #36, logLikelihood: -2259.135874
[00:00:21] Bootstrap tree #37, logLikelihood: -2184.463155
[00:00:21] Bootstrap tree #38, logLikelihood: -2122.700858
[00:00:22] Bootstrap tree #39, logLikelihood: -2142.988989
[00:00:22] Bootstrap tree #40, logLikelihood: -2211.586348
[00:00:22] Bootstrap tree #41, logLikelihood: -2195.193977
[00:00:23] Bootstrap tree #42, logLikelihood: -2155.992439
[00:00:23] Bootstrap tree #43, logLikelihood: -2184.014434
[00:00:23] Bootstrap tree #44, logLikelihood: -2209.440263
[00:00:24] Bootstrap tree #45, logLikelihood: -2206.383196
[00:00:24] Bootstrap tree #46, logLikelihood: -2176.721363
[00:00:24] Bootstrap tree #47, logLikelihood: -2268.968668
[00:00:24] Bootstrap tree #48, logLikelihood: -2184.078954
[00:00:25] Bootstrap tree #49, logLikelihood: -2116.937618
[00:00:25] Bootstrap tree #50, logLikelihood: -2169.214739
[00:00:25] Bootstrap tree #51, logLikelihood: -2183.088630
[00:00:26] Bootstrap tree #52, logLikelihood: -2204.914104
[00:00:26] Bootstrap tree #53, logLikelihood: -2168.226552
[00:00:26] Bootstrap tree #54, logLikelihood: -2217.037413
[00:00:27] Bootstrap tree #55, logLikelihood: -2180.437595
[00:00:27] Bootstrap tree #56, logLikelihood: -2198.018443
[00:00:27] Bootstrap tree #57, logLikelihood: -2217.717560
[00:00:27] Bootstrap tree #58, logLikelihood: -2167.672030
[00:00:28] Bootstrap tree #59, logLikelihood: -2162.449508
[00:00:28] Bootstrap tree #60, logLikelihood: -2101.029281
[00:00:28] Bootstrap tree #61, logLikelihood: -2204.683531
[00:00:28] Bootstrap tree #62, logLikelihood: -2157.857222
[00:00:29] Bootstrap tree #63, logLikelihood: -2218.161720
[00:00:29] Bootstrap tree #64, logLikelihood: -2154.383237
[00:00:29] Bootstrap tree #65, logLikelihood: -2152.221681
[00:00:30] Bootstrap tree #66, logLikelihood: -2237.106602
[00:00:30] Bootstrap tree #67, logLikelihood: -2165.396303
[00:00:30] Bootstrap tree #68, logLikelihood: -2248.330773
[00:00:30] Bootstrap tree #69, logLikelihood: -2197.161725
[00:00:31] Bootstrap tree #70, logLikelihood: -2260.372442
[00:00:31] Bootstrap tree #71, logLikelihood: -2239.225295
[00:00:31] Bootstrap tree #72, logLikelihood: -2136.739295
[00:00:32] Bootstrap tree #73, logLikelihood: -2214.116446
[00:00:32] Bootstrap tree #74, logLikelihood: -2166.235102
[00:00:32] Bootstrap tree #75, logLikelihood: -2234.659549
[00:00:33] Bootstrap tree #76, logLikelihood: -2301.596237
[00:00:33] Bootstrap tree #77, logLikelihood: -2168.547396
[00:00:33] Bootstrap tree #78, logLikelihood: -2131.510735
[00:00:33] Bootstrap tree #79, logLikelihood: -2150.752601
[00:00:34] Bootstrap tree #80, logLikelihood: -2155.965571
[00:00:34] Bootstrap tree #81, logLikelihood: -2180.945067
[00:00:34] Bootstrap tree #82, logLikelihood: -2203.530582
[00:00:35] Bootstrap tree #83, logLikelihood: -2106.794506
[00:00:35] Bootstrap tree #84, logLikelihood: -2220.855505
[00:00:35] Bootstrap tree #85, logLikelihood: -2252.784171
[00:00:35] Bootstrap tree #86, logLikelihood: -2190.177609
[00:00:36] Bootstrap tree #87, logLikelihood: -2148.709592
[00:00:36] Bootstrap tree #88, logLikelihood: -2291.053983
[00:00:36] Bootstrap tree #89, logLikelihood: -2152.149894
[00:00:37] Bootstrap tree #90, logLikelihood: -2216.112740
[00:00:37] Bootstrap tree #91, logLikelihood: -2216.679818
[00:00:37] Bootstrap tree #92, logLikelihood: -2221.326014
[00:00:38] Bootstrap tree #93, logLikelihood: -2152.413606
[00:00:38] Bootstrap tree #94, logLikelihood: -2145.904377
[00:00:38] Bootstrap tree #95, logLikelihood: -2108.285497
[00:00:39] Bootstrap tree #96, logLikelihood: -2171.419913
[00:00:39] Bootstrap tree #97, logLikelihood: -2255.037202
[00:00:39] Bootstrap tree #98, logLikelihood: -2238.154057
[00:00:40] Bootstrap tree #99, logLikelihood: -2225.999352
[00:00:40] Bootstrap tree #100, logLikelihood: -2194.190653

Optimized model parameters:

   Partition 0: noname
   Rate heterogeneity: GAMMA (2 cats, mean),  alpha: 99.861691 (ML),  weights&rates: (0.500000,0.920267) (0.500000,1.079733) 
   Base frequencies (model): 0.250000 0.250000 0.250000 0.250000 
   Substitution rates (model): 1.000000 1.000000 1.000000 1.000000 1.000000 1.000000 

Final LogLikelihood: -2207.129804

All ML trees saved to: /home/echen_mb18/Project_1/6_Tree/filtered/all_variants_trimal.mfa.raxml.mlTrees
Best ML tree saved to: /home/echen_mb18/Project_1/6_Tree/filtered/all_variants_trimal.mfa.raxml.bestTree
Best ML tree with bootstrap support values saved to: /home/echen_mb18/Project_1/6_Tree/filtered/all_variants_trimal.mfa.raxml.support
Optimized model saved to: /home/echen_mb18/Project_1/6_Tree/filtered/all_variants_trimal.mfa.raxml.bestModel
Bootstrap trees saved to: /home/echen_mb18/Project_1/6_Tree/filtered/all_variants_trimal.mfa.raxml.bootstraps

Execution log saved to: /home/echen_mb18/Project_1/6_Tree/filtered/all_variants_trimal.mfa.raxml.log

Analysis started: 22-Oct-2018 08:39:36 / finished: 22-Oct-2018 08:40:17

Elapsed time: 40.613 seconds

