
RAxML-NG v. 0.5.1 BETA released on 28.11.2017 by The Exelixis Lab.
Authors: Alexey Kozlov, Alexandros Stamatakis, Diego Darriba, Tomas Flouri, Benoit Morel.
Latest version: https://github.com/amkozlov/raxml-ng
Questions/problems/suggestions? Please visit: https://groups.google.com/forum/#!forum/raxml

WARNING: This is a BETA release, please use at your own risk!

RAxML-NG was called as follows:

raxml-ng --all --msa /home/echen_mb18/Project_1/6_Tree/JC/filtered/all_variants_trimal.mfa --model JC --tree rand{200} --bs-trees 1000 --threads 1 --seed 12345

Analysis options:
  run mode: ML tree search + bootstrapping
  start tree(s): random (200)
  random seed: 12345
  tip-inner: ON
  pattern compression: ON
  per-rate scalers: OFF
  site repeats: OFF
  branch lengths: ML estimate (linked)
  SIMD kernels: AVX2
  parallelization: NONE/sequential

[00:00:00] Reading alignment from file: /home/echen_mb18/Project_1/6_Tree/JC/filtered/all_variants_trimal.mfa
[00:00:00] Loaded alignment with 24 taxa and 441 sites

WARNING: Duplicate sequences found: 1
WARNING: Sequences Patient_13.laxfiltered and Patient_16.laxfiltered are exactly identical!

Alignment comprises 1 partitions and 132 patterns

Partition 0: noname
Model: JC
Alignment sites / patterns: 441 / 132
Gaps: 0.08 %
Invariant sites: 14.51 %


[00:00:00] Generating random starting tree(s) with 24 taxa
[00:00:00] Data distribution: partitions/thread: 1-1, patterns/thread: 132-132

Starting ML tree search with 200 distinct starting trees

[00:00:00] ML tree search #1, logLikelihood: -2453.871165
[00:00:00] ML tree search #2, logLikelihood: -2453.871141
[00:00:01] ML tree search #3, logLikelihood: -2453.871093
[00:00:01] ML tree search #4, logLikelihood: -2453.871159
[00:00:01] ML tree search #5, logLikelihood: -2453.870996
[00:00:01] ML tree search #6, logLikelihood: -2453.871104
[00:00:02] ML tree search #7, logLikelihood: -2453.871157
[00:00:02] ML tree search #8, logLikelihood: -2453.871148
[00:00:02] ML tree search #9, logLikelihood: -2453.871114
[00:00:02] ML tree search #10, logLikelihood: -2453.871058
[00:00:03] ML tree search #11, logLikelihood: -2453.871058
[00:00:03] ML tree search #12, logLikelihood: -2453.871057
[00:00:03] ML tree search #13, logLikelihood: -2453.871133
[00:00:04] ML tree search #14, logLikelihood: -2453.871160
[00:00:04] ML tree search #15, logLikelihood: -2453.871154
[00:00:04] ML tree search #16, logLikelihood: -2453.871069
[00:00:04] ML tree search #17, logLikelihood: -2453.871157
[00:00:05] ML tree search #18, logLikelihood: -2453.871154
[00:00:05] ML tree search #19, logLikelihood: -2453.871103
[00:00:05] ML tree search #20, logLikelihood: -2453.871073
[00:00:06] ML tree search #21, logLikelihood: -2453.871163
[00:00:06] ML tree search #22, logLikelihood: -2453.871160
[00:00:06] ML tree search #23, logLikelihood: -2453.871073
[00:00:06] ML tree search #24, logLikelihood: -2453.871072
[00:00:07] ML tree search #25, logLikelihood: -2453.871126
[00:00:07] ML tree search #26, logLikelihood: -2453.871117
[00:00:07] ML tree search #27, logLikelihood: -2453.871149
[00:00:07] ML tree search #28, logLikelihood: -2453.871154
[00:00:08] ML tree search #29, logLikelihood: -2453.871102
[00:00:08] ML tree search #30, logLikelihood: -2453.871129
[00:00:08] ML tree search #31, logLikelihood: -2453.871163
[00:00:09] ML tree search #32, logLikelihood: -2453.871148
[00:00:09] ML tree search #33, logLikelihood: -2453.871165
[00:00:09] ML tree search #34, logLikelihood: -2453.871086
[00:00:09] ML tree search #35, logLikelihood: -2453.871093
[00:00:10] ML tree search #36, logLikelihood: -2453.871142
[00:00:10] ML tree search #37, logLikelihood: -2453.871126
[00:00:10] ML tree search #38, logLikelihood: -2453.871140
[00:00:11] ML tree search #39, logLikelihood: -2453.871164
[00:00:11] ML tree search #40, logLikelihood: -2453.871133
[00:00:11] ML tree search #41, logLikelihood: -2453.871149
[00:00:12] ML tree search #42, logLikelihood: -2453.871150
[00:00:12] ML tree search #43, logLikelihood: -2453.871136
[00:00:12] ML tree search #44, logLikelihood: -2453.871073
[00:00:12] ML tree search #45, logLikelihood: -2453.871058
[00:00:13] ML tree search #46, logLikelihood: -2453.871154
[00:00:13] ML tree search #47, logLikelihood: -2453.871127
[00:00:13] ML tree search #48, logLikelihood: -2453.871021
[00:00:14] ML tree search #49, logLikelihood: -2453.871149
[00:00:14] ML tree search #50, logLikelihood: -2453.871145
[00:00:14] ML tree search #51, logLikelihood: -2453.871103
[00:00:15] ML tree search #52, logLikelihood: -2453.871138
[00:00:15] ML tree search #53, logLikelihood: -2453.871168
[00:00:15] ML tree search #54, logLikelihood: -2453.871082
[00:00:15] ML tree search #55, logLikelihood: -2453.871164
[00:00:16] ML tree search #56, logLikelihood: -2453.871021
[00:00:16] ML tree search #57, logLikelihood: -2453.871142
[00:00:16] ML tree search #58, logLikelihood: -2453.871155
[00:00:17] ML tree search #59, logLikelihood: -2453.871134
[00:00:17] ML tree search #60, logLikelihood: -2453.871020
[00:00:17] ML tree search #61, logLikelihood: -2453.871020
[00:00:18] ML tree search #62, logLikelihood: -2453.871164
[00:00:18] ML tree search #63, logLikelihood: -2453.871142
[00:00:18] ML tree search #64, logLikelihood: -2453.871086
[00:00:19] ML tree search #65, logLikelihood: -2453.871094
[00:00:19] ML tree search #66, logLikelihood: -2453.871149
[00:00:19] ML tree search #67, logLikelihood: -2453.871132
[00:00:20] ML tree search #68, logLikelihood: -2453.871148
[00:00:20] ML tree search #69, logLikelihood: -2453.871130
[00:00:20] ML tree search #70, logLikelihood: -2453.871142
[00:00:21] ML tree search #71, logLikelihood: -2453.871072
[00:00:21] ML tree search #72, logLikelihood: -2453.871161
[00:00:21] ML tree search #73, logLikelihood: -2453.871012
[00:00:21] ML tree search #74, logLikelihood: -2453.871164
[00:00:22] ML tree search #75, logLikelihood: -2453.871132
[00:00:22] ML tree search #76, logLikelihood: -2453.871158
[00:00:22] ML tree search #77, logLikelihood: -2453.871163
[00:00:23] ML tree search #78, logLikelihood: -2453.871139
[00:00:23] ML tree search #79, logLikelihood: -2453.871080
[00:00:23] ML tree search #80, logLikelihood: -2453.871163
[00:00:23] ML tree search #81, logLikelihood: -2453.871163
[00:00:24] ML tree search #82, logLikelihood: -2453.871141
[00:00:24] ML tree search #83, logLikelihood: -2453.871094
[00:00:24] ML tree search #84, logLikelihood: -2453.871133
[00:00:25] ML tree search #85, logLikelihood: -2453.871128
[00:00:25] ML tree search #86, logLikelihood: -2453.871135
[00:00:25] ML tree search #87, logLikelihood: -2453.871021
[00:00:26] ML tree search #88, logLikelihood: -2453.871021
[00:00:26] ML tree search #89, logLikelihood: -2453.871140
[00:00:26] ML tree search #90, logLikelihood: -2453.871140
[00:00:27] ML tree search #91, logLikelihood: -2453.871103
[00:00:27] ML tree search #92, logLikelihood: -2453.871067
[00:00:27] ML tree search #93, logLikelihood: -2453.871127
[00:00:28] ML tree search #94, logLikelihood: -2453.871164
[00:00:28] ML tree search #95, logLikelihood: -2453.871161
[00:00:28] ML tree search #96, logLikelihood: -2453.871058
[00:00:30] ML tree search #97, logLikelihood: -2453.871072
[00:00:30] ML tree search #98, logLikelihood: -2453.871141
[00:00:30] ML tree search #99, logLikelihood: -2453.871164
[00:00:31] ML tree search #100, logLikelihood: -2453.871145
[00:00:31] ML tree search #101, logLikelihood: -2453.871144
[00:00:31] ML tree search #102, logLikelihood: -2453.871117
[00:00:32] ML tree search #103, logLikelihood: -2453.871081
[00:00:32] ML tree search #104, logLikelihood: -2453.871067
[00:00:32] ML tree search #105, logLikelihood: -2453.871133
[00:00:33] ML tree search #106, logLikelihood: -2453.871117
[00:00:33] ML tree search #107, logLikelihood: -2453.871131
[00:00:33] ML tree search #108, logLikelihood: -2453.871143
[00:00:34] ML tree search #109, logLikelihood: -2453.871075
[00:00:34] ML tree search #110, logLikelihood: -2453.871159
[00:00:34] ML tree search #111, logLikelihood: -2453.871057
[00:00:35] ML tree search #112, logLikelihood: -2453.871164
[00:00:35] ML tree search #113, logLikelihood: -2453.871081
[00:00:35] ML tree search #114, logLikelihood: -2453.871094
[00:00:36] ML tree search #115, logLikelihood: -2453.871020
[00:00:36] ML tree search #116, logLikelihood: -2453.871072
[00:00:36] ML tree search #117, logLikelihood: -2453.871134
[00:00:36] ML tree search #118, logLikelihood: -2453.871148
[00:00:37] ML tree search #119, logLikelihood: -2453.871083
[00:00:37] ML tree search #120, logLikelihood: -2453.871051
[00:00:37] ML tree search #121, logLikelihood: -2453.871125
[00:00:38] ML tree search #122, logLikelihood: -2453.871088
[00:00:38] ML tree search #123, logLikelihood: -2453.871081
[00:00:39] ML tree search #124, logLikelihood: -2453.871154
[00:00:39] ML tree search #125, logLikelihood: -2453.871070
[00:00:39] ML tree search #126, logLikelihood: -2453.871134
[00:00:40] ML tree search #127, logLikelihood: -2453.871163
[00:00:40] ML tree search #128, logLikelihood: -2453.871151
[00:00:40] ML tree search #129, logLikelihood: -2453.871160
[00:00:41] ML tree search #130, logLikelihood: -2453.871089
[00:00:41] ML tree search #131, logLikelihood: -2453.871158
[00:00:41] ML tree search #132, logLikelihood: -2453.871146
[00:00:42] ML tree search #133, logLikelihood: -2453.871163
[00:00:42] ML tree search #134, logLikelihood: -2453.871051
[00:00:42] ML tree search #135, logLikelihood: -2453.871158
[00:00:43] ML tree search #136, logLikelihood: -2453.871082
[00:00:43] ML tree search #137, logLikelihood: -2453.871125
[00:00:44] ML tree search #138, logLikelihood: -2453.871094
[00:00:44] ML tree search #139, logLikelihood: -2453.871139
[00:00:44] ML tree search #140, logLikelihood: -2453.871141
[00:00:45] ML tree search #141, logLikelihood: -2453.871159
[00:00:45] ML tree search #142, logLikelihood: -2453.871066
[00:00:45] ML tree search #143, logLikelihood: -2453.871163
[00:00:46] ML tree search #144, logLikelihood: -2453.871012
[00:00:46] ML tree search #145, logLikelihood: -2453.871162
[00:00:46] ML tree search #146, logLikelihood: -2453.871072
[00:00:47] ML tree search #147, logLikelihood: -2453.871081
[00:00:47] ML tree search #148, logLikelihood: -2453.871097
[00:00:47] ML tree search #149, logLikelihood: -2453.871081
[00:00:48] ML tree search #150, logLikelihood: -2453.871019
[00:00:48] ML tree search #151, logLikelihood: -2453.871021
[00:00:48] ML tree search #152, logLikelihood: -2453.871164
[00:00:49] ML tree search #153, logLikelihood: -2453.871146
[00:00:49] ML tree search #154, logLikelihood: -2453.871139
[00:00:49] ML tree search #155, logLikelihood: -2453.871139
[00:00:50] ML tree search #156, logLikelihood: -2453.871123
[00:00:50] ML tree search #157, logLikelihood: -2453.871079
[00:00:50] ML tree search #158, logLikelihood: -2453.871136
[00:00:51] ML tree search #159, logLikelihood: -2453.871079
[00:00:51] ML tree search #160, logLikelihood: -2453.871081
[00:00:52] ML tree search #161, logLikelihood: -2453.871143
[00:00:52] ML tree search #162, logLikelihood: -2453.871148
[00:00:52] ML tree search #163, logLikelihood: -2453.871066
[00:00:52] ML tree search #164, logLikelihood: -2453.871005
[00:00:53] ML tree search #165, logLikelihood: -2453.871160
[00:00:53] ML tree search #166, logLikelihood: -2453.871006
[00:00:53] ML tree search #167, logLikelihood: -2453.871073
[00:00:54] ML tree search #168, logLikelihood: -2453.871154
[00:00:54] ML tree search #169, logLikelihood: -2453.871147
[00:00:55] ML tree search #170, logLikelihood: -2453.871156
[00:00:55] ML tree search #171, logLikelihood: -2453.871082
[00:00:55] ML tree search #172, logLikelihood: -2453.871141
[00:00:56] ML tree search #173, logLikelihood: -2453.871080
[00:00:56] ML tree search #174, logLikelihood: -2453.871140
[00:00:56] ML tree search #175, logLikelihood: -2453.871118
[00:00:57] ML tree search #176, logLikelihood: -2453.871136
[00:00:57] ML tree search #177, logLikelihood: -2453.871119
[00:00:57] ML tree search #178, logLikelihood: -2453.871148
[00:00:58] ML tree search #179, logLikelihood: -2453.871094
[00:00:58] ML tree search #180, logLikelihood: -2453.871142
[00:00:58] ML tree search #181, logLikelihood: -2453.871083
[00:00:59] ML tree search #182, logLikelihood: -2453.871086
[00:00:59] ML tree search #183, logLikelihood: -2453.871083
[00:00:59] ML tree search #184, logLikelihood: -2453.871157
[00:01:00] ML tree search #185, logLikelihood: -2453.871163
[00:01:00] ML tree search #186, logLikelihood: -2453.871084
[00:01:00] ML tree search #187, logLikelihood: -2453.871081
[00:01:01] ML tree search #188, logLikelihood: -2453.871161
[00:01:01] ML tree search #189, logLikelihood: -2453.871073
[00:01:01] ML tree search #190, logLikelihood: -2453.871168
[00:01:02] ML tree search #191, logLikelihood: -2453.871143
[00:01:02] ML tree search #192, logLikelihood: -2453.871080
[00:01:02] ML tree search #193, logLikelihood: -2453.871081
[00:01:03] ML tree search #194, logLikelihood: -2453.871104
[00:01:03] ML tree search #195, logLikelihood: -2453.871082
[00:01:04] ML tree search #196, logLikelihood: -2453.871128
[00:01:04] ML tree search #197, logLikelihood: -2453.871147
[00:01:04] ML tree search #198, logLikelihood: -2453.871157
[00:01:05] ML tree search #199, logLikelihood: -2453.871120
[00:01:05] ML tree search #200, logLikelihood: -2453.871140

[00:01:05] ML tree search completed, best tree logLH: -2453.870996

[00:01:05] Starting bootstrapping analysis with 1000 replicates.

[00:01:05] Bootstrap tree #1, logLikelihood: -2524.669247
[00:01:05] Bootstrap tree #2, logLikelihood: -2459.527179
[00:01:06] Bootstrap tree #3, logLikelihood: -2408.596025
[00:01:06] Bootstrap tree #4, logLikelihood: -2384.448685
[00:01:06] Bootstrap tree #5, logLikelihood: -2463.844427
[00:01:07] Bootstrap tree #6, logLikelihood: -2417.810330
[00:01:07] Bootstrap tree #7, logLikelihood: -2373.604135
[00:01:08] Bootstrap tree #8, logLikelihood: -2369.189928
[00:01:08] Bootstrap tree #9, logLikelihood: -2532.569363
[00:01:08] Bootstrap tree #10, logLikelihood: -2449.586586
[00:01:09] Bootstrap tree #11, logLikelihood: -2453.650209
[00:01:10] Bootstrap tree #12, logLikelihood: -2428.062513
[00:01:10] Bootstrap tree #13, logLikelihood: -2523.771335
[00:01:11] Bootstrap tree #14, logLikelihood: -2480.569240
[00:01:11] Bootstrap tree #15, logLikelihood: -2461.233282
[00:01:11] Bootstrap tree #16, logLikelihood: -2529.159794
[00:01:12] Bootstrap tree #17, logLikelihood: -2394.771562
[00:01:12] Bootstrap tree #18, logLikelihood: -2421.181287
[00:01:12] Bootstrap tree #19, logLikelihood: -2429.370837
[00:01:12] Bootstrap tree #20, logLikelihood: -2449.522524
[00:01:13] Bootstrap tree #21, logLikelihood: -2461.659225
[00:01:13] Bootstrap tree #22, logLikelihood: -2326.162844
[00:01:14] Bootstrap tree #23, logLikelihood: -2564.773844
[00:01:14] Bootstrap tree #24, logLikelihood: -2442.961564
[00:01:14] Bootstrap tree #25, logLikelihood: -2509.638308
[00:01:15] Bootstrap tree #26, logLikelihood: -2389.750629
[00:01:15] Bootstrap tree #27, logLikelihood: -2460.056806
[00:01:15] Bootstrap tree #28, logLikelihood: -2465.617119
[00:01:16] Bootstrap tree #29, logLikelihood: -2530.215593
[00:01:16] Bootstrap tree #30, logLikelihood: -2446.058569
[00:01:16] Bootstrap tree #31, logLikelihood: -2357.947085
[00:01:17] Bootstrap tree #32, logLikelihood: -2493.172057
[00:01:17] Bootstrap tree #33, logLikelihood: -2374.082164
[00:01:17] Bootstrap tree #34, logLikelihood: -2466.712005
[00:01:18] Bootstrap tree #35, logLikelihood: -2487.001788
[00:01:18] Bootstrap tree #36, logLikelihood: -2436.361495
[00:01:19] Bootstrap tree #37, logLikelihood: -2470.006008
[00:01:19] Bootstrap tree #38, logLikelihood: -2483.979043
[00:01:19] Bootstrap tree #39, logLikelihood: -2497.570047
[00:01:20] Bootstrap tree #40, logLikelihood: -2509.003591
[00:01:20] Bootstrap tree #41, logLikelihood: -2435.324492
[00:01:20] Bootstrap tree #42, logLikelihood: -2484.594753
[00:01:21] Bootstrap tree #43, logLikelihood: -2452.413986
[00:01:21] Bootstrap tree #44, logLikelihood: -2435.525509
[00:01:21] Bootstrap tree #45, logLikelihood: -2437.878349
[00:01:22] Bootstrap tree #46, logLikelihood: -2434.995075
[00:01:22] Bootstrap tree #47, logLikelihood: -2461.909495
[00:01:22] Bootstrap tree #48, logLikelihood: -2414.904874
[00:01:23] Bootstrap tree #49, logLikelihood: -2485.162051
[00:01:23] Bootstrap tree #50, logLikelihood: -2413.970340
[00:01:23] Bootstrap tree #51, logLikelihood: -2493.105741
[00:01:24] Bootstrap tree #52, logLikelihood: -2461.414842
[00:01:24] Bootstrap tree #53, logLikelihood: -2492.631682
[00:01:24] Bootstrap tree #54, logLikelihood: -2483.029952
[00:01:25] Bootstrap tree #55, logLikelihood: -2434.720122
[00:01:25] Bootstrap tree #56, logLikelihood: -2450.290955
[00:01:25] Bootstrap tree #57, logLikelihood: -2498.997159
[00:01:26] Bootstrap tree #58, logLikelihood: -2343.095138
[00:01:26] Bootstrap tree #59, logLikelihood: -2467.333544
[00:01:26] Bootstrap tree #60, logLikelihood: -2443.064486
[00:01:27] Bootstrap tree #61, logLikelihood: -2434.765423
[00:01:27] Bootstrap tree #62, logLikelihood: -2440.330064
[00:01:27] Bootstrap tree #63, logLikelihood: -2467.281586
[00:01:28] Bootstrap tree #64, logLikelihood: -2414.769945
[00:01:28] Bootstrap tree #65, logLikelihood: -2419.171174
[00:01:28] Bootstrap tree #66, logLikelihood: -2454.957538
[00:01:29] Bootstrap tree #67, logLikelihood: -2382.727383
[00:01:29] Bootstrap tree #68, logLikelihood: -2436.807102
[00:01:30] Bootstrap tree #69, logLikelihood: -2422.962959
[00:01:30] Bootstrap tree #70, logLikelihood: -2564.206514
[00:01:30] Bootstrap tree #71, logLikelihood: -2438.365532
[00:01:31] Bootstrap tree #72, logLikelihood: -2473.594965
[00:01:31] Bootstrap tree #73, logLikelihood: -2418.695585
[00:01:31] Bootstrap tree #74, logLikelihood: -2432.556611
[00:01:32] Bootstrap tree #75, logLikelihood: -2398.443432
[00:01:32] Bootstrap tree #76, logLikelihood: -2431.936232
[00:01:32] Bootstrap tree #77, logLikelihood: -2430.585503
[00:01:33] Bootstrap tree #78, logLikelihood: -2502.896239
[00:01:33] Bootstrap tree #79, logLikelihood: -2495.446487
[00:01:33] Bootstrap tree #80, logLikelihood: -2439.567964
[00:01:34] Bootstrap tree #81, logLikelihood: -2584.999139
[00:01:34] Bootstrap tree #82, logLikelihood: -2385.951705
[00:01:35] Bootstrap tree #83, logLikelihood: -2353.555555
[00:01:35] Bootstrap tree #84, logLikelihood: -2447.438140
[00:01:35] Bootstrap tree #85, logLikelihood: -2442.959478
[00:01:35] Bootstrap tree #86, logLikelihood: -2434.650847
[00:01:36] Bootstrap tree #87, logLikelihood: -2408.219662
[00:01:36] Bootstrap tree #88, logLikelihood: -2492.959718
[00:01:37] Bootstrap tree #89, logLikelihood: -2368.075335
[00:01:37] Bootstrap tree #90, logLikelihood: -2552.257313
[00:01:37] Bootstrap tree #91, logLikelihood: -2405.815562
[00:01:38] Bootstrap tree #92, logLikelihood: -2484.018458
[00:01:38] Bootstrap tree #93, logLikelihood: -2442.168704
[00:01:38] Bootstrap tree #94, logLikelihood: -2440.378923
[00:01:39] Bootstrap tree #95, logLikelihood: -2406.035957
[00:01:40] Bootstrap tree #96, logLikelihood: -2377.298097
[00:01:41] Bootstrap tree #97, logLikelihood: -2463.663724
[00:01:41] Bootstrap tree #98, logLikelihood: -2453.523224
[00:01:41] Bootstrap tree #99, logLikelihood: -2418.751063
[00:01:42] Bootstrap tree #100, logLikelihood: -2495.753677
[00:01:42] Bootstrap tree #101, logLikelihood: -2374.236144
[00:01:42] Bootstrap tree #102, logLikelihood: -2357.893891
[00:01:42] Bootstrap tree #103, logLikelihood: -2456.406772
[00:01:43] Bootstrap tree #104, logLikelihood: -2469.662528
[00:01:43] Bootstrap tree #105, logLikelihood: -2484.975788
[00:01:43] Bootstrap tree #106, logLikelihood: -2491.368935
[00:01:44] Bootstrap tree #107, logLikelihood: -2397.153816
[00:01:44] Bootstrap tree #108, logLikelihood: -2386.657573
[00:01:44] Bootstrap tree #109, logLikelihood: -2453.459264
[00:01:45] Bootstrap tree #110, logLikelihood: -2437.008357
[00:01:45] Bootstrap tree #111, logLikelihood: -2405.465705
[00:01:46] Bootstrap tree #112, logLikelihood: -2416.244964
[00:01:46] Bootstrap tree #113, logLikelihood: -2477.754059
[00:01:46] Bootstrap tree #114, logLikelihood: -2345.521291
[00:01:47] Bootstrap tree #115, logLikelihood: -2420.806496
[00:01:47] Bootstrap tree #116, logLikelihood: -2497.826552
[00:01:47] Bootstrap tree #117, logLikelihood: -2387.831850
[00:01:48] Bootstrap tree #118, logLikelihood: -2367.310694
[00:01:48] Bootstrap tree #119, logLikelihood: -2417.916217
[00:01:48] Bootstrap tree #120, logLikelihood: -2459.449305
[00:01:49] Bootstrap tree #121, logLikelihood: -2413.734441
[00:01:49] Bootstrap tree #122, logLikelihood: -2505.563084
[00:01:50] Bootstrap tree #123, logLikelihood: -2421.761075
[00:01:50] Bootstrap tree #124, logLikelihood: -2439.960369
[00:01:50] Bootstrap tree #125, logLikelihood: -2385.507872
[00:01:51] Bootstrap tree #126, logLikelihood: -2415.992662
[00:01:51] Bootstrap tree #127, logLikelihood: -2414.193646
[00:01:51] Bootstrap tree #128, logLikelihood: -2434.782593
[00:01:52] Bootstrap tree #129, logLikelihood: -2379.071740
[00:01:52] Bootstrap tree #130, logLikelihood: -2491.811458
[00:01:52] Bootstrap tree #131, logLikelihood: -2452.707413
[00:01:53] Bootstrap tree #132, logLikelihood: -2455.351030
[00:01:53] Bootstrap tree #133, logLikelihood: -2328.778905
[00:01:54] Bootstrap tree #134, logLikelihood: -2414.071773
[00:01:54] Bootstrap tree #135, logLikelihood: -2501.826042
[00:01:54] Bootstrap tree #136, logLikelihood: -2412.572726
[00:01:55] Bootstrap tree #137, logLikelihood: -2365.689574
[00:01:55] Bootstrap tree #138, logLikelihood: -2531.598730
[00:01:55] Bootstrap tree #139, logLikelihood: -2458.301748
[00:01:56] Bootstrap tree #140, logLikelihood: -2465.771817
[00:01:56] Bootstrap tree #141, logLikelihood: -2380.448702
[00:01:56] Bootstrap tree #142, logLikelihood: -2425.881559
[00:01:57] Bootstrap tree #143, logLikelihood: -2423.569475
[00:01:57] Bootstrap tree #144, logLikelihood: -2452.060014
[00:01:57] Bootstrap tree #145, logLikelihood: -2494.173120
[00:01:58] Bootstrap tree #146, logLikelihood: -2455.406191
[00:01:58] Bootstrap tree #147, logLikelihood: -2410.907321
[00:01:58] Bootstrap tree #148, logLikelihood: -2420.907310
[00:01:59] Bootstrap tree #149, logLikelihood: -2428.561776
[00:01:59] Bootstrap tree #150, logLikelihood: -2389.586569
[00:02:00] Bootstrap tree #151, logLikelihood: -2475.895598
[00:02:00] Bootstrap tree #152, logLikelihood: -2415.679738
[00:02:00] Bootstrap tree #153, logLikelihood: -2476.414614
[00:02:01] Bootstrap tree #154, logLikelihood: -2416.413128
[00:02:02] Bootstrap tree #155, logLikelihood: -2477.992399
[00:02:02] Bootstrap tree #156, logLikelihood: -2470.436284
[00:02:03] Bootstrap tree #157, logLikelihood: -2463.920759
[00:02:03] Bootstrap tree #158, logLikelihood: -2393.141894
[00:02:03] Bootstrap tree #159, logLikelihood: -2408.128559
[00:02:04] Bootstrap tree #160, logLikelihood: -2332.026371
[00:02:05] Bootstrap tree #161, logLikelihood: -2468.766656
[00:02:05] Bootstrap tree #162, logLikelihood: -2349.761840
[00:02:06] Bootstrap tree #163, logLikelihood: -2463.056467
[00:02:06] Bootstrap tree #164, logLikelihood: -2467.983945
[00:02:07] Bootstrap tree #165, logLikelihood: -2444.715816
[00:02:07] Bootstrap tree #166, logLikelihood: -2330.416798
[00:02:07] Bootstrap tree #167, logLikelihood: -2329.776649
[00:02:08] Bootstrap tree #168, logLikelihood: -2468.504175
[00:02:09] Bootstrap tree #169, logLikelihood: -2434.611648
[00:02:09] Bootstrap tree #170, logLikelihood: -2476.143330
[00:02:10] Bootstrap tree #171, logLikelihood: -2377.799717
[00:02:10] Bootstrap tree #172, logLikelihood: -2508.301408
[00:02:10] Bootstrap tree #173, logLikelihood: -2344.503480
[00:02:11] Bootstrap tree #174, logLikelihood: -2418.868731
[00:02:11] Bootstrap tree #175, logLikelihood: -2426.430199
[00:02:11] Bootstrap tree #176, logLikelihood: -2380.283715
[00:02:12] Bootstrap tree #177, logLikelihood: -2392.409993
[00:02:12] Bootstrap tree #178, logLikelihood: -2496.327657
[00:02:12] Bootstrap tree #179, logLikelihood: -2473.137344
[00:02:13] Bootstrap tree #180, logLikelihood: -2392.358324
[00:02:13] Bootstrap tree #181, logLikelihood: -2491.645402
[00:02:13] Bootstrap tree #182, logLikelihood: -2446.450559
[00:02:14] Bootstrap tree #183, logLikelihood: -2401.082778
[00:02:14] Bootstrap tree #184, logLikelihood: -2483.426799
[00:02:14] Bootstrap tree #185, logLikelihood: -2432.686085
[00:02:15] Bootstrap tree #186, logLikelihood: -2477.498854
[00:02:15] Bootstrap tree #187, logLikelihood: -2516.589382
[00:02:15] Bootstrap tree #188, logLikelihood: -2471.662323
[00:02:16] Bootstrap tree #189, logLikelihood: -2470.743470
[00:02:16] Bootstrap tree #190, logLikelihood: -2423.637685
[00:02:16] Bootstrap tree #191, logLikelihood: -2455.934504
[00:02:17] Bootstrap tree #192, logLikelihood: -2380.999930
[00:02:17] Bootstrap tree #193, logLikelihood: -2473.196688
[00:02:17] Bootstrap tree #194, logLikelihood: -2400.118601
[00:02:18] Bootstrap tree #195, logLikelihood: -2389.708702
[00:02:18] Bootstrap tree #196, logLikelihood: -2463.367555
[00:02:18] Bootstrap tree #197, logLikelihood: -2369.191339
[00:02:19] Bootstrap tree #198, logLikelihood: -2406.181395
[00:02:19] Bootstrap tree #199, logLikelihood: -2468.265501
[00:02:19] Bootstrap tree #200, logLikelihood: -2428.715059
[00:02:20] Bootstrap tree #201, logLikelihood: -2563.761469
[00:02:20] Bootstrap tree #202, logLikelihood: -2430.090724
[00:02:20] Bootstrap tree #203, logLikelihood: -2379.109419
[00:02:21] Bootstrap tree #204, logLikelihood: -2448.352798
[00:02:21] Bootstrap tree #205, logLikelihood: -2406.987413
[00:02:21] Bootstrap tree #206, logLikelihood: -2455.376362
[00:02:22] Bootstrap tree #207, logLikelihood: -2469.191661
[00:02:22] Bootstrap tree #208, logLikelihood: -2390.655465
[00:02:23] Bootstrap tree #209, logLikelihood: -2390.773466
[00:02:23] Bootstrap tree #210, logLikelihood: -2434.437005
[00:02:23] Bootstrap tree #211, logLikelihood: -2365.977971
[00:02:24] Bootstrap tree #212, logLikelihood: -2472.986587
[00:02:24] Bootstrap tree #213, logLikelihood: -2438.415575
[00:02:24] Bootstrap tree #214, logLikelihood: -2442.744977
[00:02:25] Bootstrap tree #215, logLikelihood: -2357.799767
[00:02:25] Bootstrap tree #216, logLikelihood: -2519.710368
[00:02:26] Bootstrap tree #217, logLikelihood: -2469.504454
[00:02:26] Bootstrap tree #218, logLikelihood: -2448.377122
[00:02:26] Bootstrap tree #219, logLikelihood: -2434.627852
[00:02:27] Bootstrap tree #220, logLikelihood: -2528.395935
[00:02:27] Bootstrap tree #221, logLikelihood: -2400.720684
[00:02:27] Bootstrap tree #222, logLikelihood: -2376.650476
[00:02:28] Bootstrap tree #223, logLikelihood: -2348.850957
[00:02:28] Bootstrap tree #224, logLikelihood: -2400.238074
[00:02:29] Bootstrap tree #225, logLikelihood: -2440.477239
[00:02:29] Bootstrap tree #226, logLikelihood: -2425.486347
[00:02:29] Bootstrap tree #227, logLikelihood: -2462.162727
[00:02:30] Bootstrap tree #228, logLikelihood: -2405.061594
[00:02:30] Bootstrap tree #229, logLikelihood: -2422.166384
[00:02:31] Bootstrap tree #230, logLikelihood: -2392.642937
[00:02:31] Bootstrap tree #231, logLikelihood: -2435.995765
[00:02:31] Bootstrap tree #232, logLikelihood: -2401.757329
[00:02:32] Bootstrap tree #233, logLikelihood: -2486.303769
[00:02:32] Bootstrap tree #234, logLikelihood: -2406.841661
[00:02:32] Bootstrap tree #235, logLikelihood: -2369.830220
[00:02:33] Bootstrap tree #236, logLikelihood: -2368.157950
[00:02:33] Bootstrap tree #237, logLikelihood: -2322.326703
[00:02:33] Bootstrap tree #238, logLikelihood: -2422.220767
[00:02:34] Bootstrap tree #239, logLikelihood: -2355.336132
[00:02:34] Bootstrap tree #240, logLikelihood: -2440.501591
[00:02:34] Bootstrap tree #241, logLikelihood: -2400.375757
[00:02:35] Bootstrap tree #242, logLikelihood: -2495.277405
[00:02:35] Bootstrap tree #243, logLikelihood: -2432.471971
[00:02:36] Bootstrap tree #244, logLikelihood: -2480.739307
[00:02:36] Bootstrap tree #245, logLikelihood: -2401.515175
[00:02:36] Bootstrap tree #246, logLikelihood: -2389.295388
[00:02:37] Bootstrap tree #247, logLikelihood: -2467.573666
[00:02:37] Bootstrap tree #248, logLikelihood: -2442.080389
[00:02:37] Bootstrap tree #249, logLikelihood: -2478.880848
[00:02:38] Bootstrap tree #250, logLikelihood: -2440.141456
[00:02:38] Bootstrap tree #251, logLikelihood: -2374.377247
[00:02:38] Bootstrap tree #252, logLikelihood: -2469.982360
[00:02:39] Bootstrap tree #253, logLikelihood: -2463.637197
[00:02:39] Bootstrap tree #254, logLikelihood: -2429.458450
[00:02:40] Bootstrap tree #255, logLikelihood: -2384.242025
[00:02:40] Bootstrap tree #256, logLikelihood: -2435.624348
[00:02:40] Bootstrap tree #257, logLikelihood: -2434.987509
[00:02:41] Bootstrap tree #258, logLikelihood: -2444.293104
[00:02:41] Bootstrap tree #259, logLikelihood: -2405.051865
[00:02:42] Bootstrap tree #260, logLikelihood: -2475.197784
[00:02:42] Bootstrap tree #261, logLikelihood: -2438.931492
[00:02:42] Bootstrap tree #262, logLikelihood: -2469.439043
[00:02:43] Bootstrap tree #263, logLikelihood: -2461.396660
[00:02:43] Bootstrap tree #264, logLikelihood: -2534.306558
[00:02:44] Bootstrap tree #265, logLikelihood: -2418.355286
[00:02:44] Bootstrap tree #266, logLikelihood: -2412.643584
[00:02:45] Bootstrap tree #267, logLikelihood: -2469.472294
[00:02:45] Bootstrap tree #268, logLikelihood: -2425.324039
[00:02:46] Bootstrap tree #269, logLikelihood: -2368.923255
[00:02:46] Bootstrap tree #270, logLikelihood: -2471.728393
[00:02:46] Bootstrap tree #271, logLikelihood: -2428.529964
[00:02:47] Bootstrap tree #272, logLikelihood: -2446.336787
[00:02:47] Bootstrap tree #273, logLikelihood: -2485.681936
[00:02:48] Bootstrap tree #274, logLikelihood: -2400.818076
[00:02:48] Bootstrap tree #275, logLikelihood: -2494.138604
[00:02:48] Bootstrap tree #276, logLikelihood: -2447.689028
[00:02:49] Bootstrap tree #277, logLikelihood: -2464.119336
[00:02:49] Bootstrap tree #278, logLikelihood: -2484.103476
[00:02:49] Bootstrap tree #279, logLikelihood: -2412.156060
[00:02:50] Bootstrap tree #280, logLikelihood: -2458.099327
[00:02:50] Bootstrap tree #281, logLikelihood: -2411.973751
[00:02:51] Bootstrap tree #282, logLikelihood: -2442.330532
[00:02:51] Bootstrap tree #283, logLikelihood: -2343.566714
[00:02:51] Bootstrap tree #284, logLikelihood: -2459.321793
[00:02:52] Bootstrap tree #285, logLikelihood: -2446.824229
[00:02:52] Bootstrap tree #286, logLikelihood: -2511.223892
[00:02:53] Bootstrap tree #287, logLikelihood: -2391.559032
[00:02:53] Bootstrap tree #288, logLikelihood: -2353.322901
[00:02:53] Bootstrap tree #289, logLikelihood: -2431.970952
[00:02:54] Bootstrap tree #290, logLikelihood: -2395.280169
[00:02:54] Bootstrap tree #291, logLikelihood: -2412.404415
[00:02:55] Bootstrap tree #292, logLikelihood: -2371.137747
[00:02:55] Bootstrap tree #293, logLikelihood: -2392.272005
[00:02:56] Bootstrap tree #294, logLikelihood: -2476.546433
[00:02:56] Bootstrap tree #295, logLikelihood: -2541.547332
[00:02:56] Bootstrap tree #296, logLikelihood: -2451.678632
[00:02:57] Bootstrap tree #297, logLikelihood: -2377.804862
[00:02:57] Bootstrap tree #298, logLikelihood: -2406.482985
[00:02:58] Bootstrap tree #299, logLikelihood: -2460.926594
[00:02:58] Bootstrap tree #300, logLikelihood: -2440.724934
[00:02:58] Bootstrap tree #301, logLikelihood: -2430.636471
[00:02:59] Bootstrap tree #302, logLikelihood: -2431.879666
[00:02:59] Bootstrap tree #303, logLikelihood: -2452.315455
[00:03:00] Bootstrap tree #304, logLikelihood: -2415.667651
[00:03:00] Bootstrap tree #305, logLikelihood: -2430.721358
[00:03:00] Bootstrap tree #306, logLikelihood: -2466.657399
[00:03:01] Bootstrap tree #307, logLikelihood: -2481.223443
[00:03:01] Bootstrap tree #308, logLikelihood: -2344.569325
[00:03:01] Bootstrap tree #309, logLikelihood: -2439.350443
[00:03:02] Bootstrap tree #310, logLikelihood: -2375.321045
[00:03:02] Bootstrap tree #311, logLikelihood: -2495.453910
[00:03:02] Bootstrap tree #312, logLikelihood: -2396.768227
[00:03:03] Bootstrap tree #313, logLikelihood: -2414.186911
[00:03:03] Bootstrap tree #314, logLikelihood: -2458.785882
[00:03:03] Bootstrap tree #315, logLikelihood: -2418.795692
[00:03:04] Bootstrap tree #316, logLikelihood: -2410.835285
[00:03:04] Bootstrap tree #317, logLikelihood: -2418.577439
[00:03:05] Bootstrap tree #318, logLikelihood: -2450.952690
[00:03:05] Bootstrap tree #319, logLikelihood: -2337.476176
[00:03:06] Bootstrap tree #320, logLikelihood: -2473.083500
[00:03:06] Bootstrap tree #321, logLikelihood: -2407.920661
[00:03:06] Bootstrap tree #322, logLikelihood: -2394.636293
[00:03:07] Bootstrap tree #323, logLikelihood: -2407.282361
[00:03:07] Bootstrap tree #324, logLikelihood: -2393.523524
[00:03:08] Bootstrap tree #325, logLikelihood: -2360.828069
[00:03:08] Bootstrap tree #326, logLikelihood: -2386.000901
[00:03:08] Bootstrap tree #327, logLikelihood: -2433.469892
[00:03:09] Bootstrap tree #328, logLikelihood: -2455.299756
[00:03:09] Bootstrap tree #329, logLikelihood: -2477.230417
[00:03:10] Bootstrap tree #330, logLikelihood: -2414.587692
[00:03:10] Bootstrap tree #331, logLikelihood: -2428.006744
[00:03:10] Bootstrap tree #332, logLikelihood: -2466.338932
[00:03:11] Bootstrap tree #333, logLikelihood: -2462.553465
[00:03:11] Bootstrap tree #334, logLikelihood: -2447.476250
[00:03:11] Bootstrap tree #335, logLikelihood: -2406.573293
[00:03:12] Bootstrap tree #336, logLikelihood: -2466.447222
[00:03:12] Bootstrap tree #337, logLikelihood: -2385.538837
[00:03:13] Bootstrap tree #338, logLikelihood: -2412.208190
[00:03:13] Bootstrap tree #339, logLikelihood: -2458.963039
[00:03:13] Bootstrap tree #340, logLikelihood: -2365.718349
[00:03:14] Bootstrap tree #341, logLikelihood: -2488.177096
[00:03:14] Bootstrap tree #342, logLikelihood: -2536.658311
[00:03:15] Bootstrap tree #343, logLikelihood: -2435.587740
[00:03:15] Bootstrap tree #344, logLikelihood: -2461.052030
[00:03:16] Bootstrap tree #345, logLikelihood: -2450.311763
[00:03:16] Bootstrap tree #346, logLikelihood: -2454.365600
[00:03:17] Bootstrap tree #347, logLikelihood: -2429.746152
[00:03:17] Bootstrap tree #348, logLikelihood: -2423.673796
[00:03:17] Bootstrap tree #349, logLikelihood: -2519.374698
[00:03:18] Bootstrap tree #350, logLikelihood: -2404.062111
[00:03:18] Bootstrap tree #351, logLikelihood: -2515.718007
[00:03:19] Bootstrap tree #352, logLikelihood: -2445.020874
[00:03:19] Bootstrap tree #353, logLikelihood: -2423.446851
[00:03:19] Bootstrap tree #354, logLikelihood: -2413.441562
[00:03:20] Bootstrap tree #355, logLikelihood: -2409.820794
[00:03:20] Bootstrap tree #356, logLikelihood: -2490.747813
[00:03:21] Bootstrap tree #357, logLikelihood: -2422.206616
[00:03:21] Bootstrap tree #358, logLikelihood: -2429.604567
[00:03:21] Bootstrap tree #359, logLikelihood: -2394.350837
[00:03:22] Bootstrap tree #360, logLikelihood: -2442.547084
[00:03:22] Bootstrap tree #361, logLikelihood: -2483.123497
[00:03:23] Bootstrap tree #362, logLikelihood: -2444.026680
[00:03:23] Bootstrap tree #363, logLikelihood: -2451.619851
[00:03:24] Bootstrap tree #364, logLikelihood: -2394.483206
[00:03:24] Bootstrap tree #365, logLikelihood: -2535.134209
[00:03:24] Bootstrap tree #366, logLikelihood: -2356.251747
[00:03:25] Bootstrap tree #367, logLikelihood: -2362.518847
[00:03:25] Bootstrap tree #368, logLikelihood: -2402.413248
[00:03:26] Bootstrap tree #369, logLikelihood: -2411.093733
[00:03:26] Bootstrap tree #370, logLikelihood: -2463.143992
[00:03:26] Bootstrap tree #371, logLikelihood: -2462.612299
[00:03:27] Bootstrap tree #372, logLikelihood: -2501.880634
[00:03:27] Bootstrap tree #373, logLikelihood: -2438.083394
[00:03:27] Bootstrap tree #374, logLikelihood: -2366.668255
[00:03:28] Bootstrap tree #375, logLikelihood: -2474.461656
[00:03:28] Bootstrap tree #376, logLikelihood: -2431.840671
[00:03:29] Bootstrap tree #377, logLikelihood: -2467.258003
[00:03:29] Bootstrap tree #378, logLikelihood: -2387.727468
[00:03:29] Bootstrap tree #379, logLikelihood: -2519.231241
[00:03:30] Bootstrap tree #380, logLikelihood: -2463.523260
[00:03:30] Bootstrap tree #381, logLikelihood: -2459.081307
[00:03:30] Bootstrap tree #382, logLikelihood: -2408.215072
[00:03:31] Bootstrap tree #383, logLikelihood: -2428.093411
[00:03:31] Bootstrap tree #384, logLikelihood: -2415.393791
[00:03:32] Bootstrap tree #385, logLikelihood: -2401.107508
[00:03:32] Bootstrap tree #386, logLikelihood: -2428.196758
[00:03:33] Bootstrap tree #387, logLikelihood: -2390.820189
[00:03:33] Bootstrap tree #388, logLikelihood: -2379.386019
[00:03:34] Bootstrap tree #389, logLikelihood: -2456.160330
[00:03:34] Bootstrap tree #390, logLikelihood: -2363.481040
[00:03:35] Bootstrap tree #391, logLikelihood: -2474.606008
[00:03:35] Bootstrap tree #392, logLikelihood: -2384.393860
[00:03:35] Bootstrap tree #393, logLikelihood: -2460.785488
[00:03:36] Bootstrap tree #394, logLikelihood: -2462.650036
[00:03:36] Bootstrap tree #395, logLikelihood: -2441.184321
[00:03:37] Bootstrap tree #396, logLikelihood: -2438.984341
[00:03:37] Bootstrap tree #397, logLikelihood: -2476.218429
[00:03:37] Bootstrap tree #398, logLikelihood: -2416.645694
[00:03:38] Bootstrap tree #399, logLikelihood: -2440.750123
[00:03:38] Bootstrap tree #400, logLikelihood: -2464.440094
[00:03:39] Bootstrap tree #401, logLikelihood: -2472.591583
[00:03:39] Bootstrap tree #402, logLikelihood: -2434.262756
[00:03:40] Bootstrap tree #403, logLikelihood: -2410.297209
[00:03:40] Bootstrap tree #404, logLikelihood: -2417.448522
[00:03:40] Bootstrap tree #405, logLikelihood: -2417.617617
[00:03:41] Bootstrap tree #406, logLikelihood: -2429.410575
[00:03:41] Bootstrap tree #407, logLikelihood: -2445.618052
[00:03:42] Bootstrap tree #408, logLikelihood: -2379.848327
[00:03:42] Bootstrap tree #409, logLikelihood: -2421.543215
[00:03:42] Bootstrap tree #410, logLikelihood: -2462.677532
[00:03:43] Bootstrap tree #411, logLikelihood: -2485.244430
[00:03:44] Bootstrap tree #412, logLikelihood: -2468.695193
[00:03:44] Bootstrap tree #413, logLikelihood: -2427.531575
[00:03:45] Bootstrap tree #414, logLikelihood: -2411.374246
[00:03:45] Bootstrap tree #415, logLikelihood: -2480.334630
[00:03:46] Bootstrap tree #416, logLikelihood: -2387.315700
[00:03:46] Bootstrap tree #417, logLikelihood: -2464.825505
[00:03:47] Bootstrap tree #418, logLikelihood: -2491.690788
[00:03:47] Bootstrap tree #419, logLikelihood: -2456.831643
[00:03:48] Bootstrap tree #420, logLikelihood: -2392.787885
[00:03:48] Bootstrap tree #421, logLikelihood: -2384.973386
[00:03:48] Bootstrap tree #422, logLikelihood: -2407.701787
[00:03:49] Bootstrap tree #423, logLikelihood: -2466.427175
[00:03:49] Bootstrap tree #424, logLikelihood: -2539.786451
[00:03:50] Bootstrap tree #425, logLikelihood: -2420.254238
[00:03:50] Bootstrap tree #426, logLikelihood: -2381.845273
[00:03:51] Bootstrap tree #427, logLikelihood: -2426.562335
[00:03:51] Bootstrap tree #428, logLikelihood: -2409.457334
[00:03:52] Bootstrap tree #429, logLikelihood: -2314.536609
[00:03:52] Bootstrap tree #430, logLikelihood: -2417.826377
[00:03:53] Bootstrap tree #431, logLikelihood: -2471.718812
[00:03:53] Bootstrap tree #432, logLikelihood: -2402.911312
[00:03:53] Bootstrap tree #433, logLikelihood: -2344.917324
[00:03:54] Bootstrap tree #434, logLikelihood: -2437.230530
[00:03:54] Bootstrap tree #435, logLikelihood: -2490.233718
[00:03:55] Bootstrap tree #436, logLikelihood: -2422.631807
[00:03:55] Bootstrap tree #437, logLikelihood: -2489.775114
[00:03:56] Bootstrap tree #438, logLikelihood: -2414.550294
[00:03:56] Bootstrap tree #439, logLikelihood: -2454.533948
[00:03:57] Bootstrap tree #440, logLikelihood: -2447.287093
[00:03:57] Bootstrap tree #441, logLikelihood: -2449.583182
[00:03:57] Bootstrap tree #442, logLikelihood: -2384.569565
[00:03:58] Bootstrap tree #443, logLikelihood: -2445.215571
[00:03:58] Bootstrap tree #444, logLikelihood: -2432.378628
[00:03:59] Bootstrap tree #445, logLikelihood: -2357.011324
[00:03:59] Bootstrap tree #446, logLikelihood: -2425.029069
[00:03:59] Bootstrap tree #447, logLikelihood: -2387.988691
[00:04:00] Bootstrap tree #448, logLikelihood: -2413.666607
[00:04:00] Bootstrap tree #449, logLikelihood: -2375.527484
[00:04:01] Bootstrap tree #450, logLikelihood: -2352.698483
[00:04:02] Bootstrap tree #451, logLikelihood: -2452.101967
[00:04:02] Bootstrap tree #452, logLikelihood: -2411.040423
[00:04:02] Bootstrap tree #453, logLikelihood: -2453.112280
[00:04:03] Bootstrap tree #454, logLikelihood: -2503.261443
[00:04:04] Bootstrap tree #455, logLikelihood: -2451.317834
[00:04:04] Bootstrap tree #456, logLikelihood: -2368.990176
[00:04:04] Bootstrap tree #457, logLikelihood: -2388.823254
[00:04:05] Bootstrap tree #458, logLikelihood: -2472.978347
[00:04:05] Bootstrap tree #459, logLikelihood: -2483.598734
[00:04:06] Bootstrap tree #460, logLikelihood: -2425.565639
[00:04:06] Bootstrap tree #461, logLikelihood: -2436.866218
[00:04:07] Bootstrap tree #462, logLikelihood: -2385.522517
[00:04:07] Bootstrap tree #463, logLikelihood: -2475.828643
[00:04:08] Bootstrap tree #464, logLikelihood: -2459.461107
[00:04:08] Bootstrap tree #465, logLikelihood: -2520.788363
[00:04:08] Bootstrap tree #466, logLikelihood: -2371.416309
[00:04:09] Bootstrap tree #467, logLikelihood: -2463.450799
[00:04:09] Bootstrap tree #468, logLikelihood: -2498.924760
[00:04:10] Bootstrap tree #469, logLikelihood: -2463.458028
[00:04:10] Bootstrap tree #470, logLikelihood: -2401.162476
[00:04:11] Bootstrap tree #471, logLikelihood: -2475.594590
[00:04:11] Bootstrap tree #472, logLikelihood: -2452.636285
[00:04:11] Bootstrap tree #473, logLikelihood: -2392.516360
[00:04:12] Bootstrap tree #474, logLikelihood: -2470.554192
[00:04:12] Bootstrap tree #475, logLikelihood: -2468.993257
[00:04:13] Bootstrap tree #476, logLikelihood: -2416.177437
[00:04:13] Bootstrap tree #477, logLikelihood: -2430.307611
[00:04:14] Bootstrap tree #478, logLikelihood: -2481.823501
[00:04:15] Bootstrap tree #479, logLikelihood: -2461.117298
[00:04:16] Bootstrap tree #480, logLikelihood: -2483.772529
[00:04:16] Bootstrap tree #481, logLikelihood: -2413.954792
[00:04:16] Bootstrap tree #482, logLikelihood: -2397.389078
[00:04:17] Bootstrap tree #483, logLikelihood: -2457.279259
[00:04:17] Bootstrap tree #484, logLikelihood: -2484.466503
[00:04:18] Bootstrap tree #485, logLikelihood: -2560.776070
[00:04:18] Bootstrap tree #486, logLikelihood: -2335.846700
[00:04:19] Bootstrap tree #487, logLikelihood: -2464.350750
[00:04:19] Bootstrap tree #488, logLikelihood: -2442.222442
[00:04:19] Bootstrap tree #489, logLikelihood: -2407.310502
[00:04:20] Bootstrap tree #490, logLikelihood: -2419.794738
[00:04:20] Bootstrap tree #491, logLikelihood: -2401.495590
[00:04:21] Bootstrap tree #492, logLikelihood: -2462.455381
[00:04:21] Bootstrap tree #493, logLikelihood: -2401.549686
[00:04:22] Bootstrap tree #494, logLikelihood: -2399.265909
[00:04:22] Bootstrap tree #495, logLikelihood: -2465.751853
[00:04:22] Bootstrap tree #496, logLikelihood: -2416.366649
[00:04:23] Bootstrap tree #497, logLikelihood: -2470.490659
[00:04:23] Bootstrap tree #498, logLikelihood: -2446.814862
[00:04:24] Bootstrap tree #499, logLikelihood: -2466.608034
[00:04:24] Bootstrap tree #500, logLikelihood: -2442.398756
[00:04:25] Bootstrap tree #501, logLikelihood: -2485.624674
[00:04:25] Bootstrap tree #502, logLikelihood: -2422.745835
[00:04:26] Bootstrap tree #503, logLikelihood: -2380.452665
[00:04:26] Bootstrap tree #504, logLikelihood: -2477.865042
[00:04:26] Bootstrap tree #505, logLikelihood: -2452.548915
[00:04:27] Bootstrap tree #506, logLikelihood: -2377.280901
[00:04:27] Bootstrap tree #507, logLikelihood: -2527.708220
[00:04:28] Bootstrap tree #508, logLikelihood: -2473.400225
[00:04:28] Bootstrap tree #509, logLikelihood: -2479.546299
[00:04:28] Bootstrap tree #510, logLikelihood: -2426.337785
[00:04:29] Bootstrap tree #511, logLikelihood: -2442.461571
[00:04:29] Bootstrap tree #512, logLikelihood: -2398.084647
[00:04:30] Bootstrap tree #513, logLikelihood: -2387.681697
[00:04:30] Bootstrap tree #514, logLikelihood: -2510.755788
[00:04:31] Bootstrap tree #515, logLikelihood: -2394.792759
[00:04:31] Bootstrap tree #516, logLikelihood: -2389.752276
[00:04:32] Bootstrap tree #517, logLikelihood: -2398.123167
[00:04:32] Bootstrap tree #518, logLikelihood: -2428.687177
[00:04:33] Bootstrap tree #519, logLikelihood: -2466.545494
[00:04:33] Bootstrap tree #520, logLikelihood: -2416.345137
[00:04:34] Bootstrap tree #521, logLikelihood: -2413.095849
[00:04:34] Bootstrap tree #522, logLikelihood: -2425.254391
[00:04:35] Bootstrap tree #523, logLikelihood: -2414.716054
[00:04:35] Bootstrap tree #524, logLikelihood: -2460.267235
[00:04:36] Bootstrap tree #525, logLikelihood: -2375.765327
[00:04:37] Bootstrap tree #526, logLikelihood: -2460.405744
[00:04:37] Bootstrap tree #527, logLikelihood: -2425.518231
[00:04:38] Bootstrap tree #528, logLikelihood: -2456.448008
[00:04:38] Bootstrap tree #529, logLikelihood: -2457.716908
[00:04:39] Bootstrap tree #530, logLikelihood: -2516.458674
[00:04:39] Bootstrap tree #531, logLikelihood: -2459.597062
[00:04:40] Bootstrap tree #532, logLikelihood: -2393.926826
[00:04:40] Bootstrap tree #533, logLikelihood: -2383.242794
[00:04:40] Bootstrap tree #534, logLikelihood: -2347.731732
[00:04:41] Bootstrap tree #535, logLikelihood: -2508.555596
[00:04:41] Bootstrap tree #536, logLikelihood: -2430.580928
[00:04:42] Bootstrap tree #537, logLikelihood: -2423.768041
[00:04:42] Bootstrap tree #538, logLikelihood: -2417.053308
[00:04:43] Bootstrap tree #539, logLikelihood: -2381.722588
[00:04:43] Bootstrap tree #540, logLikelihood: -2405.144288
[00:04:44] Bootstrap tree #541, logLikelihood: -2416.248206
[00:04:44] Bootstrap tree #542, logLikelihood: -2448.144058
[00:04:45] Bootstrap tree #543, logLikelihood: -2296.699706
[00:04:45] Bootstrap tree #544, logLikelihood: -2422.049548
[00:04:46] Bootstrap tree #545, logLikelihood: -2410.103855
[00:04:46] Bootstrap tree #546, logLikelihood: -2399.225640
[00:04:47] Bootstrap tree #547, logLikelihood: -2401.063175
[00:04:47] Bootstrap tree #548, logLikelihood: -2592.835970
[00:04:48] Bootstrap tree #549, logLikelihood: -2378.809164
[00:04:48] Bootstrap tree #550, logLikelihood: -2413.786179
[00:04:49] Bootstrap tree #551, logLikelihood: -2352.598673
[00:04:49] Bootstrap tree #552, logLikelihood: -2420.630222
[00:04:49] Bootstrap tree #553, logLikelihood: -2360.235060
[00:04:50] Bootstrap tree #554, logLikelihood: -2392.725937
[00:04:50] Bootstrap tree #555, logLikelihood: -2431.077156
[00:04:51] Bootstrap tree #556, logLikelihood: -2434.374093
[00:04:51] Bootstrap tree #557, logLikelihood: -2522.142073
[00:04:52] Bootstrap tree #558, logLikelihood: -2376.131118
[00:04:52] Bootstrap tree #559, logLikelihood: -2446.511343
[00:04:52] Bootstrap tree #560, logLikelihood: -2476.051847
[00:04:53] Bootstrap tree #561, logLikelihood: -2452.245282
[00:04:53] Bootstrap tree #562, logLikelihood: -2396.611489
[00:04:54] Bootstrap tree #563, logLikelihood: -2373.963062
[00:04:54] Bootstrap tree #564, logLikelihood: -2412.612432
[00:04:54] Bootstrap tree #565, logLikelihood: -2453.097639
[00:04:55] Bootstrap tree #566, logLikelihood: -2526.857417
[00:04:55] Bootstrap tree #567, logLikelihood: -2473.059043
[00:04:56] Bootstrap tree #568, logLikelihood: -2480.692615
[00:04:56] Bootstrap tree #569, logLikelihood: -2414.858084
[00:04:57] Bootstrap tree #570, logLikelihood: -2460.926261
[00:04:57] Bootstrap tree #571, logLikelihood: -2389.364883
[00:04:58] Bootstrap tree #572, logLikelihood: -2455.557175
[00:04:58] Bootstrap tree #573, logLikelihood: -2357.693848
[00:04:59] Bootstrap tree #574, logLikelihood: -2454.764655
[00:04:59] Bootstrap tree #575, logLikelihood: -2445.447801
[00:04:59] Bootstrap tree #576, logLikelihood: -2424.819975
[00:05:00] Bootstrap tree #577, logLikelihood: -2420.622600
[00:05:00] Bootstrap tree #578, logLikelihood: -2388.388911
[00:05:01] Bootstrap tree #579, logLikelihood: -2447.923590
[00:05:02] Bootstrap tree #580, logLikelihood: -2389.432238
[00:05:02] Bootstrap tree #581, logLikelihood: -2449.023933
[00:05:03] Bootstrap tree #582, logLikelihood: -2348.519243
[00:05:03] Bootstrap tree #583, logLikelihood: -2459.899253
[00:05:03] Bootstrap tree #584, logLikelihood: -2456.489964
[00:05:04] Bootstrap tree #585, logLikelihood: -2448.254228
[00:05:04] Bootstrap tree #586, logLikelihood: -2466.309917
[00:05:05] Bootstrap tree #587, logLikelihood: -2385.660591
[00:05:06] Bootstrap tree #588, logLikelihood: -2487.081887
[00:05:06] Bootstrap tree #589, logLikelihood: -2414.240440
[00:05:06] Bootstrap tree #590, logLikelihood: -2407.308089
[00:05:07] Bootstrap tree #591, logLikelihood: -2452.362750
[00:05:07] Bootstrap tree #592, logLikelihood: -2465.087076
[00:05:08] Bootstrap tree #593, logLikelihood: -2486.450029
[00:05:08] Bootstrap tree #594, logLikelihood: -2376.343635
[00:05:09] Bootstrap tree #595, logLikelihood: -2425.947263
[00:05:09] Bootstrap tree #596, logLikelihood: -2436.950033
[00:05:10] Bootstrap tree #597, logLikelihood: -2481.180582
[00:05:10] Bootstrap tree #598, logLikelihood: -2447.743465
[00:05:10] Bootstrap tree #599, logLikelihood: -2316.983017
[00:05:11] Bootstrap tree #600, logLikelihood: -2537.328935
[00:05:12] Bootstrap tree #601, logLikelihood: -2427.214370
[00:05:12] Bootstrap tree #602, logLikelihood: -2387.814779
[00:05:13] Bootstrap tree #603, logLikelihood: -2400.371379
[00:05:13] Bootstrap tree #604, logLikelihood: -2426.455513
[00:05:13] Bootstrap tree #605, logLikelihood: -2375.924209
[00:05:14] Bootstrap tree #606, logLikelihood: -2437.346431
[00:05:15] Bootstrap tree #607, logLikelihood: -2466.193521
[00:05:15] Bootstrap tree #608, logLikelihood: -2429.183733
[00:05:16] Bootstrap tree #609, logLikelihood: -2448.178496
[00:05:16] Bootstrap tree #610, logLikelihood: -2393.980617
[00:05:17] Bootstrap tree #611, logLikelihood: -2478.856860
[00:05:17] Bootstrap tree #612, logLikelihood: -2458.671737
[00:05:18] Bootstrap tree #613, logLikelihood: -2479.706173
[00:05:18] Bootstrap tree #614, logLikelihood: -2369.461296
[00:05:19] Bootstrap tree #615, logLikelihood: -2420.485037
[00:05:19] Bootstrap tree #616, logLikelihood: -2431.440011
[00:05:19] Bootstrap tree #617, logLikelihood: -2412.965383
[00:05:20] Bootstrap tree #618, logLikelihood: -2413.621011
[00:05:20] Bootstrap tree #619, logLikelihood: -2454.363707
[00:05:21] Bootstrap tree #620, logLikelihood: -2405.589082
[00:05:21] Bootstrap tree #621, logLikelihood: -2471.290121
[00:05:22] Bootstrap tree #622, logLikelihood: -2485.139001
[00:05:22] Bootstrap tree #623, logLikelihood: -2518.932036
[00:05:23] Bootstrap tree #624, logLikelihood: -2417.007442
[00:05:23] Bootstrap tree #625, logLikelihood: -2465.495996
[00:05:24] Bootstrap tree #626, logLikelihood: -2488.849041
[00:05:24] Bootstrap tree #627, logLikelihood: -2427.893764
[00:05:24] Bootstrap tree #628, logLikelihood: -2427.463480
[00:05:25] Bootstrap tree #629, logLikelihood: -2464.462911
[00:05:25] Bootstrap tree #630, logLikelihood: -2394.352994
[00:05:26] Bootstrap tree #631, logLikelihood: -2466.838372
[00:05:26] Bootstrap tree #632, logLikelihood: -2434.371473
[00:05:27] Bootstrap tree #633, logLikelihood: -2456.864229
[00:05:27] Bootstrap tree #634, logLikelihood: -2339.609654
[00:05:28] Bootstrap tree #635, logLikelihood: -2387.810595
[00:05:28] Bootstrap tree #636, logLikelihood: -2423.721204
[00:05:29] Bootstrap tree #637, logLikelihood: -2404.961489
[00:05:29] Bootstrap tree #638, logLikelihood: -2431.221803
[00:05:30] Bootstrap tree #639, logLikelihood: -2439.665247
[00:05:30] Bootstrap tree #640, logLikelihood: -2455.792954
[00:05:31] Bootstrap tree #641, logLikelihood: -2356.752515
[00:05:31] Bootstrap tree #642, logLikelihood: -2395.364414
[00:05:32] Bootstrap tree #643, logLikelihood: -2372.175553
[00:05:32] Bootstrap tree #644, logLikelihood: -2529.075848
[00:05:33] Bootstrap tree #645, logLikelihood: -2525.136198
[00:05:33] Bootstrap tree #646, logLikelihood: -2504.285449
[00:05:33] Bootstrap tree #647, logLikelihood: -2425.901355
[00:05:34] Bootstrap tree #648, logLikelihood: -2424.217183
[00:05:34] Bootstrap tree #649, logLikelihood: -2485.008557
[00:05:35] Bootstrap tree #650, logLikelihood: -2465.114914
[00:05:35] Bootstrap tree #651, logLikelihood: -2388.402801
[00:05:36] Bootstrap tree #652, logLikelihood: -2417.841167
[00:05:37] Bootstrap tree #653, logLikelihood: -2365.104447
[00:05:37] Bootstrap tree #654, logLikelihood: -2492.900599
[00:05:38] Bootstrap tree #655, logLikelihood: -2429.256312
[00:05:38] Bootstrap tree #656, logLikelihood: -2410.360369
[00:05:39] Bootstrap tree #657, logLikelihood: -2378.406233
[00:05:39] Bootstrap tree #658, logLikelihood: -2439.450103
[00:05:39] Bootstrap tree #659, logLikelihood: -2388.529599
[00:05:40] Bootstrap tree #660, logLikelihood: -2424.021396
[00:05:40] Bootstrap tree #661, logLikelihood: -2428.541088
[00:05:41] Bootstrap tree #662, logLikelihood: -2480.420813
[00:05:41] Bootstrap tree #663, logLikelihood: -2437.536473
[00:05:42] Bootstrap tree #664, logLikelihood: -2397.914686
[00:05:42] Bootstrap tree #665, logLikelihood: -2492.750708
[00:05:43] Bootstrap tree #666, logLikelihood: -2359.787112
[00:05:43] Bootstrap tree #667, logLikelihood: -2444.934346
[00:05:44] Bootstrap tree #668, logLikelihood: -2472.677910
[00:05:45] Bootstrap tree #669, logLikelihood: -2439.095795
[00:05:45] Bootstrap tree #670, logLikelihood: -2444.588421
[00:05:46] Bootstrap tree #671, logLikelihood: -2460.746520
[00:05:46] Bootstrap tree #672, logLikelihood: -2460.592578
[00:05:47] Bootstrap tree #673, logLikelihood: -2352.744195
[00:05:48] Bootstrap tree #674, logLikelihood: -2421.914813
[00:05:48] Bootstrap tree #675, logLikelihood: -2407.137397
[00:05:49] Bootstrap tree #676, logLikelihood: -2399.002306
[00:05:49] Bootstrap tree #677, logLikelihood: -2405.526999
[00:05:49] Bootstrap tree #678, logLikelihood: -2464.711339
[00:05:50] Bootstrap tree #679, logLikelihood: -2440.047138
[00:05:50] Bootstrap tree #680, logLikelihood: -2400.252686
[00:05:51] Bootstrap tree #681, logLikelihood: -2469.299172
[00:05:51] Bootstrap tree #682, logLikelihood: -2404.934759
[00:05:52] Bootstrap tree #683, logLikelihood: -2423.967112
[00:05:52] Bootstrap tree #684, logLikelihood: -2475.923167
[00:05:53] Bootstrap tree #685, logLikelihood: -2371.236894
[00:05:53] Bootstrap tree #686, logLikelihood: -2456.319157
[00:05:54] Bootstrap tree #687, logLikelihood: -2457.826981
[00:05:55] Bootstrap tree #688, logLikelihood: -2521.811838
[00:05:55] Bootstrap tree #689, logLikelihood: -2385.847949
[00:05:55] Bootstrap tree #690, logLikelihood: -2468.139983
[00:05:56] Bootstrap tree #691, logLikelihood: -2427.858437
[00:05:56] Bootstrap tree #692, logLikelihood: -2436.673610
[00:05:57] Bootstrap tree #693, logLikelihood: -2447.414332
[00:05:57] Bootstrap tree #694, logLikelihood: -2466.881373
[00:05:58] Bootstrap tree #695, logLikelihood: -2472.097468
[00:05:58] Bootstrap tree #696, logLikelihood: -2481.314474
[00:05:59] Bootstrap tree #697, logLikelihood: -2392.697100
[00:06:00] Bootstrap tree #698, logLikelihood: -2417.212583
[00:06:00] Bootstrap tree #699, logLikelihood: -2442.959718
[00:06:00] Bootstrap tree #700, logLikelihood: -2362.369836
[00:06:01] Bootstrap tree #701, logLikelihood: -2460.722024
[00:06:01] Bootstrap tree #702, logLikelihood: -2519.792409
[00:06:02] Bootstrap tree #703, logLikelihood: -2467.243804
[00:06:02] Bootstrap tree #704, logLikelihood: -2387.421019
[00:06:03] Bootstrap tree #705, logLikelihood: -2448.116033
[00:06:03] Bootstrap tree #706, logLikelihood: -2474.300672
[00:06:04] Bootstrap tree #707, logLikelihood: -2400.761171
[00:06:04] Bootstrap tree #708, logLikelihood: -2420.498030
[00:06:05] Bootstrap tree #709, logLikelihood: -2354.023903
[00:06:05] Bootstrap tree #710, logLikelihood: -2409.351002
[00:06:06] Bootstrap tree #711, logLikelihood: -2515.936075
[00:06:06] Bootstrap tree #712, logLikelihood: -2395.473753
[00:06:07] Bootstrap tree #713, logLikelihood: -2418.304795
[00:06:07] Bootstrap tree #714, logLikelihood: -2361.086910
[00:06:08] Bootstrap tree #715, logLikelihood: -2435.084619
[00:06:08] Bootstrap tree #716, logLikelihood: -2357.396665
[00:06:09] Bootstrap tree #717, logLikelihood: -2438.564551
[00:06:09] Bootstrap tree #718, logLikelihood: -2380.132500
[00:06:10] Bootstrap tree #719, logLikelihood: -2491.382100
[00:06:10] Bootstrap tree #720, logLikelihood: -2400.383145
[00:06:11] Bootstrap tree #721, logLikelihood: -2491.242552
[00:06:11] Bootstrap tree #722, logLikelihood: -2361.595293
[00:06:12] Bootstrap tree #723, logLikelihood: -2409.143167
[00:06:12] Bootstrap tree #724, logLikelihood: -2487.346485
[00:06:13] Bootstrap tree #725, logLikelihood: -2526.968836
[00:06:13] Bootstrap tree #726, logLikelihood: -2420.467712
[00:06:14] Bootstrap tree #727, logLikelihood: -2381.046338
[00:06:14] Bootstrap tree #728, logLikelihood: -2398.714052
[00:06:15] Bootstrap tree #729, logLikelihood: -2434.312264
[00:06:15] Bootstrap tree #730, logLikelihood: -2408.887635
[00:06:16] Bootstrap tree #731, logLikelihood: -2435.421807
[00:06:16] Bootstrap tree #732, logLikelihood: -2500.188661
[00:06:17] Bootstrap tree #733, logLikelihood: -2424.248796
[00:06:17] Bootstrap tree #734, logLikelihood: -2439.870839
[00:06:18] Bootstrap tree #735, logLikelihood: -2412.413726
[00:06:18] Bootstrap tree #736, logLikelihood: -2387.362208
[00:06:19] Bootstrap tree #737, logLikelihood: -2374.224370
[00:06:19] Bootstrap tree #738, logLikelihood: -2495.416609
[00:06:20] Bootstrap tree #739, logLikelihood: -2443.548325
[00:06:20] Bootstrap tree #740, logLikelihood: -2474.741269
[00:06:21] Bootstrap tree #741, logLikelihood: -2505.657090
[00:06:21] Bootstrap tree #742, logLikelihood: -2396.000559
[00:06:22] Bootstrap tree #743, logLikelihood: -2420.760760
[00:06:22] Bootstrap tree #744, logLikelihood: -2421.876998
[00:06:23] Bootstrap tree #745, logLikelihood: -2474.557792
[00:06:23] Bootstrap tree #746, logLikelihood: -2405.075102
[00:06:24] Bootstrap tree #747, logLikelihood: -2422.338624
[00:06:24] Bootstrap tree #748, logLikelihood: -2490.964558
[00:06:25] Bootstrap tree #749, logLikelihood: -2448.254431
[00:06:26] Bootstrap tree #750, logLikelihood: -2441.989214
[00:06:26] Bootstrap tree #751, logLikelihood: -2409.399189
[00:06:26] Bootstrap tree #752, logLikelihood: -2375.067441
[00:06:27] Bootstrap tree #753, logLikelihood: -2442.492828
[00:06:27] Bootstrap tree #754, logLikelihood: -2467.911430
[00:06:28] Bootstrap tree #755, logLikelihood: -2479.706075
[00:06:28] Bootstrap tree #756, logLikelihood: -2418.255168
[00:06:29] Bootstrap tree #757, logLikelihood: -2415.981981
[00:06:30] Bootstrap tree #758, logLikelihood: -2469.234511
[00:06:30] Bootstrap tree #759, logLikelihood: -2437.372069
[00:06:31] Bootstrap tree #760, logLikelihood: -2428.468597
[00:06:31] Bootstrap tree #761, logLikelihood: -2380.278941
[00:06:32] Bootstrap tree #762, logLikelihood: -2442.262481
[00:06:32] Bootstrap tree #763, logLikelihood: -2438.282852
[00:06:33] Bootstrap tree #764, logLikelihood: -2448.568475
[00:06:33] Bootstrap tree #765, logLikelihood: -2546.387623
[00:06:34] Bootstrap tree #766, logLikelihood: -2481.204276
[00:06:34] Bootstrap tree #767, logLikelihood: -2388.662783
[00:06:35] Bootstrap tree #768, logLikelihood: -2359.112777
[00:06:35] Bootstrap tree #769, logLikelihood: -2394.315088
[00:06:36] Bootstrap tree #770, logLikelihood: -2445.010533
[00:06:36] Bootstrap tree #771, logLikelihood: -2509.524961
[00:06:37] Bootstrap tree #772, logLikelihood: -2465.821145
[00:06:37] Bootstrap tree #773, logLikelihood: -2418.584186
[00:06:38] Bootstrap tree #774, logLikelihood: -2418.928234
[00:06:38] Bootstrap tree #775, logLikelihood: -2475.244689
[00:06:39] Bootstrap tree #776, logLikelihood: -2388.100738
[00:06:39] Bootstrap tree #777, logLikelihood: -2414.363176
[00:06:40] Bootstrap tree #778, logLikelihood: -2391.704087
[00:06:41] Bootstrap tree #779, logLikelihood: -2511.470982
[00:06:41] Bootstrap tree #780, logLikelihood: -2451.391515
[00:06:42] Bootstrap tree #781, logLikelihood: -2417.839758
[00:06:42] Bootstrap tree #782, logLikelihood: -2454.186138
[00:06:43] Bootstrap tree #783, logLikelihood: -2391.958496
[00:06:43] Bootstrap tree #784, logLikelihood: -2430.129888
[00:06:44] Bootstrap tree #785, logLikelihood: -2465.136975
[00:06:44] Bootstrap tree #786, logLikelihood: -2456.806035
[00:06:45] Bootstrap tree #787, logLikelihood: -2387.895019
[00:06:46] Bootstrap tree #788, logLikelihood: -2501.675920
[00:06:46] Bootstrap tree #789, logLikelihood: -2436.878086
[00:06:47] Bootstrap tree #790, logLikelihood: -2541.044676
[00:06:47] Bootstrap tree #791, logLikelihood: -2379.051156
[00:06:48] Bootstrap tree #792, logLikelihood: -2448.278529
[00:06:48] Bootstrap tree #793, logLikelihood: -2507.448379
[00:06:49] Bootstrap tree #794, logLikelihood: -2397.573085
[00:06:49] Bootstrap tree #795, logLikelihood: -2510.864993
[00:06:50] Bootstrap tree #796, logLikelihood: -2450.364384
[00:06:50] Bootstrap tree #797, logLikelihood: -2460.717472
[00:06:51] Bootstrap tree #798, logLikelihood: -2465.756892
[00:06:51] Bootstrap tree #799, logLikelihood: -2466.669618
[00:06:52] Bootstrap tree #800, logLikelihood: -2389.505737
[00:06:52] Bootstrap tree #801, logLikelihood: -2344.031678
[00:06:53] Bootstrap tree #802, logLikelihood: -2364.867112
[00:06:53] Bootstrap tree #803, logLikelihood: -2449.327040
[00:06:54] Bootstrap tree #804, logLikelihood: -2414.992942
[00:06:55] Bootstrap tree #805, logLikelihood: -2398.511987
[00:06:55] Bootstrap tree #806, logLikelihood: -2419.344533
[00:06:56] Bootstrap tree #807, logLikelihood: -2381.846125
[00:06:56] Bootstrap tree #808, logLikelihood: -2462.771955
[00:06:56] Bootstrap tree #809, logLikelihood: -2424.394028
[00:06:57] Bootstrap tree #810, logLikelihood: -2456.316871
[00:06:58] Bootstrap tree #811, logLikelihood: -2449.061874
[00:06:59] Bootstrap tree #812, logLikelihood: -2469.390734
[00:06:59] Bootstrap tree #813, logLikelihood: -2396.108716
[00:07:00] Bootstrap tree #814, logLikelihood: -2438.894310
[00:07:00] Bootstrap tree #815, logLikelihood: -2475.699162
[00:07:01] Bootstrap tree #816, logLikelihood: -2357.958208
[00:07:01] Bootstrap tree #817, logLikelihood: -2530.627537
[00:07:02] Bootstrap tree #818, logLikelihood: -2395.211239
[00:07:02] Bootstrap tree #819, logLikelihood: -2458.240339
[00:07:03] Bootstrap tree #820, logLikelihood: -2437.085450
[00:07:03] Bootstrap tree #821, logLikelihood: -2524.916055
[00:07:04] Bootstrap tree #822, logLikelihood: -2369.116987
[00:07:04] Bootstrap tree #823, logLikelihood: -2419.847053
[00:07:05] Bootstrap tree #824, logLikelihood: -2401.586066
[00:07:06] Bootstrap tree #825, logLikelihood: -2492.821983
[00:07:06] Bootstrap tree #826, logLikelihood: -2413.505472
[00:07:07] Bootstrap tree #827, logLikelihood: -2508.397698
[00:07:07] Bootstrap tree #828, logLikelihood: -2469.123557
[00:07:08] Bootstrap tree #829, logLikelihood: -2437.679595
[00:07:08] Bootstrap tree #830, logLikelihood: -2317.002479
[00:07:09] Bootstrap tree #831, logLikelihood: -2469.925008
[00:07:09] Bootstrap tree #832, logLikelihood: -2372.331343
[00:07:10] Bootstrap tree #833, logLikelihood: -2404.221385
[00:07:10] Bootstrap tree #834, logLikelihood: -2491.925293
[00:07:11] Bootstrap tree #835, logLikelihood: -2409.784278
[00:07:11] Bootstrap tree #836, logLikelihood: -2416.418442
[00:07:12] Bootstrap tree #837, logLikelihood: -2383.552133
[00:07:12] Bootstrap tree #838, logLikelihood: -2427.431040
[00:07:13] Bootstrap tree #839, logLikelihood: -2416.166604
[00:07:13] Bootstrap tree #840, logLikelihood: -2445.437494
[00:07:14] Bootstrap tree #841, logLikelihood: -2400.854135
[00:07:14] Bootstrap tree #842, logLikelihood: -2472.878050
[00:07:15] Bootstrap tree #843, logLikelihood: -2495.757640
[00:07:16] Bootstrap tree #844, logLikelihood: -2396.696546
[00:07:16] Bootstrap tree #845, logLikelihood: -2485.817044
[00:07:17] Bootstrap tree #846, logLikelihood: -2479.338934
[00:07:17] Bootstrap tree #847, logLikelihood: -2462.130344
[00:07:18] Bootstrap tree #848, logLikelihood: -2476.926229
[00:07:18] Bootstrap tree #849, logLikelihood: -2463.174761
[00:07:19] Bootstrap tree #850, logLikelihood: -2480.885031
[00:07:19] Bootstrap tree #851, logLikelihood: -2504.207711
[00:07:20] Bootstrap tree #852, logLikelihood: -2434.211285
[00:07:20] Bootstrap tree #853, logLikelihood: -2413.759930
[00:07:21] Bootstrap tree #854, logLikelihood: -2412.583204
[00:07:22] Bootstrap tree #855, logLikelihood: -2425.529878
[00:07:22] Bootstrap tree #856, logLikelihood: -2418.930881
[00:07:22] Bootstrap tree #857, logLikelihood: -2373.209556
[00:07:23] Bootstrap tree #858, logLikelihood: -2380.957016
[00:07:24] Bootstrap tree #859, logLikelihood: -2403.877188
[00:07:24] Bootstrap tree #860, logLikelihood: -2435.438860
[00:07:25] Bootstrap tree #861, logLikelihood: -2420.672646
[00:07:25] Bootstrap tree #862, logLikelihood: -2461.373802
[00:07:26] Bootstrap tree #863, logLikelihood: -2472.189709
[00:07:26] Bootstrap tree #864, logLikelihood: -2428.347175
[00:07:27] Bootstrap tree #865, logLikelihood: -2428.627309
[00:07:27] Bootstrap tree #866, logLikelihood: -2421.938137
[00:07:28] Bootstrap tree #867, logLikelihood: -2431.006969
[00:07:28] Bootstrap tree #868, logLikelihood: -2447.059686
[00:07:29] Bootstrap tree #869, logLikelihood: -2421.939213
[00:07:29] Bootstrap tree #870, logLikelihood: -2463.259253
[00:07:30] Bootstrap tree #871, logLikelihood: -2509.258896
[00:07:30] Bootstrap tree #872, logLikelihood: -2347.588267
[00:07:31] Bootstrap tree #873, logLikelihood: -2440.110419
[00:07:31] Bootstrap tree #874, logLikelihood: -2471.135190
[00:07:32] Bootstrap tree #875, logLikelihood: -2439.493404
[00:07:32] Bootstrap tree #876, logLikelihood: -2420.473213
[00:07:33] Bootstrap tree #877, logLikelihood: -2447.233208
[00:07:33] Bootstrap tree #878, logLikelihood: -2441.899998
[00:07:34] Bootstrap tree #879, logLikelihood: -2509.549892
[00:07:34] Bootstrap tree #880, logLikelihood: -2545.951791
[00:07:35] Bootstrap tree #881, logLikelihood: -2434.105473
[00:07:35] Bootstrap tree #882, logLikelihood: -2438.581804
[00:07:36] Bootstrap tree #883, logLikelihood: -2409.079097
[00:07:36] Bootstrap tree #884, logLikelihood: -2357.223702
[00:07:37] Bootstrap tree #885, logLikelihood: -2388.708082
[00:07:37] Bootstrap tree #886, logLikelihood: -2556.428789
[00:07:38] Bootstrap tree #887, logLikelihood: -2418.981269
[00:07:39] Bootstrap tree #888, logLikelihood: -2467.224663
[00:07:39] Bootstrap tree #889, logLikelihood: -2481.666439
[00:07:40] Bootstrap tree #890, logLikelihood: -2393.419287
[00:07:40] Bootstrap tree #891, logLikelihood: -2431.849958
[00:07:40] Bootstrap tree #892, logLikelihood: -2392.097879
[00:07:41] Bootstrap tree #893, logLikelihood: -2445.023712
[00:07:42] Bootstrap tree #894, logLikelihood: -2521.838265
[00:07:42] Bootstrap tree #895, logLikelihood: -2409.909037
[00:07:43] Bootstrap tree #896, logLikelihood: -2409.101236
[00:07:43] Bootstrap tree #897, logLikelihood: -2474.584080
[00:07:44] Bootstrap tree #898, logLikelihood: -2408.055324
[00:07:44] Bootstrap tree #899, logLikelihood: -2455.805208
[00:07:45] Bootstrap tree #900, logLikelihood: -2364.369063
[00:07:46] Bootstrap tree #901, logLikelihood: -2362.009013
[00:07:46] Bootstrap tree #902, logLikelihood: -2404.095249
[00:07:47] Bootstrap tree #903, logLikelihood: -2495.368476
[00:07:47] Bootstrap tree #904, logLikelihood: -2426.523183
[00:07:48] Bootstrap tree #905, logLikelihood: -2399.344701
[00:07:48] Bootstrap tree #906, logLikelihood: -2452.841846
[00:07:49] Bootstrap tree #907, logLikelihood: -2455.162105
[00:07:49] Bootstrap tree #908, logLikelihood: -2428.403665
[00:07:50] Bootstrap tree #909, logLikelihood: -2480.797382
[00:07:51] Bootstrap tree #910, logLikelihood: -2443.403498
[00:07:51] Bootstrap tree #911, logLikelihood: -2474.989361
[00:07:51] Bootstrap tree #912, logLikelihood: -2443.113452
[00:07:52] Bootstrap tree #913, logLikelihood: -2381.140894
[00:07:53] Bootstrap tree #914, logLikelihood: -2435.178797
[00:07:54] Bootstrap tree #915, logLikelihood: -2466.114192
[00:07:54] Bootstrap tree #916, logLikelihood: -2479.033008
[00:07:55] Bootstrap tree #917, logLikelihood: -2385.968199
[00:07:55] Bootstrap tree #918, logLikelihood: -2482.346261
[00:07:56] Bootstrap tree #919, logLikelihood: -2355.641657
[00:07:56] Bootstrap tree #920, logLikelihood: -2425.981342
[00:07:57] Bootstrap tree #921, logLikelihood: -2352.308970
[00:07:57] Bootstrap tree #922, logLikelihood: -2498.766320
[00:07:58] Bootstrap tree #923, logLikelihood: -2450.594935
[00:07:58] Bootstrap tree #924, logLikelihood: -2353.502801
[00:07:59] Bootstrap tree #925, logLikelihood: -2376.013692
[00:07:59] Bootstrap tree #926, logLikelihood: -2341.995997
[00:08:00] Bootstrap tree #927, logLikelihood: -2383.619302
[00:08:01] Bootstrap tree #928, logLikelihood: -2531.471893
[00:08:01] Bootstrap tree #929, logLikelihood: -2389.437420
[00:08:02] Bootstrap tree #930, logLikelihood: -2429.133939
[00:08:02] Bootstrap tree #931, logLikelihood: -2448.992169
[00:08:03] Bootstrap tree #932, logLikelihood: -2326.869408
[00:08:03] Bootstrap tree #933, logLikelihood: -2437.689350
[00:08:04] Bootstrap tree #934, logLikelihood: -2416.411928
[00:08:04] Bootstrap tree #935, logLikelihood: -2451.058347
[00:08:05] Bootstrap tree #936, logLikelihood: -2484.550778
[00:08:06] Bootstrap tree #937, logLikelihood: -2325.110181
[00:08:06] Bootstrap tree #938, logLikelihood: -2357.765074
[00:08:07] Bootstrap tree #939, logLikelihood: -2390.907964
[00:08:07] Bootstrap tree #940, logLikelihood: -2452.130373
[00:08:08] Bootstrap tree #941, logLikelihood: -2427.206838
[00:08:09] Bootstrap tree #942, logLikelihood: -2452.726876
[00:08:09] Bootstrap tree #943, logLikelihood: -2430.555868
[00:08:10] Bootstrap tree #944, logLikelihood: -2414.683653
[00:08:10] Bootstrap tree #945, logLikelihood: -2499.189463
[00:08:11] Bootstrap tree #946, logLikelihood: -2504.174306
[00:08:11] Bootstrap tree #947, logLikelihood: -2384.844143
[00:08:12] Bootstrap tree #948, logLikelihood: -2418.511598
[00:08:12] Bootstrap tree #949, logLikelihood: -2482.331948
[00:08:13] Bootstrap tree #950, logLikelihood: -2423.002095
[00:08:13] Bootstrap tree #951, logLikelihood: -2422.199583
[00:08:14] Bootstrap tree #952, logLikelihood: -2457.566431
[00:08:14] Bootstrap tree #953, logLikelihood: -2406.404948
[00:08:15] Bootstrap tree #954, logLikelihood: -2337.934949
[00:08:16] Bootstrap tree #955, logLikelihood: -2461.200664
[00:08:16] Bootstrap tree #956, logLikelihood: -2379.431943
[00:08:17] Bootstrap tree #957, logLikelihood: -2343.931570
[00:08:17] Bootstrap tree #958, logLikelihood: -2507.165275
[00:08:18] Bootstrap tree #959, logLikelihood: -2493.945918
[00:08:19] Bootstrap tree #960, logLikelihood: -2449.473830
[00:08:19] Bootstrap tree #961, logLikelihood: -2348.792406
[00:08:20] Bootstrap tree #962, logLikelihood: -2405.581858
[00:08:20] Bootstrap tree #963, logLikelihood: -2506.012615
[00:08:21] Bootstrap tree #964, logLikelihood: -2455.694882
[00:08:21] Bootstrap tree #965, logLikelihood: -2444.181722
[00:08:22] Bootstrap tree #966, logLikelihood: -2469.853118
[00:08:22] Bootstrap tree #967, logLikelihood: -2435.671639
[00:08:23] Bootstrap tree #968, logLikelihood: -2455.911732
[00:08:24] Bootstrap tree #969, logLikelihood: -2493.344191
[00:08:24] Bootstrap tree #970, logLikelihood: -2395.378369
[00:08:25] Bootstrap tree #971, logLikelihood: -2460.640844
[00:08:25] Bootstrap tree #972, logLikelihood: -2384.382027
[00:08:26] Bootstrap tree #973, logLikelihood: -2388.910398
[00:08:26] Bootstrap tree #974, logLikelihood: -2511.143167
[00:08:27] Bootstrap tree #975, logLikelihood: -2459.747443
[00:08:27] Bootstrap tree #976, logLikelihood: -2430.421570
[00:08:28] Bootstrap tree #977, logLikelihood: -2439.098490
[00:08:28] Bootstrap tree #978, logLikelihood: -2425.896795
[00:08:29] Bootstrap tree #979, logLikelihood: -2458.195015
[00:08:29] Bootstrap tree #980, logLikelihood: -2486.290524
[00:08:30] Bootstrap tree #981, logLikelihood: -2435.569736
[00:08:30] Bootstrap tree #982, logLikelihood: -2499.094177
[00:08:31] Bootstrap tree #983, logLikelihood: -2379.679507
[00:08:31] Bootstrap tree #984, logLikelihood: -2369.612054
[00:08:32] Bootstrap tree #985, logLikelihood: -2408.964752
[00:08:33] Bootstrap tree #986, logLikelihood: -2441.662545
[00:08:33] Bootstrap tree #987, logLikelihood: -2425.509734
[00:08:34] Bootstrap tree #988, logLikelihood: -2468.293459
[00:08:34] Bootstrap tree #989, logLikelihood: -2423.741571
[00:08:35] Bootstrap tree #990, logLikelihood: -2447.295479
[00:08:36] Bootstrap tree #991, logLikelihood: -2405.534765
[00:08:36] Bootstrap tree #992, logLikelihood: -2455.571780
[00:08:37] Bootstrap tree #993, logLikelihood: -2488.955409
[00:08:37] Bootstrap tree #994, logLikelihood: -2437.468743
[00:08:38] Bootstrap tree #995, logLikelihood: -2443.417386
[00:08:39] Bootstrap tree #996, logLikelihood: -2402.860163
[00:08:39] Bootstrap tree #997, logLikelihood: -2444.100767
[00:08:40] Bootstrap tree #998, logLikelihood: -2460.678299
[00:08:40] Bootstrap tree #999, logLikelihood: -2403.637589
[00:08:41] Bootstrap tree #1000, logLikelihood: -2502.835902

Optimized model parameters:

   Partition 0: noname
   Rate heterogeneity: NONE
   Base frequencies (model): 0.250000 0.250000 0.250000 0.250000 
   Substitution rates (model): 1.000000 1.000000 1.000000 1.000000 1.000000 1.000000 

Final LogLikelihood: -2453.870996

All ML trees saved to: /home/echen_mb18/Project_1/6_Tree/JC/filtered/all_variants_trimal.mfa.raxml.mlTrees
Best ML tree saved to: /home/echen_mb18/Project_1/6_Tree/JC/filtered/all_variants_trimal.mfa.raxml.bestTree
Best ML tree with bootstrap support values saved to: /home/echen_mb18/Project_1/6_Tree/JC/filtered/all_variants_trimal.mfa.raxml.support
Optimized model saved to: /home/echen_mb18/Project_1/6_Tree/JC/filtered/all_variants_trimal.mfa.raxml.bestModel
Bootstrap trees saved to: /home/echen_mb18/Project_1/6_Tree/JC/filtered/all_variants_trimal.mfa.raxml.bootstraps

Execution log saved to: /home/echen_mb18/Project_1/6_Tree/JC/filtered/all_variants_trimal.mfa.raxml.log

Analysis started: 28-Oct-2018 06:40:25 / finished: 28-Oct-2018 06:49:06

Elapsed time: 521.299 seconds

